[0.245s] [34mcolcon[0m [1;30mDEBUG[0m [32mCommand line arguments: ['/home/luqo/miniforge3/envs/ros_env/bin/colcon', 'build'][0m
[0.245s] [34mcolcon[0m [1;30mDEBUG[0m [32mParsed command line arguments: Namespace(log_base=None, log_level=None, verb_name='build', build_base='build', install_base='install', merge_install=False, symlink_install=False, test_result_base=None, continue_on_error=False, executor='parallel', parallel_workers=8, event_handlers=None, ignore_user_meta=False, metas=['./colcon.meta'], base_paths=['.'], packages_ignore=None, packages_ignore_regex=None, paths=None, packages_up_to=None, packages_up_to_regex=None, packages_above=None, packages_above_and_dependencies=None, packages_above_depth=None, packages_select_by_dep=None, packages_skip_by_dep=None, packages_skip_up_to=None, packages_select_build_failed=False, packages_skip_build_finished=False, packages_select_test_failures=False, packages_skip_test_passed=False, packages_select=None, packages_skip=None, packages_select_regex=None, packages_skip_regex=None, packages_start=None, packages_end=None, cmake_args=None, cmake_target=None, cmake_target_skip_unavailable=False, cmake_clean_cache=False, cmake_clean_first=False, cmake_force_configure=False, ament_cmake_args=None, catkin_cmake_args=None, catkin_skip_building_tests=False, verb_parser=<colcon_defaults.argument_parser.defaults.DefaultArgumentsDecorator object at 0x790ce5193590>, verb_extension=<colcon_core.verb.build.BuildVerb object at 0x790ce453a690>, main=<bound method BuildVerb.main of <colcon_core.verb.build.BuildVerb object at 0x790ce453a690>>)[0m
[0.309s] [34mcolcon.colcon_core.package_discovery[0m [1;30mLevel 1[0m discover_packages(colcon_meta) check parameters
[0.310s] [34mcolcon.colcon_core.package_discovery[0m [1;30mLevel 1[0m discover_packages(recursive) check parameters
[0.310s] [34mcolcon.colcon_core.package_discovery[0m [1;30mLevel 1[0m discover_packages(ignore) check parameters
[0.310s] [34mcolcon.colcon_core.package_discovery[0m [1;30mLevel 1[0m discover_packages(path) check parameters
[0.310s] [34mcolcon.colcon_core.package_discovery[0m [1;30mLevel 1[0m discover_packages(colcon_meta) discover
[0.310s] [34mcolcon.colcon_core.package_discovery[0m [1;30mLevel 1[0m discover_packages(recursive) discover
[0.310s] [34mcolcon.colcon_core.package_discovery[0m [1;30mINFO[0m Crawling recursively for packages in '/home/luqo/Documents/Robotica/TPs/Robotica-TP6/turtlebot3_custom_simulation'
[0.310s] [34mcolcon.colcon_core.package_identification[0m [1;30mLevel 1[0m _identify(.) by extensions ['ignore', 'ignore_ament_install']
[0.311s] [34mcolcon.colcon_core.package_identification[0m [1;30mLevel 1[0m _identify(.) by extension 'ignore'
[0.311s] [34mcolcon.colcon_core.package_identification[0m [1;30mLevel 1[0m _identify(.) by extension 'ignore_ament_install'
[0.311s] [34mcolcon.colcon_core.package_identification[0m [1;30mLevel 1[0m _identify(.) by extensions ['colcon_pkg']
[0.311s] [34mcolcon.colcon_core.package_identification[0m [1;30mLevel 1[0m _identify(.) by extension 'colcon_pkg'
[0.311s] [34mcolcon.colcon_core.package_identification[0m [1;30mLevel 1[0m _identify(.) by extensions ['colcon_meta']
[0.311s] [34mcolcon.colcon_core.package_identification[0m [1;30mLevel 1[0m _identify(.) by extension 'colcon_meta'
[0.311s] [34mcolcon.colcon_core.package_identification[0m [1;30mLevel 1[0m _identify(.) by extensions ['ros']
[0.311s] [34mcolcon.colcon_core.package_identification[0m [1;30mLevel 1[0m _identify(.) by extension 'ros'
[0.361s] [34mcolcon.colcon_core.package_identification[0m [1;30mDEBUG[0m [32mPackage '.' with type 'ros.ament_cmake' and name 'turtlebot3_custom_simulation'[0m
[0.361s] [34mcolcon.colcon_core.package_discovery[0m [1;30mLevel 1[0m discover_packages(recursive) using defaults
[0.362s] [34mcolcon.colcon_core.package_discovery[0m [1;30mLevel 1[0m discover_packages(ignore) discover
[0.362s] [34mcolcon.colcon_core.package_discovery[0m [1;30mLevel 1[0m discover_packages(ignore) using defaults
[0.362s] [34mcolcon.colcon_core.package_discovery[0m [1;30mLevel 1[0m discover_packages(path) discover
[0.362s] [34mcolcon.colcon_core.package_discovery[0m [1;30mLevel 1[0m discover_packages(path) using defaults
[0.395s] [34mcolcon.colcon_core.verb[0m [1;30mLevel 5[0m set package 'turtlebot3_custom_simulation' build argument 'cmake_args' from command line to 'None'
[0.395s] [34mcolcon.colcon_core.verb[0m [1;30mLevel 5[0m set package 'turtlebot3_custom_simulation' build argument 'cmake_target' from command line to 'None'
[0.395s] [34mcolcon.colcon_core.verb[0m [1;30mLevel 5[0m set package 'turtlebot3_custom_simulation' build argument 'cmake_target_skip_unavailable' from command line to 'False'
[0.395s] [34mcolcon.colcon_core.verb[0m [1;30mLevel 5[0m set package 'turtlebot3_custom_simulation' build argument 'cmake_clean_cache' from command line to 'False'
[0.395s] [34mcolcon.colcon_core.verb[0m [1;30mLevel 5[0m set package 'turtlebot3_custom_simulation' build argument 'cmake_clean_first' from command line to 'False'
[0.395s] [34mcolcon.colcon_core.verb[0m [1;30mLevel 5[0m set package 'turtlebot3_custom_simulation' build argument 'cmake_force_configure' from command line to 'False'
[0.395s] [34mcolcon.colcon_core.verb[0m [1;30mLevel 5[0m set package 'turtlebot3_custom_simulation' build argument 'ament_cmake_args' from command line to 'None'
[0.395s] [34mcolcon.colcon_core.verb[0m [1;30mLevel 5[0m set package 'turtlebot3_custom_simulation' build argument 'catkin_cmake_args' from command line to 'None'
[0.396s] [34mcolcon.colcon_core.verb[0m [1;30mLevel 5[0m set package 'turtlebot3_custom_simulation' build argument 'catkin_skip_building_tests' from command line to 'False'
[0.396s] [34mcolcon.colcon_core.verb[0m [1;30mDEBUG[0m [32mBuilding package 'turtlebot3_custom_simulation' with the following arguments: {'ament_cmake_args': None, 'build_base': '/home/luqo/Documents/Robotica/TPs/Robotica-TP6/turtlebot3_custom_simulation/build/turtlebot3_custom_simulation', 'catkin_cmake_args': None, 'catkin_skip_building_tests': False, 'cmake_args': None, 'cmake_clean_cache': False, 'cmake_clean_first': False, 'cmake_force_configure': False, 'cmake_target': None, 'cmake_target_skip_unavailable': False, 'install_base': '/home/luqo/Documents/Robotica/TPs/Robotica-TP6/turtlebot3_custom_simulation/install/turtlebot3_custom_simulation', 'merge_install': False, 'path': '/home/luqo/Documents/Robotica/TPs/Robotica-TP6/turtlebot3_custom_simulation', 'symlink_install': False, 'test_result_base': None}[0m
[0.396s] [34mcolcon.colcon_core.executor[0m [1;30mINFO[0m Executing jobs using 'parallel' executor
[0.398s] [34mcolcon.colcon_parallel_executor.executor.parallel[0m [1;30mDEBUG[0m [32mrun_until_complete[0m
[0.399s] [34mcolcon.colcon_ros.task.ament_cmake.build[0m [1;30mINFO[0m Building ROS package in '/home/luqo/Documents/Robotica/TPs/Robotica-TP6/turtlebot3_custom_simulation' with build type 'ament_cmake'
[0.399s] [34mcolcon.colcon_cmake.task.cmake.build[0m [1;30mINFO[0m Building CMake package in '/home/luqo/Documents/Robotica/TPs/Robotica-TP6/turtlebot3_custom_simulation'
[0.402s] [34mcolcon.colcon_core.plugin_system[0m [1;30mINFO[0m Skipping extension 'colcon_core.shell.bat': Not used on non-Windows systems
[0.403s] [34mcolcon.colcon_core.shell[0m [1;30mINFO[0m Skip shell extension 'powershell' for command environment: Not usable outside of PowerShell
[0.403s] [34mcolcon.colcon_core.shell[0m [1;30mDEBUG[0m [32mSkip shell extension 'dsv' for command environment[0m
[0.425s] [34mcolcon.colcon_core.event_handler.log_command[0m [1;30mDEBUG[0m [32mInvoking command in '/home/luqo/Documents/Robotica/TPs/Robotica-TP6/turtlebot3_custom_simulation/build/turtlebot3_custom_simulation': CONDA_PROMPT_MODIFIER=(ros_env) /home/luqo/miniforge3/envs/ros_env/bin/cmake --build /home/luqo/Documents/Robotica/TPs/Robotica-TP6/turtlebot3_custom_simulation/build/turtlebot3_custom_simulation -- -j8 -l8[0m
[0.546s] [34mcolcon.colcon_core.event_handler.log_command[0m [1;30mDEBUG[0m [32mInvoked command in '/home/luqo/Documents/Robotica/TPs/Robotica-TP6/turtlebot3_custom_simulation/build/turtlebot3_custom_simulation' returned '0': CONDA_PROMPT_MODIFIER=(ros_env) /home/luqo/miniforge3/envs/ros_env/bin/cmake --build /home/luqo/Documents/Robotica/TPs/Robotica-TP6/turtlebot3_custom_simulation/build/turtlebot3_custom_simulation -- -j8 -l8[0m
[0.614s] [34mcolcon.colcon_core.event_handler.log_command[0m [1;30mDEBUG[0m [32mInvoking command in '/home/luqo/Documents/Robotica/TPs/Robotica-TP6/turtlebot3_custom_simulation/build/turtlebot3_custom_simulation': CONDA_PROMPT_MODIFIER=(ros_env) /home/luqo/miniforge3/envs/ros_env/bin/cmake --install /home/luqo/Documents/Robotica/TPs/Robotica-TP6/turtlebot3_custom_simulation/build/turtlebot3_custom_simulation[0m
[0.639s] [34mcolcon.colcon_core.environment[0m [1;30mLevel 1[0m create_environment_scripts_only(turtlebot3_custom_simulation)
[0.640s] [34mcolcon.colcon_core.event_handler.log_command[0m [1;30mDEBUG[0m [32mInvoked command in '/home/luqo/Documents/Robotica/TPs/Robotica-TP6/turtlebot3_custom_simulation/build/turtlebot3_custom_simulation' returned '0': CONDA_PROMPT_MODIFIER=(ros_env) /home/luqo/miniforge3/envs/ros_env/bin/cmake --install /home/luqo/Documents/Robotica/TPs/Robotica-TP6/turtlebot3_custom_simulation/build/turtlebot3_custom_simulation[0m
[0.643s] [34mcolcon.colcon_core.environment[0m [1;30mLevel 1[0m checking '/home/luqo/Documents/Robotica/TPs/Robotica-TP6/turtlebot3_custom_simulation/install/turtlebot3_custom_simulation' for CMake module files
[0.644s] [34mcolcon.colcon_core.environment[0m [1;30mLevel 1[0m checking '/home/luqo/Documents/Robotica/TPs/Robotica-TP6/turtlebot3_custom_simulation/install/turtlebot3_custom_simulation' for CMake config files
[0.645s] [34mcolcon.colcon_core.shell[0m [1;30mLevel 1[0m create_environment_hook('turtlebot3_custom_simulation', 'cmake_prefix_path')
[0.645s] [34mcolcon.colcon_core.shell[0m [1;30mINFO[0m Creating environment hook '/home/luqo/Documents/Robotica/TPs/Robotica-TP6/turtlebot3_custom_simulation/install/turtlebot3_custom_simulation/share/turtlebot3_custom_simulation/hook/cmake_prefix_path.ps1'
[0.646s] [34mcolcon.colcon_core.shell[0m [1;30mINFO[0m Creating environment descriptor '/home/luqo/Documents/Robotica/TPs/Robotica-TP6/turtlebot3_custom_simulation/install/turtlebot3_custom_simulation/share/turtlebot3_custom_simulation/hook/cmake_prefix_path.dsv'
[0.647s] [34mcolcon.colcon_core.shell[0m [1;30mINFO[0m Creating environment hook '/home/luqo/Documents/Robotica/TPs/Robotica-TP6/turtlebot3_custom_simulation/install/turtlebot3_custom_simulation/share/turtlebot3_custom_simulation/hook/cmake_prefix_path.sh'
[0.649s] [34mcolcon.colcon_core.environment[0m [1;30mLevel 1[0m checking '/home/luqo/Documents/Robotica/TPs/Robotica-TP6/turtlebot3_custom_simulation/install/turtlebot3_custom_simulation/lib'
[0.649s] [34mcolcon.colcon_core.environment[0m [1;30mLevel 1[0m checking '/home/luqo/Documents/Robotica/TPs/Robotica-TP6/turtlebot3_custom_simulation/install/turtlebot3_custom_simulation/bin'
[0.649s] [34mcolcon.colcon_core.environment[0m [1;30mLevel 1[0m checking '/home/luqo/Documents/Robotica/TPs/Robotica-TP6/turtlebot3_custom_simulation/install/turtlebot3_custom_simulation/lib/pkgconfig/turtlebot3_custom_simulation.pc'
[0.651s] [34mcolcon.colcon_core.environment[0m [1;30mLevel 1[0m checking '/home/luqo/Documents/Robotica/TPs/Robotica-TP6/turtlebot3_custom_simulation/install/turtlebot3_custom_simulation/lib/python3.11/site-packages'
[0.651s] [34mcolcon.colcon_core.environment[0m [1;30mLevel 1[0m checking '/home/luqo/Documents/Robotica/TPs/Robotica-TP6/turtlebot3_custom_simulation/install/turtlebot3_custom_simulation/bin'
[0.652s] [34mcolcon.colcon_core.shell[0m [1;30mINFO[0m Creating package script '/home/luqo/Documents/Robotica/TPs/Robotica-TP6/turtlebot3_custom_simulation/install/turtlebot3_custom_simulation/share/turtlebot3_custom_simulation/package.ps1'
[0.654s] [34mcolcon.colcon_core.shell[0m [1;30mINFO[0m Creating package descriptor '/home/luqo/Documents/Robotica/TPs/Robotica-TP6/turtlebot3_custom_simulation/install/turtlebot3_custom_simulation/share/turtlebot3_custom_simulation/package.dsv'
[0.655s] [34mcolcon.colcon_core.shell[0m [1;30mINFO[0m Creating package script '/home/luqo/Documents/Robotica/TPs/Robotica-TP6/turtlebot3_custom_simulation/install/turtlebot3_custom_simulation/share/turtlebot3_custom_simulation/package.sh'
[0.656s] [34mcolcon.colcon_core.shell[0m [1;30mINFO[0m Creating package script '/home/luqo/Documents/Robotica/TPs/Robotica-TP6/turtlebot3_custom_simulation/install/turtlebot3_custom_simulation/share/turtlebot3_custom_simulation/package.bash'
[0.657s] [34mcolcon.colcon_core.shell[0m [1;30mINFO[0m Creating package script '/home/luqo/Documents/Robotica/TPs/Robotica-TP6/turtlebot3_custom_simulation/install/turtlebot3_custom_simulation/share/turtlebot3_custom_simulation/package.zsh'
[0.658s] [34mcolcon.colcon_core.environment[0m [1;30mLevel 1[0m create_file_with_runtime_dependencies(/home/luqo/Documents/Robotica/TPs/Robotica-TP6/turtlebot3_custom_simulation/install/turtlebot3_custom_simulation/share/colcon-core/packages/turtlebot3_custom_simulation)
[0.723s] [34mcolcon.colcon_core.environment[0m [1;30mLevel 1[0m create_environment_scripts_only(turtlebot3_custom_simulation)
[0.724s] [34mcolcon.colcon_core.environment[0m [1;30mLevel 1[0m checking '/home/luqo/Documents/Robotica/TPs/Robotica-TP6/turtlebot3_custom_simulation/install/turtlebot3_custom_simulation' for CMake module files
[0.725s] [34mcolcon.colcon_core.environment[0m [1;30mLevel 1[0m checking '/home/luqo/Documents/Robotica/TPs/Robotica-TP6/turtlebot3_custom_simulation/install/turtlebot3_custom_simulation' for CMake config files
[0.725s] [34mcolcon.colcon_core.shell[0m [1;30mLevel 1[0m create_environment_hook('turtlebot3_custom_simulation', 'cmake_prefix_path')
[0.726s] [34mcolcon.colcon_core.shell[0m [1;30mINFO[0m Creating environment hook '/home/luqo/Documents/Robotica/TPs/Robotica-TP6/turtlebot3_custom_simulation/install/turtlebot3_custom_simulation/share/turtlebot3_custom_simulation/hook/cmake_prefix_path.ps1'
[0.727s] [34mcolcon.colcon_core.shell[0m [1;30mINFO[0m Creating environment descriptor '/home/luqo/Documents/Robotica/TPs/Robotica-TP6/turtlebot3_custom_simulation/install/turtlebot3_custom_simulation/share/turtlebot3_custom_simulation/hook/cmake_prefix_path.dsv'
[0.727s] [34mcolcon.colcon_core.shell[0m [1;30mINFO[0m Creating environment hook '/home/luqo/Documents/Robotica/TPs/Robotica-TP6/turtlebot3_custom_simulation/install/turtlebot3_custom_simulation/share/turtlebot3_custom_simulation/hook/cmake_prefix_path.sh'
[0.728s] [34mcolcon.colcon_core.environment[0m [1;30mLevel 1[0m checking '/home/luqo/Documents/Robotica/TPs/Robotica-TP6/turtlebot3_custom_simulation/install/turtlebot3_custom_simulation/lib'
[0.728s] [34mcolcon.colcon_core.environment[0m [1;30mLevel 1[0m checking '/home/luqo/Documents/Robotica/TPs/Robotica-TP6/turtlebot3_custom_simulation/install/turtlebot3_custom_simulation/bin'
[0.728s] [34mcolcon.colcon_core.environment[0m [1;30mLevel 1[0m checking '/home/luqo/Documents/Robotica/TPs/Robotica-TP6/turtlebot3_custom_simulation/install/turtlebot3_custom_simulation/lib/pkgconfig/turtlebot3_custom_simulation.pc'
[0.729s] [34mcolcon.colcon_core.environment[0m [1;30mLevel 1[0m checking '/home/luqo/Documents/Robotica/TPs/Robotica-TP6/turtlebot3_custom_simulation/install/turtlebot3_custom_simulation/lib/python3.11/site-packages'
[0.729s] [34mcolcon.colcon_core.environment[0m [1;30mLevel 1[0m checking '/home/luqo/Documents/Robotica/TPs/Robotica-TP6/turtlebot3_custom_simulation/install/turtlebot3_custom_simulation/bin'
[0.729s] [34mcolcon.colcon_core.shell[0m [1;30mINFO[0m Creating package script '/home/luqo/Documents/Robotica/TPs/Robotica-TP6/turtlebot3_custom_simulation/install/turtlebot3_custom_simulation/share/turtlebot3_custom_simulation/package.ps1'
[0.730s] [34mcolcon.colcon_core.shell[0m [1;30mINFO[0m Creating package descriptor '/home/luqo/Documents/Robotica/TPs/Robotica-TP6/turtlebot3_custom_simulation/install/turtlebot3_custom_simulation/share/turtlebot3_custom_simulation/package.dsv'
[0.731s] [34mcolcon.colcon_core.shell[0m [1;30mINFO[0m Creating package script '/home/luqo/Documents/Robotica/TPs/Robotica-TP6/turtlebot3_custom_simulation/install/turtlebot3_custom_simulation/share/turtlebot3_custom_simulation/package.sh'
[0.732s] [34mcolcon.colcon_core.shell[0m [1;30mINFO[0m Creating package script '/home/luqo/Documents/Robotica/TPs/Robotica-TP6/turtlebot3_custom_simulation/install/turtlebot3_custom_simulation/share/turtlebot3_custom_simulation/package.bash'
[0.732s] [34mcolcon.colcon_core.shell[0m [1;30mINFO[0m Creating package script '/home/luqo/Documents/Robotica/TPs/Robotica-TP6/turtlebot3_custom_simulation/install/turtlebot3_custom_simulation/share/turtlebot3_custom_simulation/package.zsh'
[0.733s] [34mcolcon.colcon_core.environment[0m [1;30mLevel 1[0m create_file_with_runtime_dependencies(/home/luqo/Documents/Robotica/TPs/Robotica-TP6/turtlebot3_custom_simulation/install/turtlebot3_custom_simulation/share/colcon-core/packages/turtlebot3_custom_simulation)
[0.733s] [34mcolcon.colcon_parallel_executor.executor.parallel[0m [1;30mDEBUG[0m [32mclosing loop[0m
[0.735s] [34mcolcon.colcon_parallel_executor.executor.parallel[0m [1;30mDEBUG[0m [32mloop closed[0m
[0.735s] [34mcolcon.colcon_parallel_executor.executor.parallel[0m [1;30mDEBUG[0m [32mrun_until_complete finished with '0'[0m
[0.735s] [34mcolcon.colcon_core.event_reactor[0m [1;30mDEBUG[0m [32mjoining thread[0m
[0.736s] [34mcolcon.colcon_core.event_reactor[0m [1;30mDEBUG[0m [32mjoined thread[0m
[0.736s] [34mcolcon.colcon_core.shell[0m [1;30mINFO[0m Creating prefix script '/home/luqo/Documents/Robotica/TPs/Robotica-TP6/turtlebot3_custom_simulation/install/local_setup.ps1'
[0.738s] [34mcolcon.colcon_core.shell[0m [1;30mINFO[0m Creating prefix util module '/home/luqo/Documents/Robotica/TPs/Robotica-TP6/turtlebot3_custom_simulation/install/_local_setup_util_ps1.py'
[0.740s] [34mcolcon.colcon_core.shell[0m [1;30mINFO[0m Creating prefix chain script '/home/luqo/Documents/Robotica/TPs/Robotica-TP6/turtlebot3_custom_simulation/install/setup.ps1'
[0.741s] [34mcolcon.colcon_core.shell[0m [1;30mINFO[0m Creating prefix script '/home/luqo/Documents/Robotica/TPs/Robotica-TP6/turtlebot3_custom_simulation/install/local_setup.sh'
[0.742s] [34mcolcon.colcon_core.shell[0m [1;30mINFO[0m Creating prefix util module '/home/luqo/Documents/Robotica/TPs/Robotica-TP6/turtlebot3_custom_simulation/install/_local_setup_util_sh.py'
[0.743s] [34mcolcon.colcon_core.shell[0m [1;30mINFO[0m Creating prefix chain script '/home/luqo/Documents/Robotica/TPs/Robotica-TP6/turtlebot3_custom_simulation/install/setup.sh'
[0.745s] [34mcolcon.colcon_core.shell[0m [1;30mINFO[0m Creating prefix script '/home/luqo/Documents/Robotica/TPs/Robotica-TP6/turtlebot3_custom_simulation/install/local_setup.bash'
[0.745s] [34mcolcon.colcon_core.shell[0m [1;30mINFO[0m Creating prefix chain script '/home/luqo/Documents/Robotica/TPs/Robotica-TP6/turtlebot3_custom_simulation/install/setup.bash'
[0.748s] [34mcolcon.colcon_core.shell[0m [1;30mINFO[0m Creating prefix script '/home/luqo/Documents/Robotica/TPs/Robotica-TP6/turtlebot3_custom_simulation/install/local_setup.zsh'
[0.749s] [34mcolcon.colcon_core.shell[0m [1;30mINFO[0m Creating prefix chain script '/home/luqo/Documents/Robotica/TPs/Robotica-TP6/turtlebot3_custom_simulation/install/setup.zsh'
