[33mCMake Warning (dev) at /home/luqo/miniforge3/envs/ros_env/share/pcl-1.13/PCLConfig.cmake:143 (find_package):
  Policy CMP0144 is not set: find_package uses upper-case <PACKAGENAME>_ROOT
  variables.  Run "cmake --help-policy CMP0144" for policy details.  Use the
  cmake_policy command to set the policy and suppress this warning.

  CMake variable EIGEN_ROOT is set to:

    /home/luqo/miniforge3/envs/ros_env/include/eigen3

  For compatibility, find_package is ignoring the variable, but code in a
  .cmake module might still use it.
Call Stack (most recent call first):
  /home/luqo/miniforge3/envs/ros_env/share/pcl-1.13/PCLConfig.cmake:296 (find_eigen)
  /home/luqo/miniforge3/envs/ros_env/share/pcl-1.13/PCLConfig.cmake:549 (find_external_library)
  CMakeLists.txt:22 (find_package)
This warning is for project developers.  Use -Wno-dev to suppress it.
[0m
[33mCMake Warning (dev) at /home/luqo/miniforge3/envs/ros_env/share/pcl-1.13/Modules/FindFLANN.cmake:45 (find_package):
  Policy CMP0144 is not set: find_package uses upper-case <PACKAGENAME>_ROOT
  variables.  Run "cmake --help-policy CMP0144" for policy details.  Use the
  cmake_policy command to set the policy and suppress this warning.

  CMake variable FLANN_ROOT is set to:

    /home/luqo/miniforge3/envs/ros_env

  For compatibility, find_package is ignoring the variable, but code in a
  .cmake module might still use it.
Call Stack (most recent call first):
  /home/luqo/miniforge3/envs/ros_env/share/pcl-1.13/PCLConfig.cmake:253 (find_package)
  /home/luqo/miniforge3/envs/ros_env/share/pcl-1.13/PCLConfig.cmake:298 (find_flann)
  /home/luqo/miniforge3/envs/ros_env/share/pcl-1.13/PCLConfig.cmake:549 (find_external_library)
  CMakeLists.txt:22 (find_package)
This warning is for project developers.  Use -Wno-dev to suppress it.
[0m
/home/luqo/miniforge3/envs/ros_env/bin/../lib/gcc/x86_64-conda-linux-gnu/14.3.0/../../../../x86_64-conda-linux-gnu/bin/ld: /home/luqo/miniforge3/envs/ros_env/lib/libnav_msgs__rosidl_generator_py.so: undefined reference to `_Py_Dealloc'
/home/luqo/miniforge3/envs/ros_env/bin/../lib/gcc/x86_64-conda-linux-gnu/14.3.0/../../../../x86_64-conda-linux-gnu/bin/ld: /home/luqo/miniforge3/envs/ros_env/lib/libnav_msgs__rosidl_generator_py.so: undefined reference to `PyExc_RuntimeError'
/home/luqo/miniforge3/envs/ros_env/bin/../lib/gcc/x86_64-conda-linux-gnu/14.3.0/../../../../x86_64-conda-linux-gnu/bin/ld: /home/luqo/miniforge3/envs/ros_env/lib/libnav_msgs__rosidl_generator_py.so: undefined reference to `PyList_SetItem'
/home/luqo/miniforge3/envs/ros_env/bin/../lib/gcc/x86_64-conda-linux-gnu/14.3.0/../../../../x86_64-conda-linux-gnu/bin/ld: /home/luqo/miniforge3/envs/ros_env/lib/libnav_msgs__rosidl_generator_py.so: undefined reference to `PyBuffer_Release'
/home/luqo/miniforge3/envs/ros_env/bin/../lib/gcc/x86_64-conda-linux-gnu/14.3.0/../../../../x86_64-conda-linux-gnu/bin/ld: /home/luqo/miniforge3/envs/ros_env/lib/libnav_msgs__rosidl_generator_py.so: undefined reference to `PyFloat_FromDouble'
/home/luqo/miniforge3/envs/ros_env/bin/../lib/gcc/x86_64-conda-linux-gnu/14.3.0/../../../../x86_64-conda-linux-gnu/bin/ld: /home/luqo/miniforge3/envs/ros_env/lib/libstd_msgs__rosidl_generator_py.so: undefined reference to `PyLong_AsLongLong'
/home/luqo/miniforge3/envs/ros_env/bin/../lib/gcc/x86_64-conda-linux-gnu/14.3.0/../../../../x86_64-conda-linux-gnu/bin/ld: /home/luqo/miniforge3/envs/ros_env/lib/libnav_msgs__rosidl_generator_py.so: undefined reference to `PyObject_Size'
/home/luqo/miniforge3/envs/ros_env/bin/../lib/gcc/x86_64-conda-linux-gnu/14.3.0/../../../../x86_64-conda-linux-gnu/bin/ld: /home/luqo/miniforge3/envs/ros_env/lib/libnav_msgs__rosidl_generator_py.so: undefined reference to `PyBuffer_ToContiguous'
/home/luqo/miniforge3/envs/ros_env/bin/../lib/gcc/x86_64-conda-linux-gnu/14.3.0/../../../../x86_64-conda-linux-gnu/bin/ld: /home/luqo/miniforge3/envs/ros_env/lib/libnav_msgs__rosidl_generator_py.so: undefined reference to `PyObject_CallFunctionObjArgs'
/home/luqo/miniforge3/envs/ros_env/bin/../lib/gcc/x86_64-conda-linux-gnu/14.3.0/../../../../x86_64-conda-linux-gnu/bin/ld: /home/luqo/miniforge3/envs/ros_env/lib/libnav_msgs__rosidl_generator_py.so: undefined reference to `PyBytes_FromStringAndSize'
/home/luqo/miniforge3/envs/ros_env/bin/../lib/gcc/x86_64-conda-linux-gnu/14.3.0/../../../../x86_64-conda-linux-gnu/bin/ld: /home/luqo/miniforge3/envs/ros_env/lib/libnav_msgs__rosidl_generator_py.so: undefined reference to `PyErr_SetString'
/home/luqo/miniforge3/envs/ros_env/bin/../lib/gcc/x86_64-conda-linux-gnu/14.3.0/../../../../x86_64-conda-linux-gnu/bin/ld: /home/luqo/miniforge3/envs/ros_env/lib/libstd_msgs__rosidl_generator_py.so: undefined reference to `PyLong_FromUnsignedLongLong'
/home/luqo/miniforge3/envs/ros_env/bin/../lib/gcc/x86_64-conda-linux-gnu/14.3.0/../../../../x86_64-conda-linux-gnu/bin/ld: /home/luqo/miniforge3/envs/ros_env/lib/libnav_msgs__rosidl_generator_py.so: undefined reference to `PyBool_FromLong'
/home/luqo/miniforge3/envs/ros_env/bin/../lib/gcc/x86_64-conda-linux-gnu/14.3.0/../../../../x86_64-conda-linux-gnu/bin/ld: /home/luqo/miniforge3/envs/ros_env/lib/libnav_msgs__rosidl_generator_py.so: undefined reference to `PyLong_AsLong'
/home/luqo/miniforge3/envs/ros_env/bin/../lib/gcc/x86_64-conda-linux-gnu/14.3.0/../../../../x86_64-conda-linux-gnu/bin/ld: /home/luqo/miniforge3/envs/ros_env/lib/libnav_msgs__rosidl_generator_py.so: undefined reference to `_Py_TrueStruct'
/home/luqo/miniforge3/envs/ros_env/bin/../lib/gcc/x86_64-conda-linux-gnu/14.3.0/../../../../x86_64-conda-linux-gnu/bin/ld: /home/luqo/miniforge3/envs/ros_env/lib/libstd_msgs__rosidl_generator_py.so: undefined reference to `PyLong_FromLongLong'
/home/luqo/miniforge3/envs/ros_env/bin/../lib/gcc/x86_64-conda-linux-gnu/14.3.0/../../../../x86_64-conda-linux-gnu/bin/ld: /home/luqo/miniforge3/envs/ros_env/lib/libnav_msgs__rosidl_generator_py.so: undefined reference to `PyObject_GetAttrString'
/home/luqo/miniforge3/envs/ros_env/bin/../lib/gcc/x86_64-conda-linux-gnu/14.3.0/../../../../x86_64-conda-linux-gnu/bin/ld: /home/luqo/miniforge3/envs/ros_env/lib/libnav_msgs__rosidl_generator_py.so: undefined reference to `PyObject_CheckBuffer'
/home/luqo/miniforge3/envs/ros_env/bin/../lib/gcc/x86_64-conda-linux-gnu/14.3.0/../../../../x86_64-conda-linux-gnu/bin/ld: /home/luqo/miniforge3/envs/ros_env/lib/libsensor_msgs__rosidl_generator_py.so: undefined reference to `PyLong_FromLong'
/home/luqo/miniforge3/envs/ros_env/bin/../lib/gcc/x86_64-conda-linux-gnu/14.3.0/../../../../x86_64-conda-linux-gnu/bin/ld: /home/luqo/miniforge3/envs/ros_env/lib/libnav_msgs__rosidl_generator_py.so: undefined reference to `PyObject_SetAttrString'
/home/luqo/miniforge3/envs/ros_env/bin/../lib/gcc/x86_64-conda-linux-gnu/14.3.0/../../../../x86_64-conda-linux-gnu/bin/ld: /home/luqo/miniforge3/envs/ros_env/lib/libnav_msgs__rosidl_generator_py.so: undefined reference to `PyUnicode_DecodeUTF8'
/home/luqo/miniforge3/envs/ros_env/bin/../lib/gcc/x86_64-conda-linux-gnu/14.3.0/../../../../x86_64-conda-linux-gnu/bin/ld: /home/luqo/miniforge3/envs/ros_env/lib/libnav_msgs__rosidl_generator_py.so: undefined reference to `PyObject_GetBuffer'
/home/luqo/miniforge3/envs/ros_env/bin/../lib/gcc/x86_64-conda-linux-gnu/14.3.0/../../../../x86_64-conda-linux-gnu/bin/ld: /home/luqo/miniforge3/envs/ros_env/lib/libstd_msgs__rosidl_generator_py.so: undefined reference to `PyLong_AsUnsignedLongLong'
/home/luqo/miniforge3/envs/ros_env/bin/../lib/gcc/x86_64-conda-linux-gnu/14.3.0/../../../../x86_64-conda-linux-gnu/bin/ld: /home/luqo/miniforge3/envs/ros_env/lib/libnav_msgs__rosidl_generator_py.so: undefined reference to `PyLong_AsUnsignedLong'
/home/luqo/miniforge3/envs/ros_env/bin/../lib/gcc/x86_64-conda-linux-gnu/14.3.0/../../../../x86_64-conda-linux-gnu/bin/ld: /home/luqo/miniforge3/envs/ros_env/lib/libnav_msgs__rosidl_generator_py.so: undefined reference to `PySequence_Size'
/home/luqo/miniforge3/envs/ros_env/bin/../lib/gcc/x86_64-conda-linux-gnu/14.3.0/../../../../x86_64-conda-linux-gnu/bin/ld: /home/luqo/miniforge3/envs/ros_env/lib/libnav_msgs__rosidl_generator_py.so: undefined reference to `PySequence_Fast'
/home/luqo/miniforge3/envs/ros_env/bin/../lib/gcc/x86_64-conda-linux-gnu/14.3.0/../../../../x86_64-conda-linux-gnu/bin/ld: /home/luqo/miniforge3/envs/ros_env/lib/libnav_msgs__rosidl_generator_py.so: undefined reference to `PyUnicode_AsUTF8String'
/home/luqo/miniforge3/envs/ros_env/bin/../lib/gcc/x86_64-conda-linux-gnu/14.3.0/../../../../x86_64-conda-linux-gnu/bin/ld: /home/luqo/miniforge3/envs/ros_env/lib/libnav_msgs__rosidl_generator_py.so: undefined reference to `PyImport_ImportModule'
/home/luqo/miniforge3/envs/ros_env/bin/../lib/gcc/x86_64-conda-linux-gnu/14.3.0/../../../../x86_64-conda-linux-gnu/bin/ld: /home/luqo/miniforge3/envs/ros_env/lib/libnav_msgs__rosidl_generator_py.so: undefined reference to `PyObject_CallObject'
/home/luqo/miniforge3/envs/ros_env/bin/../lib/gcc/x86_64-conda-linux-gnu/14.3.0/../../../../x86_64-conda-linux-gnu/bin/ld: /home/luqo/miniforge3/envs/ros_env/lib/libnav_msgs__rosidl_generator_py.so: undefined reference to `PyLong_AsSize_t'
/home/luqo/miniforge3/envs/ros_env/bin/../lib/gcc/x86_64-conda-linux-gnu/14.3.0/../../../../x86_64-conda-linux-gnu/bin/ld: /home/luqo/miniforge3/envs/ros_env/lib/libnav_msgs__rosidl_generator_py.so: undefined reference to `PyList_New'
/home/luqo/miniforge3/envs/ros_env/bin/../lib/gcc/x86_64-conda-linux-gnu/14.3.0/../../../../x86_64-conda-linux-gnu/bin/ld: /home/luqo/miniforge3/envs/ros_env/lib/libnav_msgs__rosidl_generator_py.so: undefined reference to `PyLong_FromUnsignedLong'
collect2: error: ld returned 1 exit status
gmake[2]: *** [CMakeFiles/icp_localizer.dir/build.make:325: icp_localizer] Error 1
gmake[1]: *** [CMakeFiles/Makefile2:137: CMakeFiles/icp_localizer.dir/all] Error 2
gmake: *** [Makefile:146: all] Error 2
