[0.025s] Invoking command in '/home/luqo/Documents/Robotica/TPs/Robotica-TP6/build/turtlebot3_icp_localization': CONDA_PROMPT_MODIFIER=(ros_env) /home/luqo/miniforge3/envs/ros_env/bin/cmake --build /home/luqo/Documents/Robotica/TPs/Robotica-TP6/build/turtlebot3_icp_localization -- -j8 -l8
[0.167s] [ 50%] [32m[1mLinking CXX executable icp_localizer[0m
[4.308s] /home/luqo/miniforge3/envs/ros_env/bin/../lib/gcc/x86_64-conda-linux-gnu/14.3.0/../../../../x86_64-conda-linux-gnu/bin/ld: /home/luqo/miniforge3/envs/ros_env/lib/libnav_msgs__rosidl_generator_py.so: undefined reference to `_Py_Dealloc'
[4.313s] /home/luqo/miniforge3/envs/ros_env/bin/../lib/gcc/x86_64-conda-linux-gnu/14.3.0/../../../../x86_64-conda-linux-gnu/bin/ld: /home/luqo/miniforge3/envs/ros_env/lib/libnav_msgs__rosidl_generator_py.so: undefined reference to `PyExc_RuntimeError'
[4.324s] /home/luqo/miniforge3/envs/ros_env/bin/../lib/gcc/x86_64-conda-linux-gnu/14.3.0/../../../../x86_64-conda-linux-gnu/bin/ld: /home/luqo/miniforge3/envs/ros_env/lib/libnav_msgs__rosidl_generator_py.so: undefined reference to `PyList_SetItem'
[4.326s] /home/luqo/miniforge3/envs/ros_env/bin/../lib/gcc/x86_64-conda-linux-gnu/14.3.0/../../../../x86_64-conda-linux-gnu/bin/ld: /home/luqo/miniforge3/envs/ros_env/lib/libnav_msgs__rosidl_generator_py.so: undefined reference to `PyBuffer_Release'
[4.329s] /home/luqo/miniforge3/envs/ros_env/bin/../lib/gcc/x86_64-conda-linux-gnu/14.3.0/../../../../x86_64-conda-linux-gnu/bin/ld: /home/luqo/miniforge3/envs/ros_env/lib/libnav_msgs__rosidl_generator_py.so: undefined reference to `PyFloat_FromDouble'
[4.334s] /home/luqo/miniforge3/envs/ros_env/bin/../lib/gcc/x86_64-conda-linux-gnu/14.3.0/../../../../x86_64-conda-linux-gnu/bin/ld: /home/luqo/miniforge3/envs/ros_env/lib/libstd_msgs__rosidl_generator_py.so: undefined reference to `PyLong_AsLongLong'
[4.334s] /home/luqo/miniforge3/envs/ros_env/bin/../lib/gcc/x86_64-conda-linux-gnu/14.3.0/../../../../x86_64-conda-linux-gnu/bin/ld: /home/luqo/miniforge3/envs/ros_env/lib/libnav_msgs__rosidl_generator_py.so: undefined reference to `PyObject_Size'
[4.340s] /home/luqo/miniforge3/envs/ros_env/bin/../lib/gcc/x86_64-conda-linux-gnu/14.3.0/../../../../x86_64-conda-linux-gnu/bin/ld: /home/luqo/miniforge3/envs/ros_env/lib/libnav_msgs__rosidl_generator_py.so: undefined reference to `PyBuffer_ToContiguous'
[4.341s] /home/luqo/miniforge3/envs/ros_env/bin/../lib/gcc/x86_64-conda-linux-gnu/14.3.0/../../../../x86_64-conda-linux-gnu/bin/ld: /home/luqo/miniforge3/envs/ros_env/lib/libnav_msgs__rosidl_generator_py.so: undefined reference to `PyObject_CallFunctionObjArgs'
[4.345s] /home/luqo/miniforge3/envs/ros_env/bin/../lib/gcc/x86_64-conda-linux-gnu/14.3.0/../../../../x86_64-conda-linux-gnu/bin/ld: /home/luqo/miniforge3/envs/ros_env/lib/libnav_msgs__rosidl_generator_py.so: undefined reference to `PyBytes_FromStringAndSize'
[4.354s] /home/luqo/miniforge3/envs/ros_env/bin/../lib/gcc/x86_64-conda-linux-gnu/14.3.0/../../../../x86_64-conda-linux-gnu/bin/ld: /home/luqo/miniforge3/envs/ros_env/lib/libnav_msgs__rosidl_generator_py.so: undefined reference to `PyErr_SetString'
[4.358s] /home/luqo/miniforge3/envs/ros_env/bin/../lib/gcc/x86_64-conda-linux-gnu/14.3.0/../../../../x86_64-conda-linux-gnu/bin/ld: /home/luqo/miniforge3/envs/ros_env/lib/libstd_msgs__rosidl_generator_py.so: undefined reference to `PyLong_FromUnsignedLongLong'
[4.371s] /home/luqo/miniforge3/envs/ros_env/bin/../lib/gcc/x86_64-conda-linux-gnu/14.3.0/../../../../x86_64-conda-linux-gnu/bin/ld: /home/luqo/miniforge3/envs/ros_env/lib/libnav_msgs__rosidl_generator_py.so: undefined reference to `PyBool_FromLong'
[4.372s] /home/luqo/miniforge3/envs/ros_env/bin/../lib/gcc/x86_64-conda-linux-gnu/14.3.0/../../../../x86_64-conda-linux-gnu/bin/ld: /home/luqo/miniforge3/envs/ros_env/lib/libnav_msgs__rosidl_generator_py.so: undefined reference to `PyLong_AsLong'
[4.372s] /home/luqo/miniforge3/envs/ros_env/bin/../lib/gcc/x86_64-conda-linux-gnu/14.3.0/../../../../x86_64-conda-linux-gnu/bin/ld: /home/luqo/miniforge3/envs/ros_env/lib/libnav_msgs__rosidl_generator_py.so: undefined reference to `_Py_TrueStruct'
[4.372s] /home/luqo/miniforge3/envs/ros_env/bin/../lib/gcc/x86_64-conda-linux-gnu/14.3.0/../../../../x86_64-conda-linux-gnu/bin/ld: /home/luqo/miniforge3/envs/ros_env/lib/libstd_msgs__rosidl_generator_py.so: undefined reference to `PyLong_FromLongLong'
[4.378s] /home/luqo/miniforge3/envs/ros_env/bin/../lib/gcc/x86_64-conda-linux-gnu/14.3.0/../../../../x86_64-conda-linux-gnu/bin/ld: /home/luqo/miniforge3/envs/ros_env/lib/libnav_msgs__rosidl_generator_py.so: undefined reference to `PyObject_GetAttrString'
[4.379s] /home/luqo/miniforge3/envs/ros_env/bin/../lib/gcc/x86_64-conda-linux-gnu/14.3.0/../../../../x86_64-conda-linux-gnu/bin/ld: /home/luqo/miniforge3/envs/ros_env/lib/libnav_msgs__rosidl_generator_py.so: undefined reference to `PyObject_CheckBuffer'
[4.386s] /home/luqo/miniforge3/envs/ros_env/bin/../lib/gcc/x86_64-conda-linux-gnu/14.3.0/../../../../x86_64-conda-linux-gnu/bin/ld: /home/luqo/miniforge3/envs/ros_env/lib/libsensor_msgs__rosidl_generator_py.so: undefined reference to `PyLong_FromLong'
[4.389s] /home/luqo/miniforge3/envs/ros_env/bin/../lib/gcc/x86_64-conda-linux-gnu/14.3.0/../../../../x86_64-conda-linux-gnu/bin/ld: /home/luqo/miniforge3/envs/ros_env/lib/libnav_msgs__rosidl_generator_py.so: undefined reference to `PyObject_SetAttrString'
[4.391s] /home/luqo/miniforge3/envs/ros_env/bin/../lib/gcc/x86_64-conda-linux-gnu/14.3.0/../../../../x86_64-conda-linux-gnu/bin/ld: /home/luqo/miniforge3/envs/ros_env/lib/libnav_msgs__rosidl_generator_py.so: undefined reference to `PyUnicode_DecodeUTF8'
[4.396s] /home/luqo/miniforge3/envs/ros_env/bin/../lib/gcc/x86_64-conda-linux-gnu/14.3.0/../../../../x86_64-conda-linux-gnu/bin/ld: /home/luqo/miniforge3/envs/ros_env/lib/libnav_msgs__rosidl_generator_py.so: undefined reference to `PyObject_GetBuffer'
[4.401s] /home/luqo/miniforge3/envs/ros_env/bin/../lib/gcc/x86_64-conda-linux-gnu/14.3.0/../../../../x86_64-conda-linux-gnu/bin/ld: /home/luqo/miniforge3/envs/ros_env/lib/libstd_msgs__rosidl_generator_py.so: undefined reference to `PyLong_AsUnsignedLongLong'
[4.404s] /home/luqo/miniforge3/envs/ros_env/bin/../lib/gcc/x86_64-conda-linux-gnu/14.3.0/../../../../x86_64-conda-linux-gnu/bin/ld: /home/luqo/miniforge3/envs/ros_env/lib/libnav_msgs__rosidl_generator_py.so: undefined reference to `PyLong_AsUnsignedLong'
[4.405s] /home/luqo/miniforge3/envs/ros_env/bin/../lib/gcc/x86_64-conda-linux-gnu/14.3.0/../../../../x86_64-conda-linux-gnu/bin/ld: /home/luqo/miniforge3/envs/ros_env/lib/libnav_msgs__rosidl_generator_py.so: undefined reference to `PySequence_Size'
[4.420s] /home/luqo/miniforge3/envs/ros_env/bin/../lib/gcc/x86_64-conda-linux-gnu/14.3.0/../../../../x86_64-conda-linux-gnu/bin/ld: /home/luqo/miniforge3/envs/ros_env/lib/libnav_msgs__rosidl_generator_py.so: undefined reference to `PySequence_Fast'
[4.421s] /home/luqo/miniforge3/envs/ros_env/bin/../lib/gcc/x86_64-conda-linux-gnu/14.3.0/../../../../x86_64-conda-linux-gnu/bin/ld: /home/luqo/miniforge3/envs/ros_env/lib/libnav_msgs__rosidl_generator_py.so: undefined reference to `PyUnicode_AsUTF8String'
[4.423s] /home/luqo/miniforge3/envs/ros_env/bin/../lib/gcc/x86_64-conda-linux-gnu/14.3.0/../../../../x86_64-conda-linux-gnu/bin/ld: /home/luqo/miniforge3/envs/ros_env/lib/libnav_msgs__rosidl_generator_py.so: undefined reference to `PyImport_ImportModule'
[4.428s] /home/luqo/miniforge3/envs/ros_env/bin/../lib/gcc/x86_64-conda-linux-gnu/14.3.0/../../../../x86_64-conda-linux-gnu/bin/ld: /home/luqo/miniforge3/envs/ros_env/lib/libnav_msgs__rosidl_generator_py.so: undefined reference to `PyObject_CallObject'
[4.433s] /home/luqo/miniforge3/envs/ros_env/bin/../lib/gcc/x86_64-conda-linux-gnu/14.3.0/../../../../x86_64-conda-linux-gnu/bin/ld: /home/luqo/miniforge3/envs/ros_env/lib/libnav_msgs__rosidl_generator_py.so: undefined reference to `PyLong_AsSize_t'
[4.452s] /home/luqo/miniforge3/envs/ros_env/bin/../lib/gcc/x86_64-conda-linux-gnu/14.3.0/../../../../x86_64-conda-linux-gnu/bin/ld: /home/luqo/miniforge3/envs/ros_env/lib/libnav_msgs__rosidl_generator_py.so: undefined reference to `PyList_New'
[4.454s] /home/luqo/miniforge3/envs/ros_env/bin/../lib/gcc/x86_64-conda-linux-gnu/14.3.0/../../../../x86_64-conda-linux-gnu/bin/ld: /home/luqo/miniforge3/envs/ros_env/lib/libnav_msgs__rosidl_generator_py.so: undefined reference to `PyLong_FromUnsignedLong'
[4.592s] collect2: error: ld returned 1 exit status
[4.597s] gmake[2]: *** [CMakeFiles/icp_localizer.dir/build.make:325: icp_localizer] Error 1
[4.598s] gmake[1]: *** [CMakeFiles/Makefile2:137: CMakeFiles/icp_localizer.dir/all] Error 2
[4.598s] gmake: *** [Makefile:146: all] Error 2
