[0.023s] Invoking command in '/home/luqo/Documents/Robotica/TPs/Robotica-TP6/turtlebot3_custom_simulation/build/turtlebot3_custom_simulation': CONDA_PROMPT_MODIFIER=(ros_env) /home/luqo/miniforge3/envs/ros_env/bin/cmake --build /home/luqo/Documents/Robotica/TPs/Robotica-TP6/turtlebot3_custom_simulation/build/turtlebot3_custom_simulation -- -j8 -l8
[0.316s] [100%] Built target turtlebot3_custom_simulation
[0.335s] Invoked command in '/home/luqo/Documents/Robotica/TPs/Robotica-TP6/turtlebot3_custom_simulation/build/turtlebot3_custom_simulation' returned '0': CONDA_PROMPT_MODIFIER=(ros_env) /home/luqo/miniforge3/envs/ros_env/bin/cmake --build /home/luqo/Documents/Robotica/TPs/Robotica-TP6/turtlebot3_custom_simulation/build/turtlebot3_custom_simulation -- -j8 -l8
[0.414s] Invoking command in '/home/luqo/Documents/Robotica/TPs/Robotica-TP6/turtlebot3_custom_simulation/build/turtlebot3_custom_simulation': CONDA_PROMPT_MODIFIER=(ros_env) /home/luqo/miniforge3/envs/ros_env/bin/cmake --install /home/luqo/Documents/Robotica/TPs/Robotica-TP6/turtlebot3_custom_simulation/build/turtlebot3_custom_simulation
[0.427s] -- Install configuration: ""
[0.432s] -- Installing: /home/luqo/Documents/Robotica/TPs/Robotica-TP6/turtlebot3_custom_simulation/install/turtlebot3_custom_simulation/lib/turtlebot3_custom_simulation/turtlebot3_custom_simulation
[0.437s] -- Up-to-date: /home/luqo/Documents/Robotica/TPs/Robotica-TP6/turtlebot3_custom_simulation/install/turtlebot3_custom_simulation/share/turtlebot3_custom_simulation/launch
[0.438s] -- Up-to-date: /home/luqo/Documents/Robotica/TPs/Robotica-TP6/turtlebot3_custom_simulation/install/turtlebot3_custom_simulation/share/turtlebot3_custom_simulation/launch/custom_simulation.launch.py
[0.438s] -- Up-to-date: /home/luqo/Documents/Robotica/TPs/Robotica-TP6/turtlebot3_custom_simulation/install/turtlebot3_custom_simulation/share/turtlebot3_custom_simulation/launch/custom_casa_obs2.launch.py
[0.438s] -- Up-to-date: /home/luqo/Documents/Robotica/TPs/Robotica-TP6/turtlebot3_custom_simulation/install/turtlebot3_custom_simulation/share/turtlebot3_custom_simulation/launch/custom_maze.launch.py
[0.439s] -- Up-to-date: /home/luqo/Documents/Robotica/TPs/Robotica-TP6/turtlebot3_custom_simulation/install/turtlebot3_custom_simulation/share/turtlebot3_custom_simulation/launch/custom_casa_obs.launch copy.py
[0.439s] -- Up-to-date: /home/luqo/Documents/Robotica/TPs/Robotica-TP6/turtlebot3_custom_simulation/install/turtlebot3_custom_simulation/share/turtlebot3_custom_simulation/launch/custom_casa.launch.py
[0.439s] -- Up-to-date: /home/luqo/Documents/Robotica/TPs/Robotica-TP6/turtlebot3_custom_simulation/install/turtlebot3_custom_simulation/share/turtlebot3_custom_simulation/launch/custom_room.launch.py
[0.440s] -- Up-to-date: /home/luqo/Documents/Robotica/TPs/Robotica-TP6/turtlebot3_custom_simulation/install/turtlebot3_custom_simulation/share/turtlebot3_custom_simulation/param
[0.440s] -- Up-to-date: /home/luqo/Documents/Robotica/TPs/Robotica-TP6/turtlebot3_custom_simulation/install/turtlebot3_custom_simulation/share/turtlebot3_custom_simulation/param/burger.yaml
[0.441s] -- Up-to-date: /home/luqo/Documents/Robotica/TPs/Robotica-TP6/turtlebot3_custom_simulation/install/turtlebot3_custom_simulation/share/turtlebot3_custom_simulation/worlds
[0.441s] -- Up-to-date: /home/luqo/Documents/Robotica/TPs/Robotica-TP6/turtlebot3_custom_simulation/install/turtlebot3_custom_simulation/share/turtlebot3_custom_simulation/worlds/Armchair
[0.441s] -- Up-to-date: /home/luqo/Documents/Robotica/TPs/Robotica-TP6/turtlebot3_custom_simulation/install/turtlebot3_custom_simulation/share/turtlebot3_custom_simulation/worlds/Armchair/model.config
[0.441s] -- Up-to-date: /home/luqo/Documents/Robotica/TPs/Robotica-TP6/turtlebot3_custom_simulation/install/turtlebot3_custom_simulation/share/turtlebot3_custom_simulation/worlds/Armchair/model.sdf
[0.441s] -- Up-to-date: /home/luqo/Documents/Robotica/TPs/Robotica-TP6/turtlebot3_custom_simulation/install/turtlebot3_custom_simulation/share/turtlebot3_custom_simulation/worlds/Sofa
[0.441s] -- Up-to-date: /home/luqo/Documents/Robotica/TPs/Robotica-TP6/turtlebot3_custom_simulation/install/turtlebot3_custom_simulation/share/turtlebot3_custom_simulation/worlds/Sofa/model.config
[0.442s] -- Up-to-date: /home/luqo/Documents/Robotica/TPs/Robotica-TP6/turtlebot3_custom_simulation/install/turtlebot3_custom_simulation/share/turtlebot3_custom_simulation/worlds/Sofa/model.sdf
[0.442s] -- Up-to-date: /home/luqo/Documents/Robotica/TPs/Robotica-TP6/turtlebot3_custom_simulation/install/turtlebot3_custom_simulation/share/turtlebot3_custom_simulation/worlds/casa.world
[0.442s] -- Up-to-date: /home/luqo/Documents/Robotica/TPs/Robotica-TP6/turtlebot3_custom_simulation/install/turtlebot3_custom_simulation/share/turtlebot3_custom_simulation/worlds/Suitcase1
[0.442s] -- Up-to-date: /home/luqo/Documents/Robotica/TPs/Robotica-TP6/turtlebot3_custom_simulation/install/turtlebot3_custom_simulation/share/turtlebot3_custom_simulation/worlds/Suitcase1/model.config
[0.442s] -- Up-to-date: /home/luqo/Documents/Robotica/TPs/Robotica-TP6/turtlebot3_custom_simulation/install/turtlebot3_custom_simulation/share/turtlebot3_custom_simulation/worlds/Suitcase1/model.sdf
[0.443s] -- Up-to-date: /home/luqo/Documents/Robotica/TPs/Robotica-TP6/turtlebot3_custom_simulation/install/turtlebot3_custom_simulation/share/turtlebot3_custom_simulation/worlds/maze.world
[0.443s] -- Up-to-date: /home/luqo/Documents/Robotica/TPs/Robotica-TP6/turtlebot3_custom_simulation/install/turtlebot3_custom_simulation/share/turtlebot3_custom_simulation/worlds/casa_obs2.world
[0.443s] -- Up-to-date: /home/luqo/Documents/Robotica/TPs/Robotica-TP6/turtlebot3_custom_simulation/install/turtlebot3_custom_simulation/share/turtlebot3_custom_simulation/worlds/Walls
[0.443s] -- Up-to-date: /home/luqo/Documents/Robotica/TPs/Robotica-TP6/turtlebot3_custom_simulation/install/turtlebot3_custom_simulation/share/turtlebot3_custom_simulation/worlds/Walls/model.config
[0.443s] -- Up-to-date: /home/luqo/Documents/Robotica/TPs/Robotica-TP6/turtlebot3_custom_simulation/install/turtlebot3_custom_simulation/share/turtlebot3_custom_simulation/worlds/Walls/model.sdf
[0.443s] -- Up-to-date: /home/luqo/Documents/Robotica/TPs/Robotica-TP6/turtlebot3_custom_simulation/install/turtlebot3_custom_simulation/share/turtlebot3_custom_simulation/worlds/map
[0.444s] -- Up-to-date: /home/luqo/Documents/Robotica/TPs/Robotica-TP6/turtlebot3_custom_simulation/install/turtlebot3_custom_simulation/share/turtlebot3_custom_simulation/worlds/map/map.yaml
[0.444s] -- Up-to-date: /home/luqo/Documents/Robotica/TPs/Robotica-TP6/turtlebot3_custom_simulation/install/turtlebot3_custom_simulation/share/turtlebot3_custom_simulation/worlds/map/map.pgm
[0.444s] -- Up-to-date: /home/luqo/Documents/Robotica/TPs/Robotica-TP6/turtlebot3_custom_simulation/install/turtlebot3_custom_simulation/share/turtlebot3_custom_simulation/worlds/HospitalBot
[0.444s] -- Up-to-date: /home/luqo/Documents/Robotica/TPs/Robotica-TP6/turtlebot3_custom_simulation/install/turtlebot3_custom_simulation/share/turtlebot3_custom_simulation/worlds/HospitalBot/model.config
[0.444s] -- Up-to-date: /home/luqo/Documents/Robotica/TPs/Robotica-TP6/turtlebot3_custom_simulation/install/turtlebot3_custom_simulation/share/turtlebot3_custom_simulation/worlds/HospitalBot/model.sdf
[0.444s] -- Up-to-date: /home/luqo/Documents/Robotica/TPs/Robotica-TP6/turtlebot3_custom_simulation/install/turtlebot3_custom_simulation/share/turtlebot3_custom_simulation/worlds/casa_o.world
[0.444s] -- Up-to-date: /home/luqo/Documents/Robotica/TPs/Robotica-TP6/turtlebot3_custom_simulation/install/turtlebot3_custom_simulation/share/turtlebot3_custom_simulation/worlds/Suitcase2H
[0.445s] -- Up-to-date: /home/luqo/Documents/Robotica/TPs/Robotica-TP6/turtlebot3_custom_simulation/install/turtlebot3_custom_simulation/share/turtlebot3_custom_simulation/worlds/Suitcase2H/model.config
[0.445s] -- Up-to-date: /home/luqo/Documents/Robotica/TPs/Robotica-TP6/turtlebot3_custom_simulation/install/turtlebot3_custom_simulation/share/turtlebot3_custom_simulation/worlds/Suitcase2H/model.sdf
[0.445s] -- Up-to-date: /home/luqo/Documents/Robotica/TPs/Robotica-TP6/turtlebot3_custom_simulation/install/turtlebot3_custom_simulation/share/turtlebot3_custom_simulation/worlds/slippery.world
[0.445s] -- Up-to-date: /home/luqo/Documents/Robotica/TPs/Robotica-TP6/turtlebot3_custom_simulation/install/turtlebot3_custom_simulation/share/turtlebot3_custom_simulation/worlds/casa_obs.world
[0.445s] -- Up-to-date: /home/luqo/Documents/Robotica/TPs/Robotica-TP6/turtlebot3_custom_simulation/install/turtlebot3_custom_simulation/share/turtlebot3_custom_simulation/worlds/room.world
[0.445s] -- Up-to-date: /home/luqo/Documents/Robotica/TPs/Robotica-TP6/turtlebot3_custom_simulation/install/turtlebot3_custom_simulation/include/
[0.445s] -- Up-to-date: /home/luqo/Documents/Robotica/TPs/Robotica-TP6/turtlebot3_custom_simulation/install/turtlebot3_custom_simulation/include//turtlebot3_custom_simulation
[0.446s] -- Up-to-date: /home/luqo/Documents/Robotica/TPs/Robotica-TP6/turtlebot3_custom_simulation/install/turtlebot3_custom_simulation/include//turtlebot3_custom_simulation/turtlebot3_custom_simulation.hpp
[0.446s] -- Up-to-date: /home/luqo/Documents/Robotica/TPs/Robotica-TP6/turtlebot3_custom_simulation/install/turtlebot3_custom_simulation/share/ament_index/resource_index/package_run_dependencies/turtlebot3_custom_simulation
[0.446s] -- Up-to-date: /home/luqo/Documents/Robotica/TPs/Robotica-TP6/turtlebot3_custom_simulation/install/turtlebot3_custom_simulation/share/ament_index/resource_index/parent_prefix_path/turtlebot3_custom_simulation
[0.446s] -- Up-to-date: /home/luqo/Documents/Robotica/TPs/Robotica-TP6/turtlebot3_custom_simulation/install/turtlebot3_custom_simulation/share/turtlebot3_custom_simulation/environment/ament_prefix_path.sh
[0.446s] -- Up-to-date: /home/luqo/Documents/Robotica/TPs/Robotica-TP6/turtlebot3_custom_simulation/install/turtlebot3_custom_simulation/share/turtlebot3_custom_simulation/environment/ament_prefix_path.dsv
[0.446s] -- Up-to-date: /home/luqo/Documents/Robotica/TPs/Robotica-TP6/turtlebot3_custom_simulation/install/turtlebot3_custom_simulation/share/turtlebot3_custom_simulation/environment/path.sh
[0.447s] -- Up-to-date: /home/luqo/Documents/Robotica/TPs/Robotica-TP6/turtlebot3_custom_simulation/install/turtlebot3_custom_simulation/share/turtlebot3_custom_simulation/environment/path.dsv
[0.447s] -- Up-to-date: /home/luqo/Documents/Robotica/TPs/Robotica-TP6/turtlebot3_custom_simulation/install/turtlebot3_custom_simulation/share/turtlebot3_custom_simulation/local_setup.bash
[0.447s] -- Up-to-date: /home/luqo/Documents/Robotica/TPs/Robotica-TP6/turtlebot3_custom_simulation/install/turtlebot3_custom_simulation/share/turtlebot3_custom_simulation/local_setup.sh
[0.448s] -- Up-to-date: /home/luqo/Documents/Robotica/TPs/Robotica-TP6/turtlebot3_custom_simulation/install/turtlebot3_custom_simulation/share/turtlebot3_custom_simulation/local_setup.zsh
[0.449s] -- Up-to-date: /home/luqo/Documents/Robotica/TPs/Robotica-TP6/turtlebot3_custom_simulation/install/turtlebot3_custom_simulation/share/turtlebot3_custom_simulation/local_setup.dsv
[0.450s] -- Installing: /home/luqo/Documents/Robotica/TPs/Robotica-TP6/turtlebot3_custom_simulation/install/turtlebot3_custom_simulation/share/turtlebot3_custom_simulation/package.dsv
[0.450s] -- Up-to-date: /home/luqo/Documents/Robotica/TPs/Robotica-TP6/turtlebot3_custom_simulation/install/turtlebot3_custom_simulation/share/ament_index/resource_index/packages/turtlebot3_custom_simulation
[0.450s] -- Up-to-date: /home/luqo/Documents/Robotica/TPs/Robotica-TP6/turtlebot3_custom_simulation/install/turtlebot3_custom_simulation/share/turtlebot3_custom_simulation/cmake/ament_cmake_export_include_directories-extras.cmake
[0.450s] -- Up-to-date: /home/luqo/Documents/Robotica/TPs/Robotica-TP6/turtlebot3_custom_simulation/install/turtlebot3_custom_simulation/share/turtlebot3_custom_simulation/cmake/ament_cmake_export_dependencies-extras.cmake
[0.451s] -- Up-to-date: /home/luqo/Documents/Robotica/TPs/Robotica-TP6/turtlebot3_custom_simulation/install/turtlebot3_custom_simulation/share/turtlebot3_custom_simulation/cmake/turtlebot3_custom_simulationConfig.cmake
[0.451s] -- Up-to-date: /home/luqo/Documents/Robotica/TPs/Robotica-TP6/turtlebot3_custom_simulation/install/turtlebot3_custom_simulation/share/turtlebot3_custom_simulation/cmake/turtlebot3_custom_simulationConfig-version.cmake
[0.451s] -- Up-to-date: /home/luqo/Documents/Robotica/TPs/Robotica-TP6/turtlebot3_custom_simulation/install/turtlebot3_custom_simulation/share/turtlebot3_custom_simulation/package.xml
[0.452s] Invoked command in '/home/luqo/Documents/Robotica/TPs/Robotica-TP6/turtlebot3_custom_simulation/build/turtlebot3_custom_simulation' returned '0': CONDA_PROMPT_MODIFIER=(ros_env) /home/luqo/miniforge3/envs/ros_env/bin/cmake --install /home/luqo/Documents/Robotica/TPs/Robotica-TP6/turtlebot3_custom_simulation/build/turtlebot3_custom_simulation
