[0.240s] [34mcolcon[0m [1;30mDEBUG[0m [32mCommand line arguments: ['/home/luqo/miniforge3/envs/ros_env/bin/colcon', 'build'][0m
[0.240s] [34mcolcon[0m [1;30mDEBUG[0m [32mParsed command line arguments: Namespace(log_base=None, log_level=None, verb_name='build', build_base='build', install_base='install', merge_install=False, symlink_install=False, test_result_base=None, continue_on_error=False, executor='parallel', parallel_workers=8, event_handlers=None, ignore_user_meta=False, metas=['./colcon.meta'], base_paths=['.'], packages_ignore=None, packages_ignore_regex=None, paths=None, packages_up_to=None, packages_up_to_regex=None, packages_above=None, packages_above_and_dependencies=None, packages_above_depth=None, packages_select_by_dep=None, packages_skip_by_dep=None, packages_skip_up_to=None, packages_select_build_failed=False, packages_skip_build_finished=False, packages_select_test_failures=False, packages_skip_test_passed=False, packages_select=None, packages_skip=None, packages_select_regex=None, packages_skip_regex=None, packages_start=None, packages_end=None, cmake_args=None, cmake_target=None, cmake_target_skip_unavailable=False, cmake_clean_cache=False, cmake_clean_first=False, cmake_force_configure=False, ament_cmake_args=None, catkin_cmake_args=None, catkin_skip_building_tests=False, verb_parser=<colcon_defaults.argument_parser.defaults.DefaultArgumentsDecorator object at 0x789e41d5fa50>, verb_extension=<colcon_core.verb.build.BuildVerb object at 0x789e41d5e110>, main=<bound method BuildVerb.main of <colcon_core.verb.build.BuildVerb object at 0x789e41d5e110>>)[0m
[0.301s] [34mcolcon.colcon_core.package_discovery[0m [1;30mLevel 1[0m discover_packages(colcon_meta) check parameters
[0.302s] [34mcolcon.colcon_core.package_discovery[0m [1;30mLevel 1[0m discover_packages(recursive) check parameters
[0.302s] [34mcolcon.colcon_core.package_discovery[0m [1;30mLevel 1[0m discover_packages(ignore) check parameters
[0.302s] [34mcolcon.colcon_core.package_discovery[0m [1;30mLevel 1[0m discover_packages(path) check parameters
[0.302s] [34mcolcon.colcon_core.package_discovery[0m [1;30mLevel 1[0m discover_packages(colcon_meta) discover
[0.302s] [34mcolcon.colcon_core.package_discovery[0m [1;30mLevel 1[0m discover_packages(recursive) discover
[0.302s] [34mcolcon.colcon_core.package_discovery[0m [1;30mINFO[0m Crawling recursively for packages in '/home/luqo/Documents/Robotica/TPs/Robotica-TP6/turtlebot3_icp_localization'
[0.302s] [34mcolcon.colcon_core.package_identification[0m [1;30mLevel 1[0m _identify(.) by extensions ['ignore', 'ignore_ament_install']
[0.303s] [34mcolcon.colcon_core.package_identification[0m [1;30mLevel 1[0m _identify(.) by extension 'ignore'
[0.303s] [34mcolcon.colcon_core.package_identification[0m [1;30mLevel 1[0m _identify(.) by extension 'ignore_ament_install'
[0.303s] [34mcolcon.colcon_core.package_identification[0m [1;30mLevel 1[0m _identify(.) by extensions ['colcon_pkg']
[0.303s] [34mcolcon.colcon_core.package_identification[0m [1;30mLevel 1[0m _identify(.) by extension 'colcon_pkg'
[0.303s] [34mcolcon.colcon_core.package_identification[0m [1;30mLevel 1[0m _identify(.) by extensions ['colcon_meta']
[0.303s] [34mcolcon.colcon_core.package_identification[0m [1;30mLevel 1[0m _identify(.) by extension 'colcon_meta'
[0.303s] [34mcolcon.colcon_core.package_identification[0m [1;30mLevel 1[0m _identify(.) by extensions ['ros']
[0.303s] [34mcolcon.colcon_core.package_identification[0m [1;30mLevel 1[0m _identify(.) by extension 'ros'
[0.351s] [34mcolcon.colcon_core.package_identification[0m [1;30mDEBUG[0m [32mPackage '.' with type 'ros.ament_cmake' and name 'turtlebot3_icp_localization'[0m
[0.352s] [34mcolcon.colcon_core.package_discovery[0m [1;30mLevel 1[0m discover_packages(recursive) using defaults
[0.352s] [34mcolcon.colcon_core.package_discovery[0m [1;30mLevel 1[0m discover_packages(ignore) discover
[0.352s] [34mcolcon.colcon_core.package_discovery[0m [1;30mLevel 1[0m discover_packages(ignore) using defaults
[0.352s] [34mcolcon.colcon_core.package_discovery[0m [1;30mLevel 1[0m discover_packages(path) discover
[0.352s] [34mcolcon.colcon_core.package_discovery[0m [1;30mLevel 1[0m discover_packages(path) using defaults
[0.380s] [34mcolcon.colcon_core.verb[0m [1;30mLevel 5[0m set package 'turtlebot3_icp_localization' build argument 'cmake_args' from command line to 'None'
[0.380s] [34mcolcon.colcon_core.verb[0m [1;30mLevel 5[0m set package 'turtlebot3_icp_localization' build argument 'cmake_target' from command line to 'None'
[0.380s] [34mcolcon.colcon_core.verb[0m [1;30mLevel 5[0m set package 'turtlebot3_icp_localization' build argument 'cmake_target_skip_unavailable' from command line to 'False'
[0.380s] [34mcolcon.colcon_core.verb[0m [1;30mLevel 5[0m set package 'turtlebot3_icp_localization' build argument 'cmake_clean_cache' from command line to 'False'
[0.381s] [34mcolcon.colcon_core.verb[0m [1;30mLevel 5[0m set package 'turtlebot3_icp_localization' build argument 'cmake_clean_first' from command line to 'False'
[0.381s] [34mcolcon.colcon_core.verb[0m [1;30mLevel 5[0m set package 'turtlebot3_icp_localization' build argument 'cmake_force_configure' from command line to 'False'
[0.381s] [34mcolcon.colcon_core.verb[0m [1;30mLevel 5[0m set package 'turtlebot3_icp_localization' build argument 'ament_cmake_args' from command line to 'None'
[0.381s] [34mcolcon.colcon_core.verb[0m [1;30mLevel 5[0m set package 'turtlebot3_icp_localization' build argument 'catkin_cmake_args' from command line to 'None'
[0.381s] [34mcolcon.colcon_core.verb[0m [1;30mLevel 5[0m set package 'turtlebot3_icp_localization' build argument 'catkin_skip_building_tests' from command line to 'False'
[0.381s] [34mcolcon.colcon_core.verb[0m [1;30mDEBUG[0m [32mBuilding package 'turtlebot3_icp_localization' with the following arguments: {'ament_cmake_args': None, 'build_base': '/home/luqo/Documents/Robotica/TPs/Robotica-TP6/turtlebot3_icp_localization/build/turtlebot3_icp_localization', 'catkin_cmake_args': None, 'catkin_skip_building_tests': False, 'cmake_args': None, 'cmake_clean_cache': False, 'cmake_clean_first': False, 'cmake_force_configure': False, 'cmake_target': None, 'cmake_target_skip_unavailable': False, 'install_base': '/home/luqo/Documents/Robotica/TPs/Robotica-TP6/turtlebot3_icp_localization/install/turtlebot3_icp_localization', 'merge_install': False, 'path': '/home/luqo/Documents/Robotica/TPs/Robotica-TP6/turtlebot3_icp_localization', 'symlink_install': False, 'test_result_base': None}[0m
[0.381s] [34mcolcon.colcon_core.executor[0m [1;30mINFO[0m Executing jobs using 'parallel' executor
[0.383s] [34mcolcon.colcon_parallel_executor.executor.parallel[0m [1;30mDEBUG[0m [32mrun_until_complete[0m
[0.383s] [34mcolcon.colcon_ros.task.ament_cmake.build[0m [1;30mINFO[0m Building ROS package in '/home/luqo/Documents/Robotica/TPs/Robotica-TP6/turtlebot3_icp_localization' with build type 'ament_cmake'
[0.384s] [34mcolcon.colcon_cmake.task.cmake.build[0m [1;30mINFO[0m Building CMake package in '/home/luqo/Documents/Robotica/TPs/Robotica-TP6/turtlebot3_icp_localization'
[0.386s] [34mcolcon.colcon_core.plugin_system[0m [1;30mINFO[0m Skipping extension 'colcon_core.shell.bat': Not used on non-Windows systems
[0.387s] [34mcolcon.colcon_core.shell[0m [1;30mINFO[0m Skip shell extension 'powershell' for command environment: Not usable outside of PowerShell
[0.387s] [34mcolcon.colcon_core.shell[0m [1;30mDEBUG[0m [32mSkip shell extension 'dsv' for command environment[0m
[0.407s] [34mcolcon.colcon_core.event_handler.log_command[0m [1;30mDEBUG[0m [32mInvoking command in '/home/luqo/Documents/Robotica/TPs/Robotica-TP6/turtlebot3_icp_localization/build/turtlebot3_icp_localization': CMAKE_PREFIX_PATH=${CMAKE_PREFIX_PATH}:/home/luqo/miniforge3/envs/ros_env CONDA_PROMPT_MODIFIER=(base) /home/luqo/miniforge3/envs/ros_env/bin/cmake --build /home/luqo/Documents/Robotica/TPs/Robotica-TP6/turtlebot3_icp_localization/build/turtlebot3_icp_localization -- -j8 -l8[0m
[0.577s] [34mcolcon.colcon_core.event_handler.log_command[0m [1;30mDEBUG[0m [32mInvoked command in '/home/luqo/Documents/Robotica/TPs/Robotica-TP6/turtlebot3_icp_localization/build/turtlebot3_icp_localization' returned '0': CMAKE_PREFIX_PATH=${CMAKE_PREFIX_PATH}:/home/luqo/miniforge3/envs/ros_env CONDA_PROMPT_MODIFIER=(base) /home/luqo/miniforge3/envs/ros_env/bin/cmake --build /home/luqo/Documents/Robotica/TPs/Robotica-TP6/turtlebot3_icp_localization/build/turtlebot3_icp_localization -- -j8 -l8[0m
[0.645s] [34mcolcon.colcon_core.event_handler.log_command[0m [1;30mDEBUG[0m [32mInvoking command in '/home/luqo/Documents/Robotica/TPs/Robotica-TP6/turtlebot3_icp_localization/build/turtlebot3_icp_localization': CMAKE_PREFIX_PATH=${CMAKE_PREFIX_PATH}:/home/luqo/miniforge3/envs/ros_env CONDA_PROMPT_MODIFIER=(base) /home/luqo/miniforge3/envs/ros_env/bin/cmake --install /home/luqo/Documents/Robotica/TPs/Robotica-TP6/turtlebot3_icp_localization/build/turtlebot3_icp_localization[0m
[0.664s] [34mcolcon.colcon_core.environment[0m [1;30mLevel 1[0m create_environment_scripts_only(turtlebot3_icp_localization)
[0.665s] [34mcolcon.colcon_core.event_handler.log_command[0m [1;30mDEBUG[0m [32mInvoked command in '/home/luqo/Documents/Robotica/TPs/Robotica-TP6/turtlebot3_icp_localization/build/turtlebot3_icp_localization' returned '0': CMAKE_PREFIX_PATH=${CMAKE_PREFIX_PATH}:/home/luqo/miniforge3/envs/ros_env CONDA_PROMPT_MODIFIER=(base) /home/luqo/miniforge3/envs/ros_env/bin/cmake --install /home/luqo/Documents/Robotica/TPs/Robotica-TP6/turtlebot3_icp_localization/build/turtlebot3_icp_localization[0m
[0.668s] [34mcolcon.colcon_core.environment[0m [1;30mLevel 1[0m checking '/home/luqo/Documents/Robotica/TPs/Robotica-TP6/turtlebot3_icp_localization/install/turtlebot3_icp_localization' for CMake module files
[0.669s] [34mcolcon.colcon_core.environment[0m [1;30mLevel 1[0m checking '/home/luqo/Documents/Robotica/TPs/Robotica-TP6/turtlebot3_icp_localization/install/turtlebot3_icp_localization' for CMake config files
[0.670s] [34mcolcon.colcon_core.shell[0m [1;30mLevel 1[0m create_environment_hook('turtlebot3_icp_localization', 'cmake_prefix_path')
[0.670s] [34mcolcon.colcon_core.shell[0m [1;30mINFO[0m Creating environment hook '/home/luqo/Documents/Robotica/TPs/Robotica-TP6/turtlebot3_icp_localization/install/turtlebot3_icp_localization/share/turtlebot3_icp_localization/hook/cmake_prefix_path.ps1'
[0.671s] [34mcolcon.colcon_core.shell[0m [1;30mINFO[0m Creating environment descriptor '/home/luqo/Documents/Robotica/TPs/Robotica-TP6/turtlebot3_icp_localization/install/turtlebot3_icp_localization/share/turtlebot3_icp_localization/hook/cmake_prefix_path.dsv'
[0.672s] [34mcolcon.colcon_core.shell[0m [1;30mINFO[0m Creating environment hook '/home/luqo/Documents/Robotica/TPs/Robotica-TP6/turtlebot3_icp_localization/install/turtlebot3_icp_localization/share/turtlebot3_icp_localization/hook/cmake_prefix_path.sh'
[0.673s] [34mcolcon.colcon_core.environment[0m [1;30mLevel 1[0m checking '/home/luqo/Documents/Robotica/TPs/Robotica-TP6/turtlebot3_icp_localization/install/turtlebot3_icp_localization/lib'
[0.673s] [34mcolcon.colcon_core.environment[0m [1;30mLevel 1[0m checking '/home/luqo/Documents/Robotica/TPs/Robotica-TP6/turtlebot3_icp_localization/install/turtlebot3_icp_localization/bin'
[0.673s] [34mcolcon.colcon_core.environment[0m [1;30mLevel 1[0m checking '/home/luqo/Documents/Robotica/TPs/Robotica-TP6/turtlebot3_icp_localization/install/turtlebot3_icp_localization/lib/pkgconfig/turtlebot3_icp_localization.pc'
[0.675s] [34mcolcon.colcon_core.environment[0m [1;30mLevel 1[0m checking '/home/luqo/Documents/Robotica/TPs/Robotica-TP6/turtlebot3_icp_localization/install/turtlebot3_icp_localization/lib/python3.11/site-packages'
[0.675s] [34mcolcon.colcon_core.environment[0m [1;30mLevel 1[0m checking '/home/luqo/Documents/Robotica/TPs/Robotica-TP6/turtlebot3_icp_localization/install/turtlebot3_icp_localization/bin'
[0.676s] [34mcolcon.colcon_core.shell[0m [1;30mINFO[0m Creating package script '/home/luqo/Documents/Robotica/TPs/Robotica-TP6/turtlebot3_icp_localization/install/turtlebot3_icp_localization/share/turtlebot3_icp_localization/package.ps1'
[0.677s] [34mcolcon.colcon_core.shell[0m [1;30mINFO[0m Creating package descriptor '/home/luqo/Documents/Robotica/TPs/Robotica-TP6/turtlebot3_icp_localization/install/turtlebot3_icp_localization/share/turtlebot3_icp_localization/package.dsv'
[0.678s] [34mcolcon.colcon_core.shell[0m [1;30mINFO[0m Creating package script '/home/luqo/Documents/Robotica/TPs/Robotica-TP6/turtlebot3_icp_localization/install/turtlebot3_icp_localization/share/turtlebot3_icp_localization/package.sh'
[0.679s] [34mcolcon.colcon_core.shell[0m [1;30mINFO[0m Creating package script '/home/luqo/Documents/Robotica/TPs/Robotica-TP6/turtlebot3_icp_localization/install/turtlebot3_icp_localization/share/turtlebot3_icp_localization/package.bash'
[0.680s] [34mcolcon.colcon_core.shell[0m [1;30mINFO[0m Creating package script '/home/luqo/Documents/Robotica/TPs/Robotica-TP6/turtlebot3_icp_localization/install/turtlebot3_icp_localization/share/turtlebot3_icp_localization/package.zsh'
[0.681s] [34mcolcon.colcon_core.environment[0m [1;30mLevel 1[0m create_file_with_runtime_dependencies(/home/luqo/Documents/Robotica/TPs/Robotica-TP6/turtlebot3_icp_localization/install/turtlebot3_icp_localization/share/colcon-core/packages/turtlebot3_icp_localization)
[0.727s] [34mcolcon.colcon_core.environment[0m [1;30mLevel 1[0m create_environment_scripts_only(turtlebot3_icp_localization)
[0.728s] [34mcolcon.colcon_core.environment[0m [1;30mLevel 1[0m checking '/home/luqo/Documents/Robotica/TPs/Robotica-TP6/turtlebot3_icp_localization/install/turtlebot3_icp_localization' for CMake module files
[0.729s] [34mcolcon.colcon_core.environment[0m [1;30mLevel 1[0m checking '/home/luqo/Documents/Robotica/TPs/Robotica-TP6/turtlebot3_icp_localization/install/turtlebot3_icp_localization' for CMake config files
[0.730s] [34mcolcon.colcon_core.shell[0m [1;30mLevel 1[0m create_environment_hook('turtlebot3_icp_localization', 'cmake_prefix_path')
[0.731s] [34mcolcon.colcon_core.shell[0m [1;30mINFO[0m Creating environment hook '/home/luqo/Documents/Robotica/TPs/Robotica-TP6/turtlebot3_icp_localization/install/turtlebot3_icp_localization/share/turtlebot3_icp_localization/hook/cmake_prefix_path.ps1'
[0.732s] [34mcolcon.colcon_core.shell[0m [1;30mINFO[0m Creating environment descriptor '/home/luqo/Documents/Robotica/TPs/Robotica-TP6/turtlebot3_icp_localization/install/turtlebot3_icp_localization/share/turtlebot3_icp_localization/hook/cmake_prefix_path.dsv'
[0.734s] [34mcolcon.colcon_core.shell[0m [1;30mINFO[0m Creating environment hook '/home/luqo/Documents/Robotica/TPs/Robotica-TP6/turtlebot3_icp_localization/install/turtlebot3_icp_localization/share/turtlebot3_icp_localization/hook/cmake_prefix_path.sh'
[0.735s] [34mcolcon.colcon_core.environment[0m [1;30mLevel 1[0m checking '/home/luqo/Documents/Robotica/TPs/Robotica-TP6/turtlebot3_icp_localization/install/turtlebot3_icp_localization/lib'
[0.736s] [34mcolcon.colcon_core.environment[0m [1;30mLevel 1[0m checking '/home/luqo/Documents/Robotica/TPs/Robotica-TP6/turtlebot3_icp_localization/install/turtlebot3_icp_localization/bin'
[0.736s] [34mcolcon.colcon_core.environment[0m [1;30mLevel 1[0m checking '/home/luqo/Documents/Robotica/TPs/Robotica-TP6/turtlebot3_icp_localization/install/turtlebot3_icp_localization/lib/pkgconfig/turtlebot3_icp_localization.pc'
[0.736s] [34mcolcon.colcon_core.environment[0m [1;30mLevel 1[0m checking '/home/luqo/Documents/Robotica/TPs/Robotica-TP6/turtlebot3_icp_localization/install/turtlebot3_icp_localization/lib/python3.11/site-packages'
[0.737s] [34mcolcon.colcon_core.environment[0m [1;30mLevel 1[0m checking '/home/luqo/Documents/Robotica/TPs/Robotica-TP6/turtlebot3_icp_localization/install/turtlebot3_icp_localization/bin'
[0.738s] [34mcolcon.colcon_core.shell[0m [1;30mINFO[0m Creating package script '/home/luqo/Documents/Robotica/TPs/Robotica-TP6/turtlebot3_icp_localization/install/turtlebot3_icp_localization/share/turtlebot3_icp_localization/package.ps1'
[0.739s] [34mcolcon.colcon_core.shell[0m [1;30mINFO[0m Creating package descriptor '/home/luqo/Documents/Robotica/TPs/Robotica-TP6/turtlebot3_icp_localization/install/turtlebot3_icp_localization/share/turtlebot3_icp_localization/package.dsv'
[0.741s] [34mcolcon.colcon_core.shell[0m [1;30mINFO[0m Creating package script '/home/luqo/Documents/Robotica/TPs/Robotica-TP6/turtlebot3_icp_localization/install/turtlebot3_icp_localization/share/turtlebot3_icp_localization/package.sh'
[0.742s] [34mcolcon.colcon_core.shell[0m [1;30mINFO[0m Creating package script '/home/luqo/Documents/Robotica/TPs/Robotica-TP6/turtlebot3_icp_localization/install/turtlebot3_icp_localization/share/turtlebot3_icp_localization/package.bash'
[0.743s] [34mcolcon.colcon_core.shell[0m [1;30mINFO[0m Creating package script '/home/luqo/Documents/Robotica/TPs/Robotica-TP6/turtlebot3_icp_localization/install/turtlebot3_icp_localization/share/turtlebot3_icp_localization/package.zsh'
[0.745s] [34mcolcon.colcon_core.environment[0m [1;30mLevel 1[0m create_file_with_runtime_dependencies(/home/luqo/Documents/Robotica/TPs/Robotica-TP6/turtlebot3_icp_localization/install/turtlebot3_icp_localization/share/colcon-core/packages/turtlebot3_icp_localization)
[0.745s] [34mcolcon.colcon_parallel_executor.executor.parallel[0m [1;30mDEBUG[0m [32mclosing loop[0m
[0.746s] [34mcolcon.colcon_parallel_executor.executor.parallel[0m [1;30mDEBUG[0m [32mloop closed[0m
[0.747s] [34mcolcon.colcon_parallel_executor.executor.parallel[0m [1;30mDEBUG[0m [32mrun_until_complete finished with '0'[0m
[0.747s] [34mcolcon.colcon_core.event_reactor[0m [1;30mDEBUG[0m [32mjoining thread[0m
[0.747s] [34mcolcon.colcon_core.event_reactor[0m [1;30mDEBUG[0m [32mjoined thread[0m
[0.748s] [34mcolcon.colcon_core.shell[0m [1;30mINFO[0m Creating prefix script '/home/luqo/Documents/Robotica/TPs/Robotica-TP6/turtlebot3_icp_localization/install/local_setup.ps1'
[0.750s] [34mcolcon.colcon_core.shell[0m [1;30mINFO[0m Creating prefix util module '/home/luqo/Documents/Robotica/TPs/Robotica-TP6/turtlebot3_icp_localization/install/_local_setup_util_ps1.py'
[0.754s] [34mcolcon.colcon_core.shell[0m [1;30mINFO[0m Creating prefix chain script '/home/luqo/Documents/Robotica/TPs/Robotica-TP6/turtlebot3_icp_localization/install/setup.ps1'
[0.757s] [34mcolcon.colcon_core.shell[0m [1;30mINFO[0m Creating prefix script '/home/luqo/Documents/Robotica/TPs/Robotica-TP6/turtlebot3_icp_localization/install/local_setup.sh'
[0.759s] [34mcolcon.colcon_core.shell[0m [1;30mINFO[0m Creating prefix util module '/home/luqo/Documents/Robotica/TPs/Robotica-TP6/turtlebot3_icp_localization/install/_local_setup_util_sh.py'
[0.760s] [34mcolcon.colcon_core.shell[0m [1;30mINFO[0m Creating prefix chain script '/home/luqo/Documents/Robotica/TPs/Robotica-TP6/turtlebot3_icp_localization/install/setup.sh'
[0.763s] [34mcolcon.colcon_core.shell[0m [1;30mINFO[0m Creating prefix script '/home/luqo/Documents/Robotica/TPs/Robotica-TP6/turtlebot3_icp_localization/install/local_setup.bash'
[0.765s] [34mcolcon.colcon_core.shell[0m [1;30mINFO[0m Creating prefix chain script '/home/luqo/Documents/Robotica/TPs/Robotica-TP6/turtlebot3_icp_localization/install/setup.bash'
[0.767s] [34mcolcon.colcon_core.shell[0m [1;30mINFO[0m Creating prefix script '/home/luqo/Documents/Robotica/TPs/Robotica-TP6/turtlebot3_icp_localization/install/local_setup.zsh'
[0.768s] [34mcolcon.colcon_core.shell[0m [1;30mINFO[0m Creating prefix chain script '/home/luqo/Documents/Robotica/TPs/Robotica-TP6/turtlebot3_icp_localization/install/setup.zsh'
