[0.031s] Invoking command in '/home/luqo/Documents/Robotica/TPs/Robotica-TP6/turtlebot3_icp_localization/build/turtlebot3_icp_localization': CONDA_PROMPT_MODIFIER=(ros_env) /home/luqo/miniforge3/envs/ros_env/bin/cmake /home/luqo/Documents/Robotica/TPs/Robotica-TP6/turtlebot3_icp_localization -DCMAKE_INSTALL_PREFIX=/home/luqo/Documents/Robotica/TPs/Robotica-TP6/turtlebot3_icp_localization/install/turtlebot3_icp_localization
[0.665s] -- The C compiler identification is GNU 14.3.0
[1.306s] -- The CXX compiler identification is GNU 14.3.0
[1.370s] -- Detecting C compiler ABI info
[1.615s] -- Detecting C compiler ABI info - done
[1.655s] -- Check for working C compiler: /home/luqo/miniforge3/envs/ros_env/bin/x86_64-conda-linux-gnu-cc - skipped
[1.658s] -- Detecting C compile features
[1.659s] -- Detecting C compile features - done
[1.683s] -- Detecting CXX compiler ABI info
[1.956s] -- Detecting CXX compiler ABI info - done
[2.004s] -- Check for working CXX compiler: /home/luqo/miniforge3/envs/ros_env/bin/x86_64-conda-linux-gnu-c++ - skipped
[2.004s] -- Detecting CXX compile features
[2.005s] -- Detecting CXX compile features - done
[2.039s] -- Found ament_cmake: 1.3.7 (/home/luqo/miniforge3/envs/ros_env/share/ament_cmake/cmake)
[3.164s] -- Found Python3: /home/luqo/miniforge3/envs/ros_env/bin/python3.11 (found version "3.11.8") found components: Interpreter 
[3.522s] -- Found rclcpp: 16.0.8 (/home/luqo/miniforge3/envs/ros_env/share/rclcpp/cmake)
[3.737s] -- Found rosidl_generator_c: 3.1.5 (/home/luqo/miniforge3/envs/ros_env/share/rosidl_generator_c/cmake)
[3.766s] -- Found rosidl_adapter: 3.1.5 (/home/luqo/miniforge3/envs/ros_env/share/rosidl_adapter/cmake)
[3.810s] -- Found rosidl_generator_cpp: 3.1.5 (/home/luqo/miniforge3/envs/ros_env/share/rosidl_generator_cpp/cmake)
[3.872s] -- Using all available rosidl_typesupport_c: rosidl_typesupport_fastrtps_c;rosidl_typesupport_introspection_c
[3.962s] -- Using all available rosidl_typesupport_cpp: rosidl_typesupport_fastrtps_cpp;rosidl_typesupport_introspection_cpp
[4.303s] -- Checking for module 'yaml-0.1'
[4.561s] --   Found yaml-0.1, version 0.2.5
[5.291s] -- Found rmw_implementation_cmake: 6.1.1 (/home/luqo/miniforge3/envs/ros_env/share/rmw_implementation_cmake/cmake)
[5.313s] -- Found rmw_fastrtps_cpp: 6.2.6 (/home/luqo/miniforge3/envs/ros_env/share/rmw_fastrtps_cpp/cmake)
[6.562s] -- Found OpenSSL: /home/luqo/miniforge3/envs/ros_env/lib/libcrypto.so (found version "3.6.0")  
[6.692s] -- Found FastRTPS: /home/luqo/miniforge3/envs/ros_env/include  
[6.844s] -- Using RMW implementation 'rmw_fastrtps_cpp' as default
[6.892s] -- Performing Test CMAKE_HAVE_LIBC_PTHREAD
[7.196s] -- Performing Test CMAKE_HAVE_LIBC_PTHREAD - Success
[7.202s] -- Found Threads: TRUE  
[7.735s] -- Found sensor_msgs: 4.2.3 (/home/luqo/miniforge3/envs/ros_env/share/sensor_msgs/cmake)
[8.418s] -- Found nav_msgs: 4.2.3 (/home/luqo/miniforge3/envs/ros_env/share/nav_msgs/cmake)
[8.689s] -- Found tf2_ros: 0.25.5 (/home/luqo/miniforge3/envs/ros_env/share/tf2_ros/cmake)
[9.724s] -- Found pcl_conversions: 2.4.0 (/home/luqo/miniforge3/envs/ros_env/share/pcl_conversions/cmake)
[10.040s] -- Found laser_geometry: 2.4.0 (/home/luqo/miniforge3/envs/ros_env/share/laser_geometry/cmake)
[10.120s] -- Found tf2_geometry_msgs: 0.25.5 (/home/luqo/miniforge3/envs/ros_env/share/tf2_geometry_msgs/cmake)
[10.160s] -- Found Eigen3: TRUE (found version "3.4.0") 
[10.161s] -- Ensuring Eigen3 include directory is part of orocos-kdl CMake target
[10.254s] [33mCMake Warning (dev) at /home/luqo/miniforge3/envs/ros_env/share/pcl-1.13/PCLConfig.cmake:143 (find_package):
[10.254s]   Policy CMP0144 is not set: find_package uses upper-case <PACKAGENAME>_ROOT
[10.254s]   variables.  Run "cmake --help-policy CMP0144" for policy details.  Use the
[10.255s]   cmake_policy command to set the policy and suppress this warning.
[10.255s] 
[10.255s]   CMake variable EIGEN_ROOT is set to:
[10.255s] 
[10.255s]     /home/luqo/miniforge3/envs/ros_env/include/eigen3
[10.255s] 
[10.256s]   For compatibility, find_package is ignoring the variable, but code in a
[10.256s]   .cmake module might still use it.
[10.256s] Call Stack (most recent call first):
[10.256s]   /home/luqo/miniforge3/envs/ros_env/share/pcl-1.13/PCLConfig.cmake:296 (find_eigen)
[10.256s]   /home/luqo/miniforge3/envs/ros_env/share/pcl-1.13/PCLConfig.cmake:549 (find_external_library)
[10.256s]   CMakeLists.txt:22 (find_package)
[10.257s] This warning is for project developers.  Use -Wno-dev to suppress it.
[10.257s] [0m
[10.315s] -- Checking for module 'eigen3'
[10.569s] --   Found eigen3, version 3.4.0
[11.274s] -- Found Eigen: /home/luqo/miniforge3/envs/ros_env/include/eigen3 (Required is at least version "3.3") 
[11.274s] -- Eigen found (include: /home/luqo/miniforge3/envs/ros_env/include/eigen3, version: 3.4.0)
[11.337s] -- Found Boost: /home/luqo/miniforge3/envs/ros_env/lib/cmake/Boost-1.82.0/BoostConfig.cmake (found suitable version "1.82.0", minimum required is "1.65.0") found components: system filesystem iostreams 
[11.348s] [33mCMake Warning (dev) at /home/luqo/miniforge3/envs/ros_env/share/pcl-1.13/Modules/FindFLANN.cmake:45 (find_package):
[11.348s]   Policy CMP0144 is not set: find_package uses upper-case <PACKAGENAME>_ROOT
[11.349s]   variables.  Run "cmake --help-policy CMP0144" for policy details.  Use the
[11.349s]   cmake_policy command to set the policy and suppress this warning.
[11.349s] 
[11.349s]   CMake variable FLANN_ROOT is set to:
[11.349s] 
[11.350s]     /home/luqo/miniforge3/envs/ros_env
[11.350s] 
[11.350s]   For compatibility, find_package is ignoring the variable, but code in a
[11.350s]   .cmake module might still use it.
[11.350s] Call Stack (most recent call first):
[11.351s]   /home/luqo/miniforge3/envs/ros_env/share/pcl-1.13/PCLConfig.cmake:253 (find_package)
[11.351s]   /home/luqo/miniforge3/envs/ros_env/share/pcl-1.13/PCLConfig.cmake:298 (find_flann)
[11.351s]   /home/luqo/miniforge3/envs/ros_env/share/pcl-1.13/PCLConfig.cmake:549 (find_external_library)
[11.351s]   CMakeLists.txt:22 (find_package)
[11.352s] This warning is for project developers.  Use -Wno-dev to suppress it.
[11.352s] [0m
[11.355s] -- Found flann version 1.9.2
[11.464s] -- Found GLEW: /home/luqo/miniforge3/envs/ros_env/lib/libGLEW.so  
[11.491s] -- Found OpenGL: /home/luqo/miniforge3/envs/ros_env/lib/libOpenGL.so  found components: OpenGL GLX 
[11.495s] -- Found utf8cpp: /home/luqo/miniforge3/envs/ros_env/include  
[11.541s] -- Found ZLIB: /home/luqo/miniforge3/envs/ros_env/lib/libz.so (found version "1.2.13")  
[11.583s] -- Found PNG: /home/luqo/miniforge3/envs/ros_env/lib/libpng.so (found version "1.6.43") 
[11.589s] -- Found nlohmann_json: /home/luqo/miniforge3/envs/ros_env/share/cmake/nlohmann_json/nlohmann_jsonConfig.cmake (found version "3.12.0") 
[11.711s] -- Found Eigen3: /home/luqo/miniforge3/envs/ros_env/include/eigen3 (found version "3.4.0") 
[11.803s] -- Found X11: /home/luqo/miniforge3/envs/ros_env/include   
[11.806s] -- Looking for XOpenDisplay in /home/luqo/miniforge3/envs/ros_env/lib/libX11.so;/home/luqo/miniforge3/envs/ros_env/lib/libXext.so
[12.028s] -- Looking for XOpenDisplay in /home/luqo/miniforge3/envs/ros_env/lib/libX11.so;/home/luqo/miniforge3/envs/ros_env/lib/libXext.so - found
[12.029s] -- Looking for gethostbyname
[12.236s] -- Looking for gethostbyname - found
[12.237s] -- Looking for connect
[12.432s] -- Looking for connect - found
[12.432s] -- Looking for remove
[12.619s] -- Looking for remove - found
[12.620s] -- Looking for shmat
[12.829s] -- Looking for shmat - found
[12.829s] -- Looking for IceConnectionNumber in ICE
[13.041s] -- Looking for IceConnectionNumber in ICE - found
[14.107s] -- Found EXPAT: /home/luqo/miniforge3/envs/ros_env/lib/libexpat.so (found version "2.5.0") 
[14.116s] -- Found double-conversion: /home/luqo/miniforge3/envs/ros_env/lib/libdouble-conversion.so  
[14.127s] -- Found LZ4: /home/luqo/miniforge3/envs/ros_env/lib/liblz4.so (found version "1.9.4") 
[14.137s] -- Found LZMA: /home/luqo/miniforge3/envs/ros_env/lib/liblzma.so (found version "5.8.1") 
[14.373s] -- Found JPEG: /home/luqo/miniforge3/envs/ros_env/lib/libjpeg.so (found version "80") 
[14.401s] -- Found TIFF: /home/luqo/miniforge3/envs/ros_env/lib/libtiff.so (found version "4.6.0")  
[14.422s] -- Found Freetype: /home/luqo/miniforge3/envs/ros_env/lib/libfreetype.so (found version "2.12.1") 
[14.934s] -- Eigen found (include: /home/luqo/miniforge3/envs/ros_env/include/eigen3, version: 3.4.0)
[15.313s] -- Found Qhull version 8.0.2
[15.682s] -- looking for PCL_COMMON
[15.685s] -- Found PCL_COMMON: /home/luqo/miniforge3/envs/ros_env/lib/libpcl_common.so  
[15.685s] -- looking for PCL_KDTREE
[15.688s] -- Found PCL_KDTREE: /home/luqo/miniforge3/envs/ros_env/lib/libpcl_kdtree.so  
[15.688s] -- looking for PCL_OCTREE
[15.690s] -- Found PCL_OCTREE: /home/luqo/miniforge3/envs/ros_env/lib/libpcl_octree.so  
[15.691s] -- looking for PCL_SEARCH
[15.693s] -- Found PCL_SEARCH: /home/luqo/miniforge3/envs/ros_env/lib/libpcl_search.so  
[15.694s] -- looking for PCL_SAMPLE_CONSENSUS
[15.696s] -- Found PCL_SAMPLE_CONSENSUS: /home/luqo/miniforge3/envs/ros_env/lib/libpcl_sample_consensus.so  
[15.696s] -- looking for PCL_FILTERS
[15.698s] -- Found PCL_FILTERS: /home/luqo/miniforge3/envs/ros_env/lib/libpcl_filters.so  
[15.699s] -- looking for PCL_2D
[15.700s] -- Found PCL_2D: /home/luqo/miniforge3/envs/ros_env/include/pcl-1.13  
[15.700s] -- looking for PCL_GEOMETRY
[15.701s] -- Found PCL_GEOMETRY: /home/luqo/miniforge3/envs/ros_env/include/pcl-1.13  
[15.701s] -- looking for PCL_IO
[15.704s] -- Found PCL_IO: /home/luqo/miniforge3/envs/ros_env/lib/libpcl_io.so  
[15.704s] -- looking for PCL_FEATURES
[15.706s] -- Found PCL_FEATURES: /home/luqo/miniforge3/envs/ros_env/lib/libpcl_features.so  
[15.707s] -- looking for PCL_ML
[15.710s] -- Found PCL_ML: /home/luqo/miniforge3/envs/ros_env/lib/libpcl_ml.so  
[15.710s] -- looking for PCL_SEGMENTATION
[15.713s] -- Found PCL_SEGMENTATION: /home/luqo/miniforge3/envs/ros_env/lib/libpcl_segmentation.so  
[15.713s] -- looking for PCL_VISUALIZATION
[15.716s] -- Found PCL_VISUALIZATION: /home/luqo/miniforge3/envs/ros_env/lib/libpcl_visualization.so  
[15.716s] -- looking for PCL_SURFACE
[15.718s] -- Found PCL_SURFACE: /home/luqo/miniforge3/envs/ros_env/lib/libpcl_surface.so  
[15.719s] -- looking for PCL_REGISTRATION
[15.721s] -- Found PCL_REGISTRATION: /home/luqo/miniforge3/envs/ros_env/lib/libpcl_registration.so  
[15.721s] -- looking for PCL_KEYPOINTS
[15.724s] -- Found PCL_KEYPOINTS: /home/luqo/miniforge3/envs/ros_env/lib/libpcl_keypoints.so  
[15.724s] -- looking for PCL_TRACKING
[15.727s] -- Found PCL_TRACKING: /home/luqo/miniforge3/envs/ros_env/lib/libpcl_tracking.so  
[15.727s] -- looking for PCL_RECOGNITION
[15.729s] -- Found PCL_RECOGNITION: /home/luqo/miniforge3/envs/ros_env/lib/libpcl_recognition.so  
[15.730s] -- looking for PCL_STEREO
[15.732s] -- Found PCL_STEREO: /home/luqo/miniforge3/envs/ros_env/lib/libpcl_stereo.so  
[15.733s] -- looking for PCL_OUTOFCORE
[15.735s] -- Found PCL_OUTOFCORE: /home/luqo/miniforge3/envs/ros_env/lib/libpcl_outofcore.so  
[15.735s] -- looking for PCL_PEOPLE
[15.737s] -- Found PCL_PEOPLE: /home/luqo/miniforge3/envs/ros_env/lib/libpcl_people.so  
[15.739s] -- Found PCL: pcl_common;pcl_kdtree;pcl_octree;pcl_search;pcl_sample_consensus;pcl_filters;pcl_io;pcl_features;pcl_ml;pcl_segmentation;pcl_visualization;pcl_surface;pcl_registration;pcl_keypoints;pcl_tracking;pcl_recognition;pcl_stereo;pcl_outofcore;pcl_people;Boost::system;Boost::filesystem;Boost::iostreams;VTK::ChartsCore;VTK::CommonColor;VTK::CommonComputationalGeometry;VTK::CommonCore;VTK::CommonDataModel;VTK::CommonExecutionModel;VTK::CommonMath;VTK::CommonMisc;VTK::CommonTransforms;VTK::FiltersCore;VTK::FiltersExtraction;VTK::FiltersGeneral;VTK::FiltersGeometry;VTK::FiltersModeling;VTK::FiltersSources;VTK::ImagingCore;VTK::ImagingSources;VTK::InteractionImage;VTK::InteractionStyle;VTK::InteractionWidgets;VTK::IOCore;VTK::IOGeometry;VTK::IOImage;VTK::IOLegacy;VTK::IOPLY;VTK::RenderingAnnotation;VTK::RenderingCore;VTK::RenderingContext2D;VTK::RenderingLOD;VTK::RenderingFreeType;VTK::ViewsCore;VTK::ViewsContext2D;VTK::RenderingOpenGL2;VTK::RenderingContextOpenGL2;VTK::GUISupportQt;FLANN::FLANN;QHULL::QHULL  
[15.874s] -- Found ament_lint_auto: 0.12.10 (/home/luqo/miniforge3/envs/ros_env/share/ament_lint_auto/cmake)
[16.177s] -- Added test 'cppcheck' to perform static code analysis on C / C++ code
[16.178s] -- Configured cppcheck include dirs: $<BUILD_INTERFACE:/home/luqo/Documents/Robotica/TPs/Robotica-TP6/turtlebot3_icp_localization/include>
[16.178s] -- Configured cppcheck exclude dirs and/or files: 
[16.181s] -- Added test 'flake8' to check Python code syntax and style conventions
[16.186s] -- Added test 'lint_cmake' to check CMake code style
[16.189s] -- Added test 'pep257' to check Python code against some of the docstring style conventions in PEP 257
[16.202s] -- Added test 'uncrustify' to check C / C++ code style
[16.202s] -- Configured uncrustify additional arguments: 
[16.205s] -- Added test 'xmllint' to check XML markup files
[16.209s] -- Configuring done (16.0s)
[16.439s] -- Generating done (0.2s)
[16.446s] -- Build files have been written to: /home/luqo/Documents/Robotica/TPs/Robotica-TP6/turtlebot3_icp_localization/build/turtlebot3_icp_localization
[16.493s] Invoked command in '/home/luqo/Documents/Robotica/TPs/Robotica-TP6/turtlebot3_icp_localization/build/turtlebot3_icp_localization' returned '0': CONDA_PROMPT_MODIFIER=(ros_env) /home/luqo/miniforge3/envs/ros_env/bin/cmake /home/luqo/Documents/Robotica/TPs/Robotica-TP6/turtlebot3_icp_localization -DCMAKE_INSTALL_PREFIX=/home/luqo/Documents/Robotica/TPs/Robotica-TP6/turtlebot3_icp_localization/install/turtlebot3_icp_localization
[16.499s] Invoking command in '/home/luqo/Documents/Robotica/TPs/Robotica-TP6/turtlebot3_icp_localization/build/turtlebot3_icp_localization': CONDA_PROMPT_MODIFIER=(ros_env) /home/luqo/miniforge3/envs/ros_env/bin/cmake --build /home/luqo/Documents/Robotica/TPs/Robotica-TP6/turtlebot3_icp_localization/build/turtlebot3_icp_localization -- -j8 -l8
[16.604s] [ 50%] [32mBuilding CXX object CMakeFiles/icp_localizer.dir/src/icp_localizer.cpp.o[0m
[52.816s] [100%] [32m[1mLinking CXX executable icp_localizer[0m
[54.832s] [100%] Built target icp_localizer
[54.860s] Invoked command in '/home/luqo/Documents/Robotica/TPs/Robotica-TP6/turtlebot3_icp_localization/build/turtlebot3_icp_localization' returned '0': CONDA_PROMPT_MODIFIER=(ros_env) /home/luqo/miniforge3/envs/ros_env/bin/cmake --build /home/luqo/Documents/Robotica/TPs/Robotica-TP6/turtlebot3_icp_localization/build/turtlebot3_icp_localization -- -j8 -l8
[54.939s] Invoking command in '/home/luqo/Documents/Robotica/TPs/Robotica-TP6/turtlebot3_icp_localization/build/turtlebot3_icp_localization': CONDA_PROMPT_MODIFIER=(ros_env) /home/luqo/miniforge3/envs/ros_env/bin/cmake --install /home/luqo/Documents/Robotica/TPs/Robotica-TP6/turtlebot3_icp_localization/build/turtlebot3_icp_localization
[54.951s] -- Install configuration: ""
[54.951s] -- Installing: /home/luqo/Documents/Robotica/TPs/Robotica-TP6/turtlebot3_icp_localization/install/turtlebot3_icp_localization/lib/turtlebot3_icp_localization/icp_localizer
[54.953s] -- Installing: /home/luqo/Documents/Robotica/TPs/Robotica-TP6/turtlebot3_icp_localization/install/turtlebot3_icp_localization/share/turtlebot3_icp_localization/launch
[54.953s] -- Installing: /home/luqo/Documents/Robotica/TPs/Robotica-TP6/turtlebot3_icp_localization/install/turtlebot3_icp_localization/share/turtlebot3_icp_localization/launch/icp_localization.launch.py
[54.954s] -- Installing: /home/luqo/Documents/Robotica/TPs/Robotica-TP6/turtlebot3_icp_localization/install/turtlebot3_icp_localization/share/turtlebot3_icp_localization/rviz
[54.954s] -- Installing: /home/luqo/Documents/Robotica/TPs/Robotica-TP6/turtlebot3_icp_localization/install/turtlebot3_icp_localization/share/turtlebot3_icp_localization/rviz/icp.rviz
[54.956s] -- Installing: /home/luqo/Documents/Robotica/TPs/Robotica-TP6/turtlebot3_icp_localization/install/turtlebot3_icp_localization/share/ament_index/resource_index/package_run_dependencies/turtlebot3_icp_localization
[54.956s] -- Installing: /home/luqo/Documents/Robotica/TPs/Robotica-TP6/turtlebot3_icp_localization/install/turtlebot3_icp_localization/share/ament_index/resource_index/parent_prefix_path/turtlebot3_icp_localization
[54.957s] -- Installing: /home/luqo/Documents/Robotica/TPs/Robotica-TP6/turtlebot3_icp_localization/install/turtlebot3_icp_localization/share/turtlebot3_icp_localization/environment/ament_prefix_path.sh
[54.957s] -- Installing: /home/luqo/Documents/Robotica/TPs/Robotica-TP6/turtlebot3_icp_localization/install/turtlebot3_icp_localization/share/turtlebot3_icp_localization/environment/ament_prefix_path.dsv
[54.958s] -- Installing: /home/luqo/Documents/Robotica/TPs/Robotica-TP6/turtlebot3_icp_localization/install/turtlebot3_icp_localization/share/turtlebot3_icp_localization/environment/path.sh
[54.958s] -- Installing: /home/luqo/Documents/Robotica/TPs/Robotica-TP6/turtlebot3_icp_localization/install/turtlebot3_icp_localization/share/turtlebot3_icp_localization/environment/path.dsv
[54.958s] -- Installing: /home/luqo/Documents/Robotica/TPs/Robotica-TP6/turtlebot3_icp_localization/install/turtlebot3_icp_localization/share/turtlebot3_icp_localization/local_setup.bash
[54.958s] -- Installing: /home/luqo/Documents/Robotica/TPs/Robotica-TP6/turtlebot3_icp_localization/install/turtlebot3_icp_localization/share/turtlebot3_icp_localization/local_setup.sh
[54.959s] -- Installing: /home/luqo/Documents/Robotica/TPs/Robotica-TP6/turtlebot3_icp_localization/install/turtlebot3_icp_localization/share/turtlebot3_icp_localization/local_setup.zsh
[54.959s] -- Installing: /home/luqo/Documents/Robotica/TPs/Robotica-TP6/turtlebot3_icp_localization/install/turtlebot3_icp_localization/share/turtlebot3_icp_localization/local_setup.dsv
[54.959s] -- Installing: /home/luqo/Documents/Robotica/TPs/Robotica-TP6/turtlebot3_icp_localization/install/turtlebot3_icp_localization/share/turtlebot3_icp_localization/package.dsv
[54.959s] -- Installing: /home/luqo/Documents/Robotica/TPs/Robotica-TP6/turtlebot3_icp_localization/install/turtlebot3_icp_localization/share/ament_index/resource_index/packages/turtlebot3_icp_localization
[54.959s] -- Installing: /home/luqo/Documents/Robotica/TPs/Robotica-TP6/turtlebot3_icp_localization/install/turtlebot3_icp_localization/share/turtlebot3_icp_localization/cmake/turtlebot3_icp_localizationConfig.cmake
[54.960s] -- Installing: /home/luqo/Documents/Robotica/TPs/Robotica-TP6/turtlebot3_icp_localization/install/turtlebot3_icp_localization/share/turtlebot3_icp_localization/cmake/turtlebot3_icp_localizationConfig-version.cmake
[54.960s] -- Installing: /home/luqo/Documents/Robotica/TPs/Robotica-TP6/turtlebot3_icp_localization/install/turtlebot3_icp_localization/share/turtlebot3_icp_localization/package.xml
[54.965s] Invoked command in '/home/luqo/Documents/Robotica/TPs/Robotica-TP6/turtlebot3_icp_localization/build/turtlebot3_icp_localization' returned '0': CONDA_PROMPT_MODIFIER=(ros_env) /home/luqo/miniforge3/envs/ros_env/bin/cmake --install /home/luqo/Documents/Robotica/TPs/Robotica-TP6/turtlebot3_icp_localization/build/turtlebot3_icp_localization
