[0.007s] Invoking command in '/home/alumno1/Documents/Robotica-TP6/turtlebot3_icp_localization/build/turtlebot3_icp_localization': CMAKE_PREFIX_PATH=${CMAKE_PREFIX_PATH}:/home/alumno1/turtlebot3_ws/install/turtlebot3_teleop:/home/alumno1/turtlebot3_ws/install/turtlebot3_example:/opt/ros/humble /usr/bin/cmake --build /home/alumno1/Documents/Robotica-TP6/turtlebot3_icp_localization/build/turtlebot3_icp_localization -- -j28 -l28
[0.038s] [35m[1mConsolidate compiler generated dependencies of target icp_localizer[0m
[0.056s] [ 50%] [32mBuilding CXX object CMakeFiles/icp_localizer.dir/src/icp_localizer.cpp.o[0m
[3.760s] [01m[K/home/alumno1/Documents/Robotica-TP6/turtlebot3_icp_localization/src/icp_localizer.cpp:[m[K In member function ‘[01m[Kbool IcpLocalizer::icp(pcl::PointCloud<pcl::PointXYZ>::Ptr, pcl::PointCloud<pcl::PointXYZ>::Ptr, Eigen::Matrix4f&)[m[K’:
[3.760s] [01m[K/home/alumno1/Documents/Robotica-TP6/turtlebot3_icp_localization/src/icp_localizer.cpp:186:21:[m[K [01;35m[Kwarning: [m[K‘[01m[Kangle[m[K’ may be used uninitialized [[01;35m[K]8;;https://gcc.gnu.org/onlinedocs/gcc/Warning-Options.html#index-Wmaybe-uninitialized-Wmaybe-uninitialized]8;;[m[K]
[3.760s]   186 |         if ([01;35m[Kstd::abs(angle)[m[K < ROT_THRESHOLD) {
[3.760s]       |             [01;35m[K~~~~~~~~^~~~~~~[m[K
[5.756s] [100%] [32m[1mLinking CXX executable icp_localizer[0m
[6.143s] [100%] Built target icp_localizer
[6.151s] Invoked command in '/home/alumno1/Documents/Robotica-TP6/turtlebot3_icp_localization/build/turtlebot3_icp_localization' returned '0': CMAKE_PREFIX_PATH=${CMAKE_PREFIX_PATH}:/home/alumno1/turtlebot3_ws/install/turtlebot3_teleop:/home/alumno1/turtlebot3_ws/install/turtlebot3_example:/opt/ros/humble /usr/bin/cmake --build /home/alumno1/Documents/Robotica-TP6/turtlebot3_icp_localization/build/turtlebot3_icp_localization -- -j28 -l28
[6.156s] Invoking command in '/home/alumno1/Documents/Robotica-TP6/turtlebot3_icp_localization/build/turtlebot3_icp_localization': CMAKE_PREFIX_PATH=${CMAKE_PREFIX_PATH}:/home/alumno1/turtlebot3_ws/install/turtlebot3_teleop:/home/alumno1/turtlebot3_ws/install/turtlebot3_example:/opt/ros/humble /usr/bin/cmake --install /home/alumno1/Documents/Robotica-TP6/turtlebot3_icp_localization/build/turtlebot3_icp_localization
[6.160s] -- Install configuration: ""
[6.160s] -- Installing: /home/alumno1/Documents/Robotica-TP6/turtlebot3_icp_localization/install/turtlebot3_icp_localization/lib/turtlebot3_icp_localization/icp_localizer
[6.162s] -- Set runtime path of "/home/alumno1/Documents/Robotica-TP6/turtlebot3_icp_localization/install/turtlebot3_icp_localization/lib/turtlebot3_icp_localization/icp_localizer" to ""
[6.162s] -- Up-to-date: /home/alumno1/Documents/Robotica-TP6/turtlebot3_icp_localization/install/turtlebot3_icp_localization/share/turtlebot3_icp_localization/launch
[6.162s] -- Up-to-date: /home/alumno1/Documents/Robotica-TP6/turtlebot3_icp_localization/install/turtlebot3_icp_localization/share/turtlebot3_icp_localization/launch/icp_localization.launch.py
[6.162s] -- Up-to-date: /home/alumno1/Documents/Robotica-TP6/turtlebot3_icp_localization/install/turtlebot3_icp_localization/share/turtlebot3_icp_localization/rviz
[6.162s] -- Up-to-date: /home/alumno1/Documents/Robotica-TP6/turtlebot3_icp_localization/install/turtlebot3_icp_localization/share/turtlebot3_icp_localization/rviz/icp.rviz
[6.162s] -- Up-to-date: /home/alumno1/Documents/Robotica-TP6/turtlebot3_icp_localization/install/turtlebot3_icp_localization/share/ament_index/resource_index/package_run_dependencies/turtlebot3_icp_localization
[6.162s] -- Up-to-date: /home/alumno1/Documents/Robotica-TP6/turtlebot3_icp_localization/install/turtlebot3_icp_localization/share/ament_index/resource_index/parent_prefix_path/turtlebot3_icp_localization
[6.162s] -- Up-to-date: /home/alumno1/Documents/Robotica-TP6/turtlebot3_icp_localization/install/turtlebot3_icp_localization/share/turtlebot3_icp_localization/environment/ament_prefix_path.sh
[6.162s] -- Up-to-date: /home/alumno1/Documents/Robotica-TP6/turtlebot3_icp_localization/install/turtlebot3_icp_localization/share/turtlebot3_icp_localization/environment/ament_prefix_path.dsv
[6.162s] -- Up-to-date: /home/alumno1/Documents/Robotica-TP6/turtlebot3_icp_localization/install/turtlebot3_icp_localization/share/turtlebot3_icp_localization/environment/path.sh
[6.162s] -- Up-to-date: /home/alumno1/Documents/Robotica-TP6/turtlebot3_icp_localization/install/turtlebot3_icp_localization/share/turtlebot3_icp_localization/environment/path.dsv
[6.162s] -- Up-to-date: /home/alumno1/Documents/Robotica-TP6/turtlebot3_icp_localization/install/turtlebot3_icp_localization/share/turtlebot3_icp_localization/local_setup.bash
[6.162s] -- Up-to-date: /home/alumno1/Documents/Robotica-TP6/turtlebot3_icp_localization/install/turtlebot3_icp_localization/share/turtlebot3_icp_localization/local_setup.sh
[6.163s] -- Up-to-date: /home/alumno1/Documents/Robotica-TP6/turtlebot3_icp_localization/install/turtlebot3_icp_localization/share/turtlebot3_icp_localization/local_setup.zsh
[6.163s] -- Up-to-date: /home/alumno1/Documents/Robotica-TP6/turtlebot3_icp_localization/install/turtlebot3_icp_localization/share/turtlebot3_icp_localization/local_setup.dsv
[6.163s] -- Installing: /home/alumno1/Documents/Robotica-TP6/turtlebot3_icp_localization/install/turtlebot3_icp_localization/share/turtlebot3_icp_localization/package.dsv
[6.163s] -- Up-to-date: /home/alumno1/Documents/Robotica-TP6/turtlebot3_icp_localization/install/turtlebot3_icp_localization/share/ament_index/resource_index/packages/turtlebot3_icp_localization
[6.163s] -- Up-to-date: /home/alumno1/Documents/Robotica-TP6/turtlebot3_icp_localization/install/turtlebot3_icp_localization/share/turtlebot3_icp_localization/cmake/turtlebot3_icp_localizationConfig.cmake
[6.163s] -- Up-to-date: /home/alumno1/Documents/Robotica-TP6/turtlebot3_icp_localization/install/turtlebot3_icp_localization/share/turtlebot3_icp_localization/cmake/turtlebot3_icp_localizationConfig-version.cmake
[6.163s] -- Up-to-date: /home/alumno1/Documents/Robotica-TP6/turtlebot3_icp_localization/install/turtlebot3_icp_localization/share/turtlebot3_icp_localization/package.xml
[6.163s] Invoked command in '/home/alumno1/Documents/Robotica-TP6/turtlebot3_icp_localization/build/turtlebot3_icp_localization' returned '0': CMAKE_PREFIX_PATH=${CMAKE_PREFIX_PATH}:/home/alumno1/turtlebot3_ws/install/turtlebot3_teleop:/home/alumno1/turtlebot3_ws/install/turtlebot3_example:/opt/ros/humble /usr/bin/cmake --install /home/alumno1/Documents/Robotica-TP6/turtlebot3_icp_localization/build/turtlebot3_icp_localization
