[0.029s] Invoking command in '/home/luqo/Documents/Robotica/TPs/Robotica-TP6/build/turtlebot3_custom_simulation': CONDA_PROMPT_MODIFIER=(ros_env) /home/luqo/miniforge3/envs/ros_env/bin/cmake --build /home/luqo/Documents/Robotica/TPs/Robotica-TP6/build/turtlebot3_custom_simulation -- -j8 -l8
[0.147s] [ 50%] [32m[1mLinking CXX executable turtlebot3_custom_simulation[0m
[0.983s] /home/luqo/miniforge3/envs/ros_env/bin/../lib/gcc/x86_64-conda-linux-gnu/14.3.0/../../../../x86_64-conda-linux-gnu/bin/ld: /home/luqo/miniforge3/envs/ros_env/lib/libnav_msgs__rosidl_generator_py.so: undefined reference to `_Py_Dealloc'
[0.983s] /home/luqo/miniforge3/envs/ros_env/bin/../lib/gcc/x86_64-conda-linux-gnu/14.3.0/../../../../x86_64-conda-linux-gnu/bin/ld: /home/luqo/miniforge3/envs/ros_env/lib/libsensor_msgs__rosidl_generator_py.so: undefined reference to `PyLong_FromLong'
[0.983s] /home/luqo/miniforge3/envs/ros_env/bin/../lib/gcc/x86_64-conda-linux-gnu/14.3.0/../../../../x86_64-conda-linux-gnu/bin/ld: /home/luqo/miniforge3/envs/ros_env/lib/libnav_msgs__rosidl_generator_py.so: undefined reference to `PyUnicode_AsUTF8String'
[0.984s] /home/luqo/miniforge3/envs/ros_env/bin/../lib/gcc/x86_64-conda-linux-gnu/14.3.0/../../../../x86_64-conda-linux-gnu/bin/ld: /home/luqo/miniforge3/envs/ros_env/lib/libnav_msgs__rosidl_generator_py.so: undefined reference to `PyImport_ImportModule'
[0.985s] /home/luqo/miniforge3/envs/ros_env/bin/../lib/gcc/x86_64-conda-linux-gnu/14.3.0/../../../../x86_64-conda-linux-gnu/bin/ld: /home/luqo/miniforge3/envs/ros_env/lib/libnav_msgs__rosidl_generator_py.so: undefined reference to `PyObject_SetAttrString'
[0.986s] /home/luqo/miniforge3/envs/ros_env/bin/../lib/gcc/x86_64-conda-linux-gnu/14.3.0/../../../../x86_64-conda-linux-gnu/bin/ld: /home/luqo/miniforge3/envs/ros_env/lib/libnav_msgs__rosidl_generator_py.so: undefined reference to `PyExc_RuntimeError'
[0.988s] /home/luqo/miniforge3/envs/ros_env/bin/../lib/gcc/x86_64-conda-linux-gnu/14.3.0/../../../../x86_64-conda-linux-gnu/bin/ld: /home/luqo/miniforge3/envs/ros_env/lib/libnav_msgs__rosidl_generator_py.so: undefined reference to `PyUnicode_DecodeUTF8'
[0.989s] /home/luqo/miniforge3/envs/ros_env/bin/../lib/gcc/x86_64-conda-linux-gnu/14.3.0/../../../../x86_64-conda-linux-gnu/bin/ld: /home/luqo/miniforge3/envs/ros_env/lib/libnav_msgs__rosidl_generator_py.so: undefined reference to `PyErr_SetString'
[0.989s] /home/luqo/miniforge3/envs/ros_env/bin/../lib/gcc/x86_64-conda-linux-gnu/14.3.0/../../../../x86_64-conda-linux-gnu/bin/ld: /home/luqo/miniforge3/envs/ros_env/lib/libnav_msgs__rosidl_generator_py.so: undefined reference to `PyObject_CallObject'
[0.993s] /home/luqo/miniforge3/envs/ros_env/bin/../lib/gcc/x86_64-conda-linux-gnu/14.3.0/../../../../x86_64-conda-linux-gnu/bin/ld: /home/luqo/miniforge3/envs/ros_env/lib/libnav_msgs__rosidl_generator_py.so: undefined reference to `PyObject_GetBuffer'
[0.994s] /home/luqo/miniforge3/envs/ros_env/bin/../lib/gcc/x86_64-conda-linux-gnu/14.3.0/../../../../x86_64-conda-linux-gnu/bin/ld: /home/luqo/miniforge3/envs/ros_env/lib/libnav_msgs__rosidl_generator_py.so: undefined reference to `PyLong_AsSize_t'
[0.995s] /home/luqo/miniforge3/envs/ros_env/bin/../lib/gcc/x86_64-conda-linux-gnu/14.3.0/../../../../x86_64-conda-linux-gnu/bin/ld: /home/luqo/miniforge3/envs/ros_env/lib/librcl_interfaces__rosidl_generator_py.so: undefined reference to `PyLong_FromUnsignedLongLong'
[0.998s] /home/luqo/miniforge3/envs/ros_env/bin/../lib/gcc/x86_64-conda-linux-gnu/14.3.0/../../../../x86_64-conda-linux-gnu/bin/ld: /home/luqo/miniforge3/envs/ros_env/lib/libnav_msgs__rosidl_generator_py.so: undefined reference to `PyList_SetItem'
[0.999s] /home/luqo/miniforge3/envs/ros_env/bin/../lib/gcc/x86_64-conda-linux-gnu/14.3.0/../../../../x86_64-conda-linux-gnu/bin/ld: /home/luqo/miniforge3/envs/ros_env/lib/librcl_interfaces__rosidl_generator_py.so: undefined reference to `PyLong_AsUnsignedLongLong'
[1.000s] /home/luqo/miniforge3/envs/ros_env/bin/../lib/gcc/x86_64-conda-linux-gnu/14.3.0/../../../../x86_64-conda-linux-gnu/bin/ld: /home/luqo/miniforge3/envs/ros_env/lib/libnav_msgs__rosidl_generator_py.so: undefined reference to `PyBuffer_Release'
[1.002s] /home/luqo/miniforge3/envs/ros_env/bin/../lib/gcc/x86_64-conda-linux-gnu/14.3.0/../../../../x86_64-conda-linux-gnu/bin/ld: /home/luqo/miniforge3/envs/ros_env/lib/libnav_msgs__rosidl_generator_py.so: undefined reference to `PyLong_AsUnsignedLong'
[1.003s] /home/luqo/miniforge3/envs/ros_env/bin/../lib/gcc/x86_64-conda-linux-gnu/14.3.0/../../../../x86_64-conda-linux-gnu/bin/ld: /home/luqo/miniforge3/envs/ros_env/lib/libnav_msgs__rosidl_generator_py.so: undefined reference to `PySequence_Size'
[1.004s] /home/luqo/miniforge3/envs/ros_env/bin/../lib/gcc/x86_64-conda-linux-gnu/14.3.0/../../../../x86_64-conda-linux-gnu/bin/ld: /home/luqo/miniforge3/envs/ros_env/lib/libnav_msgs__rosidl_generator_py.so: undefined reference to `PyFloat_FromDouble'
[1.007s] /home/luqo/miniforge3/envs/ros_env/bin/../lib/gcc/x86_64-conda-linux-gnu/14.3.0/../../../../x86_64-conda-linux-gnu/bin/ld: /home/luqo/miniforge3/envs/ros_env/lib/libnav_msgs__rosidl_generator_py.so: undefined reference to `PyBool_FromLong'
[1.008s] /home/luqo/miniforge3/envs/ros_env/bin/../lib/gcc/x86_64-conda-linux-gnu/14.3.0/../../../../x86_64-conda-linux-gnu/bin/ld: /home/luqo/miniforge3/envs/ros_env/lib/libnav_msgs__rosidl_generator_py.so: undefined reference to `PyLong_AsLong'
[1.008s] /home/luqo/miniforge3/envs/ros_env/bin/../lib/gcc/x86_64-conda-linux-gnu/14.3.0/../../../../x86_64-conda-linux-gnu/bin/ld: /home/luqo/miniforge3/envs/ros_env/lib/libnav_msgs__rosidl_generator_py.so: undefined reference to `_Py_TrueStruct'
[1.008s] /home/luqo/miniforge3/envs/ros_env/bin/../lib/gcc/x86_64-conda-linux-gnu/14.3.0/../../../../x86_64-conda-linux-gnu/bin/ld: /home/luqo/miniforge3/envs/ros_env/lib/libnav_msgs__rosidl_generator_py.so: undefined reference to `PyObject_Size'
[1.009s] /home/luqo/miniforge3/envs/ros_env/bin/../lib/gcc/x86_64-conda-linux-gnu/14.3.0/../../../../x86_64-conda-linux-gnu/bin/ld: /home/luqo/miniforge3/envs/ros_env/lib/librcl_interfaces__rosidl_generator_py.so: undefined reference to `PyLong_AsLongLong'
[1.009s] /home/luqo/miniforge3/envs/ros_env/bin/../lib/gcc/x86_64-conda-linux-gnu/14.3.0/../../../../x86_64-conda-linux-gnu/bin/ld: /home/luqo/miniforge3/envs/ros_env/lib/librcl_interfaces__rosidl_generator_py.so: undefined reference to `PyLong_FromLongLong'
[1.014s] /home/luqo/miniforge3/envs/ros_env/bin/../lib/gcc/x86_64-conda-linux-gnu/14.3.0/../../../../x86_64-conda-linux-gnu/bin/ld: /home/luqo/miniforge3/envs/ros_env/lib/libnav_msgs__rosidl_generator_py.so: undefined reference to `PyObject_GetAttrString'
[1.015s] /home/luqo/miniforge3/envs/ros_env/bin/../lib/gcc/x86_64-conda-linux-gnu/14.3.0/../../../../x86_64-conda-linux-gnu/bin/ld: /home/luqo/miniforge3/envs/ros_env/lib/libnav_msgs__rosidl_generator_py.so: undefined reference to `PyList_New'
[1.015s] /home/luqo/miniforge3/envs/ros_env/bin/../lib/gcc/x86_64-conda-linux-gnu/14.3.0/../../../../x86_64-conda-linux-gnu/bin/ld: /home/luqo/miniforge3/envs/ros_env/lib/libnav_msgs__rosidl_generator_py.so: undefined reference to `PyBuffer_ToContiguous'
[1.016s] /home/luqo/miniforge3/envs/ros_env/bin/../lib/gcc/x86_64-conda-linux-gnu/14.3.0/../../../../x86_64-conda-linux-gnu/bin/ld: /home/luqo/miniforge3/envs/ros_env/lib/libnav_msgs__rosidl_generator_py.so: undefined reference to `PyObject_CallFunctionObjArgs'
[1.016s] /home/luqo/miniforge3/envs/ros_env/bin/../lib/gcc/x86_64-conda-linux-gnu/14.3.0/../../../../x86_64-conda-linux-gnu/bin/ld: /home/luqo/miniforge3/envs/ros_env/lib/libnav_msgs__rosidl_generator_py.so: undefined reference to `PyObject_CheckBuffer'
[1.018s] /home/luqo/miniforge3/envs/ros_env/bin/../lib/gcc/x86_64-conda-linux-gnu/14.3.0/../../../../x86_64-conda-linux-gnu/bin/ld: /home/luqo/miniforge3/envs/ros_env/lib/libnav_msgs__rosidl_generator_py.so: undefined reference to `PyLong_FromUnsignedLong'
[1.020s] /home/luqo/miniforge3/envs/ros_env/bin/../lib/gcc/x86_64-conda-linux-gnu/14.3.0/../../../../x86_64-conda-linux-gnu/bin/ld: /home/luqo/miniforge3/envs/ros_env/lib/libnav_msgs__rosidl_generator_py.so: undefined reference to `PySequence_Fast'
[1.021s] /home/luqo/miniforge3/envs/ros_env/bin/../lib/gcc/x86_64-conda-linux-gnu/14.3.0/../../../../x86_64-conda-linux-gnu/bin/ld: /home/luqo/miniforge3/envs/ros_env/lib/libnav_msgs__rosidl_generator_py.so: undefined reference to `PyBytes_FromStringAndSize'
[1.067s] collect2: error: ld returned 1 exit status
[1.071s] gmake[2]: *** [CMakeFiles/turtlebot3_custom_simulation.dir/build.make:215: turtlebot3_custom_simulation] Error 1
[1.072s] gmake[1]: *** [CMakeFiles/Makefile2:137: CMakeFiles/turtlebot3_custom_simulation.dir/all] Error 2
[1.072s] gmake: *** [Makefile:146: all] Error 2
[1.078s] Invoked command in '/home/luqo/Documents/Robotica/TPs/Robotica-TP6/build/turtlebot3_custom_simulation' returned '2': CONDA_PROMPT_MODIFIER=(ros_env) /home/luqo/miniforge3/envs/ros_env/bin/cmake --build /home/luqo/Documents/Robotica/TPs/Robotica-TP6/build/turtlebot3_custom_simulation -- -j8 -l8
