[0.025s] Invoking command in '/home/luqo/Documents/Robotica/TPs/Robotica-TP6/turtlebot3_custom_simulation/build/turtlebot3_custom_simulation': CONDA_PROMPT_MODIFIER=(ros_env) /home/luqo/miniforge3/envs/ros_env/bin/cmake --build /home/luqo/Documents/Robotica/TPs/Robotica-TP6/turtlebot3_custom_simulation/build/turtlebot3_custom_simulation -- -j8 -l8
[0.127s] [100%] Built target turtlebot3_custom_simulation
[0.147s] Invoked command in '/home/luqo/Documents/Robotica/TPs/Robotica-TP6/turtlebot3_custom_simulation/build/turtlebot3_custom_simulation' returned '0': CONDA_PROMPT_MODIFIER=(ros_env) /home/luqo/miniforge3/envs/ros_env/bin/cmake --build /home/luqo/Documents/Robotica/TPs/Robotica-TP6/turtlebot3_custom_simulation/build/turtlebot3_custom_simulation -- -j8 -l8
[0.214s] Invoking command in '/home/luqo/Documents/Robotica/TPs/Robotica-TP6/turtlebot3_custom_simulation/build/turtlebot3_custom_simulation': CONDA_PROMPT_MODIFIER=(ros_env) /home/luqo/miniforge3/envs/ros_env/bin/cmake --install /home/luqo/Documents/Robotica/TPs/Robotica-TP6/turtlebot3_custom_simulation/build/turtlebot3_custom_simulation
[0.227s] -- Install configuration: ""
[0.228s] -- Installing: /home/luqo/Documents/Robotica/TPs/Robotica-TP6/turtlebot3_custom_simulation/install/turtlebot3_custom_simulation/lib/turtlebot3_custom_simulation/turtlebot3_custom_simulation
[0.230s] -- Up-to-date: /home/luqo/Documents/Robotica/TPs/Robotica-TP6/turtlebot3_custom_simulation/install/turtlebot3_custom_simulation/share/turtlebot3_custom_simulation/launch
[0.230s] -- Up-to-date: /home/luqo/Documents/Robotica/TPs/Robotica-TP6/turtlebot3_custom_simulation/install/turtlebot3_custom_simulation/share/turtlebot3_custom_simulation/launch/custom_simulation.launch.py
[0.231s] -- Up-to-date: /home/luqo/Documents/Robotica/TPs/Robotica-TP6/turtlebot3_custom_simulation/install/turtlebot3_custom_simulation/share/turtlebot3_custom_simulation/launch/custom_casa_obs2.launch.py
[0.231s] -- Up-to-date: /home/luqo/Documents/Robotica/TPs/Robotica-TP6/turtlebot3_custom_simulation/install/turtlebot3_custom_simulation/share/turtlebot3_custom_simulation/launch/custom_maze.launch.py
[0.231s] -- Up-to-date: /home/luqo/Documents/Robotica/TPs/Robotica-TP6/turtlebot3_custom_simulation/install/turtlebot3_custom_simulation/share/turtlebot3_custom_simulation/launch/custom_casa_obs.launch copy.py
[0.231s] -- Up-to-date: /home/luqo/Documents/Robotica/TPs/Robotica-TP6/turtlebot3_custom_simulation/install/turtlebot3_custom_simulation/share/turtlebot3_custom_simulation/launch/custom_casa.launch.py
[0.231s] -- Up-to-date: /home/luqo/Documents/Robotica/TPs/Robotica-TP6/turtlebot3_custom_simulation/install/turtlebot3_custom_simulation/share/turtlebot3_custom_simulation/launch/custom_room.launch.py
[0.231s] -- Up-to-date: /home/luqo/Documents/Robotica/TPs/Robotica-TP6/turtlebot3_custom_simulation/install/turtlebot3_custom_simulation/share/turtlebot3_custom_simulation/param
[0.231s] -- Up-to-date: /home/luqo/Documents/Robotica/TPs/Robotica-TP6/turtlebot3_custom_simulation/install/turtlebot3_custom_simulation/share/turtlebot3_custom_simulation/param/burger.yaml
[0.232s] -- Up-to-date: /home/luqo/Documents/Robotica/TPs/Robotica-TP6/turtlebot3_custom_simulation/install/turtlebot3_custom_simulation/share/turtlebot3_custom_simulation/worlds
[0.232s] -- Up-to-date: /home/luqo/Documents/Robotica/TPs/Robotica-TP6/turtlebot3_custom_simulation/install/turtlebot3_custom_simulation/share/turtlebot3_custom_simulation/worlds/Armchair
[0.232s] -- Up-to-date: /home/luqo/Documents/Robotica/TPs/Robotica-TP6/turtlebot3_custom_simulation/install/turtlebot3_custom_simulation/share/turtlebot3_custom_simulation/worlds/Armchair/model.config
[0.232s] -- Up-to-date: /home/luqo/Documents/Robotica/TPs/Robotica-TP6/turtlebot3_custom_simulation/install/turtlebot3_custom_simulation/share/turtlebot3_custom_simulation/worlds/Armchair/model.sdf
[0.232s] -- Up-to-date: /home/luqo/Documents/Robotica/TPs/Robotica-TP6/turtlebot3_custom_simulation/install/turtlebot3_custom_simulation/share/turtlebot3_custom_simulation/worlds/Sofa
[0.232s] -- Up-to-date: /home/luqo/Documents/Robotica/TPs/Robotica-TP6/turtlebot3_custom_simulation/install/turtlebot3_custom_simulation/share/turtlebot3_custom_simulation/worlds/Sofa/model.config
[0.232s] -- Up-to-date: /home/luqo/Documents/Robotica/TPs/Robotica-TP6/turtlebot3_custom_simulation/install/turtlebot3_custom_simulation/share/turtlebot3_custom_simulation/worlds/Sofa/model.sdf
[0.233s] -- Up-to-date: /home/luqo/Documents/Robotica/TPs/Robotica-TP6/turtlebot3_custom_simulation/install/turtlebot3_custom_simulation/share/turtlebot3_custom_simulation/worlds/casa.world
[0.233s] -- Up-to-date: /home/luqo/Documents/Robotica/TPs/Robotica-TP6/turtlebot3_custom_simulation/install/turtlebot3_custom_simulation/share/turtlebot3_custom_simulation/worlds/Suitcase1
[0.233s] -- Up-to-date: /home/luqo/Documents/Robotica/TPs/Robotica-TP6/turtlebot3_custom_simulation/install/turtlebot3_custom_simulation/share/turtlebot3_custom_simulation/worlds/Suitcase1/model.config
[0.233s] -- Up-to-date: /home/luqo/Documents/Robotica/TPs/Robotica-TP6/turtlebot3_custom_simulation/install/turtlebot3_custom_simulation/share/turtlebot3_custom_simulation/worlds/Suitcase1/model.sdf
[0.233s] -- Up-to-date: /home/luqo/Documents/Robotica/TPs/Robotica-TP6/turtlebot3_custom_simulation/install/turtlebot3_custom_simulation/share/turtlebot3_custom_simulation/worlds/maze.world
[0.233s] -- Up-to-date: /home/luqo/Documents/Robotica/TPs/Robotica-TP6/turtlebot3_custom_simulation/install/turtlebot3_custom_simulation/share/turtlebot3_custom_simulation/worlds/casa_obs2.world
[0.233s] -- Up-to-date: /home/luqo/Documents/Robotica/TPs/Robotica-TP6/turtlebot3_custom_simulation/install/turtlebot3_custom_simulation/share/turtlebot3_custom_simulation/worlds/Walls
[0.234s] -- Up-to-date: /home/luqo/Documents/Robotica/TPs/Robotica-TP6/turtlebot3_custom_simulation/install/turtlebot3_custom_simulation/share/turtlebot3_custom_simulation/worlds/Walls/model.config
[0.234s] -- Up-to-date: /home/luqo/Documents/Robotica/TPs/Robotica-TP6/turtlebot3_custom_simulation/install/turtlebot3_custom_simulation/share/turtlebot3_custom_simulation/worlds/Walls/model.sdf
[0.234s] -- Up-to-date: /home/luqo/Documents/Robotica/TPs/Robotica-TP6/turtlebot3_custom_simulation/install/turtlebot3_custom_simulation/share/turtlebot3_custom_simulation/worlds/map
[0.234s] -- Up-to-date: /home/luqo/Documents/Robotica/TPs/Robotica-TP6/turtlebot3_custom_simulation/install/turtlebot3_custom_simulation/share/turtlebot3_custom_simulation/worlds/map/map.yaml
[0.234s] -- Up-to-date: /home/luqo/Documents/Robotica/TPs/Robotica-TP6/turtlebot3_custom_simulation/install/turtlebot3_custom_simulation/share/turtlebot3_custom_simulation/worlds/map/map.pgm
[0.234s] -- Up-to-date: /home/luqo/Documents/Robotica/TPs/Robotica-TP6/turtlebot3_custom_simulation/install/turtlebot3_custom_simulation/share/turtlebot3_custom_simulation/worlds/HospitalBot
[0.234s] -- Up-to-date: /home/luqo/Documents/Robotica/TPs/Robotica-TP6/turtlebot3_custom_simulation/install/turtlebot3_custom_simulation/share/turtlebot3_custom_simulation/worlds/HospitalBot/model.config
[0.234s] -- Up-to-date: /home/luqo/Documents/Robotica/TPs/Robotica-TP6/turtlebot3_custom_simulation/install/turtlebot3_custom_simulation/share/turtlebot3_custom_simulation/worlds/HospitalBot/model.sdf
[0.234s] -- Up-to-date: /home/luqo/Documents/Robotica/TPs/Robotica-TP6/turtlebot3_custom_simulation/install/turtlebot3_custom_simulation/share/turtlebot3_custom_simulation/worlds/casa_o.world
[0.235s] -- Up-to-date: /home/luqo/Documents/Robotica/TPs/Robotica-TP6/turtlebot3_custom_simulation/install/turtlebot3_custom_simulation/share/turtlebot3_custom_simulation/worlds/Suitcase2H
[0.235s] -- Up-to-date: /home/luqo/Documents/Robotica/TPs/Robotica-TP6/turtlebot3_custom_simulation/install/turtlebot3_custom_simulation/share/turtlebot3_custom_simulation/worlds/Suitcase2H/model.config
[0.235s] -- Up-to-date: /home/luqo/Documents/Robotica/TPs/Robotica-TP6/turtlebot3_custom_simulation/install/turtlebot3_custom_simulation/share/turtlebot3_custom_simulation/worlds/Suitcase2H/model.sdf
[0.235s] -- Up-to-date: /home/luqo/Documents/Robotica/TPs/Robotica-TP6/turtlebot3_custom_simulation/install/turtlebot3_custom_simulation/share/turtlebot3_custom_simulation/worlds/slippery.world
[0.235s] -- Up-to-date: /home/luqo/Documents/Robotica/TPs/Robotica-TP6/turtlebot3_custom_simulation/install/turtlebot3_custom_simulation/share/turtlebot3_custom_simulation/worlds/casa_obs.world
[0.235s] -- Up-to-date: /home/luqo/Documents/Robotica/TPs/Robotica-TP6/turtlebot3_custom_simulation/install/turtlebot3_custom_simulation/share/turtlebot3_custom_simulation/worlds/room.world
[0.235s] -- Up-to-date: /home/luqo/Documents/Robotica/TPs/Robotica-TP6/turtlebot3_custom_simulation/install/turtlebot3_custom_simulation/include/
[0.235s] -- Up-to-date: /home/luqo/Documents/Robotica/TPs/Robotica-TP6/turtlebot3_custom_simulation/install/turtlebot3_custom_simulation/include//turtlebot3_custom_simulation
[0.235s] -- Up-to-date: /home/luqo/Documents/Robotica/TPs/Robotica-TP6/turtlebot3_custom_simulation/install/turtlebot3_custom_simulation/include//turtlebot3_custom_simulation/turtlebot3_custom_simulation.hpp
[0.236s] -- Up-to-date: /home/luqo/Documents/Robotica/TPs/Robotica-TP6/turtlebot3_custom_simulation/install/turtlebot3_custom_simulation/share/ament_index/resource_index/package_run_dependencies/turtlebot3_custom_simulation
[0.236s] -- Up-to-date: /home/luqo/Documents/Robotica/TPs/Robotica-TP6/turtlebot3_custom_simulation/install/turtlebot3_custom_simulation/share/ament_index/resource_index/parent_prefix_path/turtlebot3_custom_simulation
[0.236s] -- Up-to-date: /home/luqo/Documents/Robotica/TPs/Robotica-TP6/turtlebot3_custom_simulation/install/turtlebot3_custom_simulation/share/turtlebot3_custom_simulation/environment/ament_prefix_path.sh
[0.236s] -- Up-to-date: /home/luqo/Documents/Robotica/TPs/Robotica-TP6/turtlebot3_custom_simulation/install/turtlebot3_custom_simulation/share/turtlebot3_custom_simulation/environment/ament_prefix_path.dsv
[0.236s] -- Up-to-date: /home/luqo/Documents/Robotica/TPs/Robotica-TP6/turtlebot3_custom_simulation/install/turtlebot3_custom_simulation/share/turtlebot3_custom_simulation/environment/path.sh
[0.236s] -- Up-to-date: /home/luqo/Documents/Robotica/TPs/Robotica-TP6/turtlebot3_custom_simulation/install/turtlebot3_custom_simulation/share/turtlebot3_custom_simulation/environment/path.dsv
[0.236s] -- Up-to-date: /home/luqo/Documents/Robotica/TPs/Robotica-TP6/turtlebot3_custom_simulation/install/turtlebot3_custom_simulation/share/turtlebot3_custom_simulation/local_setup.bash
[0.236s] -- Up-to-date: /home/luqo/Documents/Robotica/TPs/Robotica-TP6/turtlebot3_custom_simulation/install/turtlebot3_custom_simulation/share/turtlebot3_custom_simulation/local_setup.sh
[0.236s] -- Up-to-date: /home/luqo/Documents/Robotica/TPs/Robotica-TP6/turtlebot3_custom_simulation/install/turtlebot3_custom_simulation/share/turtlebot3_custom_simulation/local_setup.zsh
[0.236s] -- Up-to-date: /home/luqo/Documents/Robotica/TPs/Robotica-TP6/turtlebot3_custom_simulation/install/turtlebot3_custom_simulation/share/turtlebot3_custom_simulation/local_setup.dsv
[0.237s] -- Installing: /home/luqo/Documents/Robotica/TPs/Robotica-TP6/turtlebot3_custom_simulation/install/turtlebot3_custom_simulation/share/turtlebot3_custom_simulation/package.dsv
[0.237s] -- Up-to-date: /home/luqo/Documents/Robotica/TPs/Robotica-TP6/turtlebot3_custom_simulation/install/turtlebot3_custom_simulation/share/ament_index/resource_index/packages/turtlebot3_custom_simulation
[0.237s] -- Up-to-date: /home/luqo/Documents/Robotica/TPs/Robotica-TP6/turtlebot3_custom_simulation/install/turtlebot3_custom_simulation/share/turtlebot3_custom_simulation/cmake/ament_cmake_export_include_directories-extras.cmake
[0.237s] -- Up-to-date: /home/luqo/Documents/Robotica/TPs/Robotica-TP6/turtlebot3_custom_simulation/install/turtlebot3_custom_simulation/share/turtlebot3_custom_simulation/cmake/ament_cmake_export_dependencies-extras.cmake
[0.237s] -- Up-to-date: /home/luqo/Documents/Robotica/TPs/Robotica-TP6/turtlebot3_custom_simulation/install/turtlebot3_custom_simulation/share/turtlebot3_custom_simulation/cmake/turtlebot3_custom_simulationConfig.cmake
[0.237s] -- Up-to-date: /home/luqo/Documents/Robotica/TPs/Robotica-TP6/turtlebot3_custom_simulation/install/turtlebot3_custom_simulation/share/turtlebot3_custom_simulation/cmake/turtlebot3_custom_simulationConfig-version.cmake
[0.237s] -- Up-to-date: /home/luqo/Documents/Robotica/TPs/Robotica-TP6/turtlebot3_custom_simulation/install/turtlebot3_custom_simulation/share/turtlebot3_custom_simulation/package.xml
[0.240s] Invoked command in '/home/luqo/Documents/Robotica/TPs/Robotica-TP6/turtlebot3_custom_simulation/build/turtlebot3_custom_simulation' returned '0': CONDA_PROMPT_MODIFIER=(ros_env) /home/luqo/miniforge3/envs/ros_env/bin/cmake --install /home/luqo/Documents/Robotica/TPs/Robotica-TP6/turtlebot3_custom_simulation/build/turtlebot3_custom_simulation
