[0.024s] Invoking command in '/home/luqo/Documents/Robotica/TPs/Robotica-TP6/turtlebot3_icp_localization/build/turtlebot3_icp_localization': CONDA_PROMPT_MODIFIER=(ros_env) /home/luqo/miniforge3/envs/ros_env/bin/cmake /home/luqo/Documents/Robotica/TPs/Robotica-TP6/turtlebot3_icp_localization -DCMAKE_INSTALL_PREFIX=/home/luqo/Documents/Robotica/TPs/Robotica-TP6/turtlebot3_icp_localization/install/turtlebot3_icp_localization
[0.533s] -- The C compiler identification is GNU 14.3.0
[1.206s] -- The CXX compiler identification is GNU 14.3.0
[1.270s] -- Detecting C compiler ABI info
[1.514s] -- Detecting C compiler ABI info - done
[1.539s] -- Check for working C compiler: /home/luqo/miniforge3/envs/ros_env/bin/x86_64-conda-linux-gnu-cc - skipped
[1.541s] -- Detecting C compile features
[1.543s] -- Detecting C compile features - done
[1.575s] -- Detecting CXX compiler ABI info
[1.842s] -- Detecting CXX compiler ABI info - done
[1.890s] -- Check for working CXX compiler: /home/luqo/miniforge3/envs/ros_env/bin/x86_64-conda-linux-gnu-c++ - skipped
[1.890s] -- Detecting CXX compile features
[1.892s] -- Detecting CXX compile features - done
[1.914s] -- Found ament_cmake: 1.3.7 (/home/luqo/miniforge3/envs/ros_env/share/ament_cmake/cmake)
[3.048s] -- Found Python3: /home/luqo/miniforge3/envs/ros_env/bin/python3.11 (found version "3.11.8") found components: Interpreter 
[3.408s] -- Found rclcpp: 16.0.8 (/home/luqo/miniforge3/envs/ros_env/share/rclcpp/cmake)
[3.617s] -- Found rosidl_generator_c: 3.1.5 (/home/luqo/miniforge3/envs/ros_env/share/rosidl_generator_c/cmake)
[3.646s] -- Found rosidl_adapter: 3.1.5 (/home/luqo/miniforge3/envs/ros_env/share/rosidl_adapter/cmake)
[3.695s] -- Found rosidl_generator_cpp: 3.1.5 (/home/luqo/miniforge3/envs/ros_env/share/rosidl_generator_cpp/cmake)
[3.758s] -- Using all available rosidl_typesupport_c: rosidl_typesupport_fastrtps_c;rosidl_typesupport_introspection_c
[3.843s] -- Using all available rosidl_typesupport_cpp: rosidl_typesupport_fastrtps_cpp;rosidl_typesupport_introspection_cpp
[4.168s] -- Checking for module 'yaml-0.1'
[4.407s] --   Found yaml-0.1, version 0.2.5
[5.184s] -- Found rmw_implementation_cmake: 6.1.1 (/home/luqo/miniforge3/envs/ros_env/share/rmw_implementation_cmake/cmake)
[5.206s] -- Found rmw_fastrtps_cpp: 6.2.6 (/home/luqo/miniforge3/envs/ros_env/share/rmw_fastrtps_cpp/cmake)
[6.462s] -- Found OpenSSL: /home/luqo/miniforge3/envs/ros_env/lib/libcrypto.so (found version "3.6.0")  
[6.577s] -- Found FastRTPS: /home/luqo/miniforge3/envs/ros_env/include  
[6.748s] -- Using RMW implementation 'rmw_fastrtps_cpp' as default
[6.799s] -- Performing Test CMAKE_HAVE_LIBC_PTHREAD
[7.039s] -- Performing Test CMAKE_HAVE_LIBC_PTHREAD - Success
[7.042s] -- Found Threads: TRUE  
[7.416s] -- Found sensor_msgs: 4.2.3 (/home/luqo/miniforge3/envs/ros_env/share/sensor_msgs/cmake)
[7.953s] -- Found nav_msgs: 4.2.3 (/home/luqo/miniforge3/envs/ros_env/share/nav_msgs/cmake)
[8.184s] -- Found tf2_ros: 0.25.5 (/home/luqo/miniforge3/envs/ros_env/share/tf2_ros/cmake)
[9.188s] -- Found pcl_conversions: 2.4.0 (/home/luqo/miniforge3/envs/ros_env/share/pcl_conversions/cmake)
[9.504s] -- Found laser_geometry: 2.4.0 (/home/luqo/miniforge3/envs/ros_env/share/laser_geometry/cmake)
[9.588s] -- Found tf2_geometry_msgs: 0.25.5 (/home/luqo/miniforge3/envs/ros_env/share/tf2_geometry_msgs/cmake)
[9.628s] -- Found Eigen3: TRUE (found version "3.4.0") 
[9.628s] -- Ensuring Eigen3 include directory is part of orocos-kdl CMake target
[9.716s] [33mCMake Warning (dev) at /home/luqo/miniforge3/envs/ros_env/share/pcl-1.13/PCLConfig.cmake:143 (find_package):
[9.716s]   Policy CMP0144 is not set: find_package uses upper-case <PACKAGENAME>_ROOT
[9.716s]   variables.  Run "cmake --help-policy CMP0144" for policy details.  Use the
[9.717s]   cmake_policy command to set the policy and suppress this warning.
[9.717s] 
[9.717s]   CMake variable EIGEN_ROOT is set to:
[9.717s] 
[9.717s]     /home/luqo/miniforge3/envs/ros_env/include/eigen3
[9.717s] 
[9.717s]   For compatibility, find_package is ignoring the variable, but code in a
[9.717s]   .cmake module might still use it.
[9.718s] Call Stack (most recent call first):
[9.718s]   /home/luqo/miniforge3/envs/ros_env/share/pcl-1.13/PCLConfig.cmake:296 (find_eigen)
[9.718s]   /home/luqo/miniforge3/envs/ros_env/share/pcl-1.13/PCLConfig.cmake:549 (find_external_library)
[9.718s]   CMakeLists.txt:22 (find_package)
[9.718s] This warning is for project developers.  Use -Wno-dev to suppress it.
[9.718s] [0m
[9.770s] -- Checking for module 'eigen3'
[10.043s] --   Found eigen3, version 3.4.0
[10.807s] -- Found Eigen: /home/luqo/miniforge3/envs/ros_env/include/eigen3 (Required is at least version "3.3") 
[10.808s] -- Eigen found (include: /home/luqo/miniforge3/envs/ros_env/include/eigen3, version: 3.4.0)
[10.866s] -- Found Boost: /home/luqo/miniforge3/envs/ros_env/lib/cmake/Boost-1.82.0/BoostConfig.cmake (found suitable version "1.82.0", minimum required is "1.65.0") found components: system filesystem iostreams 
[10.875s] [33mCMake Warning (dev) at /home/luqo/miniforge3/envs/ros_env/share/pcl-1.13/Modules/FindFLANN.cmake:45 (find_package):
[10.875s]   Policy CMP0144 is not set: find_package uses upper-case <PACKAGENAME>_ROOT
[10.875s]   variables.  Run "cmake --help-policy CMP0144" for policy details.  Use the
[10.875s]   cmake_policy command to set the policy and suppress this warning.
[10.875s] 
[10.876s]   CMake variable FLANN_ROOT is set to:
[10.876s] 
[10.876s]     /home/luqo/miniforge3/envs/ros_env
[10.876s] 
[10.876s]   For compatibility, find_package is ignoring the variable, but code in a
[10.876s]   .cmake module might still use it.
[10.876s] Call Stack (most recent call first):
[10.876s]   /home/luqo/miniforge3/envs/ros_env/share/pcl-1.13/PCLConfig.cmake:253 (find_package)
[10.877s]   /home/luqo/miniforge3/envs/ros_env/share/pcl-1.13/PCLConfig.cmake:298 (find_flann)
[10.877s]   /home/luqo/miniforge3/envs/ros_env/share/pcl-1.13/PCLConfig.cmake:549 (find_external_library)
[10.877s]   CMakeLists.txt:22 (find_package)
[10.877s] This warning is for project developers.  Use -Wno-dev to suppress it.
[10.877s] [0m
[10.882s] -- Found flann version 1.9.2
[10.988s] -- Found GLEW: /home/luqo/miniforge3/envs/ros_env/lib/libGLEW.so  
[11.006s] -- Found OpenGL: /home/luqo/miniforge3/envs/ros_env/lib/libOpenGL.so  found components: OpenGL GLX 
[11.009s] -- Found utf8cpp: /home/luqo/miniforge3/envs/ros_env/include  
[11.037s] -- Found ZLIB: /home/luqo/miniforge3/envs/ros_env/lib/libz.so (found version "1.2.13")  
[11.074s] -- Found PNG: /home/luqo/miniforge3/envs/ros_env/lib/libpng.so (found version "1.6.43") 
[11.080s] -- Found nlohmann_json: /home/luqo/miniforge3/envs/ros_env/share/cmake/nlohmann_json/nlohmann_jsonConfig.cmake (found version "3.12.0") 
[11.181s] -- Found Eigen3: /home/luqo/miniforge3/envs/ros_env/include/eigen3 (found version "3.4.0") 
[11.264s] -- Found X11: /home/luqo/miniforge3/envs/ros_env/include   
[11.266s] -- Looking for XOpenDisplay in /home/luqo/miniforge3/envs/ros_env/lib/libX11.so;/home/luqo/miniforge3/envs/ros_env/lib/libXext.so
[11.482s] -- Looking for XOpenDisplay in /home/luqo/miniforge3/envs/ros_env/lib/libX11.so;/home/luqo/miniforge3/envs/ros_env/lib/libXext.so - found
[11.482s] -- Looking for gethostbyname
[11.698s] -- Looking for gethostbyname - found
[11.698s] -- Looking for connect
[11.909s] -- Looking for connect - found
[11.910s] -- Looking for remove
[12.120s] -- Looking for remove - found
[12.120s] -- Looking for shmat
[12.324s] -- Looking for shmat - found
[12.324s] -- Looking for IceConnectionNumber in ICE
[12.533s] -- Looking for IceConnectionNumber in ICE - found
[13.616s] -- Found EXPAT: /home/luqo/miniforge3/envs/ros_env/lib/libexpat.so (found version "2.5.0") 
[13.625s] -- Found double-conversion: /home/luqo/miniforge3/envs/ros_env/lib/libdouble-conversion.so  
[13.635s] -- Found LZ4: /home/luqo/miniforge3/envs/ros_env/lib/liblz4.so (found version "1.9.4") 
[13.643s] -- Found LZMA: /home/luqo/miniforge3/envs/ros_env/lib/liblzma.so (found version "5.8.1") 
[13.873s] -- Found JPEG: /home/luqo/miniforge3/envs/ros_env/lib/libjpeg.so (found version "80") 
[13.902s] -- Found TIFF: /home/luqo/miniforge3/envs/ros_env/lib/libtiff.so (found version "4.6.0")  
[13.922s] -- Found Freetype: /home/luqo/miniforge3/envs/ros_env/lib/libfreetype.so (found version "2.12.1") 
[14.429s] -- Eigen found (include: /home/luqo/miniforge3/envs/ros_env/include/eigen3, version: 3.4.0)
[14.808s] -- Found Qhull version 8.0.2
[15.167s] -- looking for PCL_COMMON
[15.170s] -- Found PCL_COMMON: /home/luqo/miniforge3/envs/ros_env/lib/libpcl_common.so  
[15.171s] -- looking for PCL_KDTREE
[15.173s] -- Found PCL_KDTREE: /home/luqo/miniforge3/envs/ros_env/lib/libpcl_kdtree.so  
[15.174s] -- looking for PCL_OCTREE
[15.176s] -- Found PCL_OCTREE: /home/luqo/miniforge3/envs/ros_env/lib/libpcl_octree.so  
[15.176s] -- looking for PCL_SEARCH
[15.178s] -- Found PCL_SEARCH: /home/luqo/miniforge3/envs/ros_env/lib/libpcl_search.so  
[15.178s] -- looking for PCL_SAMPLE_CONSENSUS
[15.180s] -- Found PCL_SAMPLE_CONSENSUS: /home/luqo/miniforge3/envs/ros_env/lib/libpcl_sample_consensus.so  
[15.181s] -- looking for PCL_FILTERS
[15.183s] -- Found PCL_FILTERS: /home/luqo/miniforge3/envs/ros_env/lib/libpcl_filters.so  
[15.183s] -- looking for PCL_2D
[15.184s] -- Found PCL_2D: /home/luqo/miniforge3/envs/ros_env/include/pcl-1.13  
[15.184s] -- looking for PCL_GEOMETRY
[15.185s] -- Found PCL_GEOMETRY: /home/luqo/miniforge3/envs/ros_env/include/pcl-1.13  
[15.185s] -- looking for PCL_IO
[15.188s] -- Found PCL_IO: /home/luqo/miniforge3/envs/ros_env/lib/libpcl_io.so  
[15.188s] -- looking for PCL_FEATURES
[15.191s] -- Found PCL_FEATURES: /home/luqo/miniforge3/envs/ros_env/lib/libpcl_features.so  
[15.191s] -- looking for PCL_ML
[15.194s] -- Found PCL_ML: /home/luqo/miniforge3/envs/ros_env/lib/libpcl_ml.so  
[15.194s] -- looking for PCL_SEGMENTATION
[15.196s] -- Found PCL_SEGMENTATION: /home/luqo/miniforge3/envs/ros_env/lib/libpcl_segmentation.so  
[15.196s] -- looking for PCL_VISUALIZATION
[15.198s] -- Found PCL_VISUALIZATION: /home/luqo/miniforge3/envs/ros_env/lib/libpcl_visualization.so  
[15.199s] -- looking for PCL_SURFACE
[15.201s] -- Found PCL_SURFACE: /home/luqo/miniforge3/envs/ros_env/lib/libpcl_surface.so  
[15.202s] -- looking for PCL_REGISTRATION
[15.204s] -- Found PCL_REGISTRATION: /home/luqo/miniforge3/envs/ros_env/lib/libpcl_registration.so  
[15.204s] -- looking for PCL_KEYPOINTS
[15.206s] -- Found PCL_KEYPOINTS: /home/luqo/miniforge3/envs/ros_env/lib/libpcl_keypoints.so  
[15.207s] -- looking for PCL_TRACKING
[15.209s] -- Found PCL_TRACKING: /home/luqo/miniforge3/envs/ros_env/lib/libpcl_tracking.so  
[15.210s] -- looking for PCL_RECOGNITION
[15.212s] -- Found PCL_RECOGNITION: /home/luqo/miniforge3/envs/ros_env/lib/libpcl_recognition.so  
[15.213s] -- looking for PCL_STEREO
[15.216s] -- Found PCL_STEREO: /home/luqo/miniforge3/envs/ros_env/lib/libpcl_stereo.so  
[15.216s] -- looking for PCL_OUTOFCORE
[15.219s] -- Found PCL_OUTOFCORE: /home/luqo/miniforge3/envs/ros_env/lib/libpcl_outofcore.so  
[15.219s] -- looking for PCL_PEOPLE
[15.222s] -- Found PCL_PEOPLE: /home/luqo/miniforge3/envs/ros_env/lib/libpcl_people.so  
[15.224s] -- Found PCL: pcl_common;pcl_kdtree;pcl_octree;pcl_search;pcl_sample_consensus;pcl_filters;pcl_io;pcl_features;pcl_ml;pcl_segmentation;pcl_visualization;pcl_surface;pcl_registration;pcl_keypoints;pcl_tracking;pcl_recognition;pcl_stereo;pcl_outofcore;pcl_people;Boost::system;Boost::filesystem;Boost::iostreams;VTK::ChartsCore;VTK::CommonColor;VTK::CommonComputationalGeometry;VTK::CommonCore;VTK::CommonDataModel;VTK::CommonExecutionModel;VTK::CommonMath;VTK::CommonMisc;VTK::CommonTransforms;VTK::FiltersCore;VTK::FiltersExtraction;VTK::FiltersGeneral;VTK::FiltersGeometry;VTK::FiltersModeling;VTK::FiltersSources;VTK::ImagingCore;VTK::ImagingSources;VTK::InteractionImage;VTK::InteractionStyle;VTK::InteractionWidgets;VTK::IOCore;VTK::IOGeometry;VTK::IOImage;VTK::IOLegacy;VTK::IOPLY;VTK::RenderingAnnotation;VTK::RenderingCore;VTK::RenderingContext2D;VTK::RenderingLOD;VTK::RenderingFreeType;VTK::ViewsCore;VTK::ViewsContext2D;VTK::RenderingOpenGL2;VTK::RenderingContextOpenGL2;VTK::GUISupportQt;FLANN::FLANN;QHULL::QHULL  
[15.355s] -- Found ament_lint_auto: 0.12.10 (/home/luqo/miniforge3/envs/ros_env/share/ament_lint_auto/cmake)
[15.638s] -- Added test 'cppcheck' to perform static code analysis on C / C++ code
[15.638s] -- Configured cppcheck include dirs: $<BUILD_INTERFACE:/home/luqo/Documents/Robotica/TPs/Robotica-TP6/turtlebot3_icp_localization/include>
[15.638s] -- Configured cppcheck exclude dirs and/or files: 
[15.641s] -- Added test 'flake8' to check Python code syntax and style conventions
[15.646s] -- Added test 'lint_cmake' to check CMake code style
[15.648s] -- Added test 'pep257' to check Python code against some of the docstring style conventions in PEP 257
[15.663s] -- Added test 'uncrustify' to check C / C++ code style
[15.663s] -- Configured uncrustify additional arguments: 
[15.666s] -- Added test 'xmllint' to check XML markup files
[15.671s] -- Configuring done (15.6s)
[15.843s] -- Generating done (0.1s)
[15.856s] -- Build files have been written to: /home/luqo/Documents/Robotica/TPs/Robotica-TP6/turtlebot3_icp_localization/build/turtlebot3_icp_localization
[15.907s] Invoked command in '/home/luqo/Documents/Robotica/TPs/Robotica-TP6/turtlebot3_icp_localization/build/turtlebot3_icp_localization' returned '0': CONDA_PROMPT_MODIFIER=(ros_env) /home/luqo/miniforge3/envs/ros_env/bin/cmake /home/luqo/Documents/Robotica/TPs/Robotica-TP6/turtlebot3_icp_localization -DCMAKE_INSTALL_PREFIX=/home/luqo/Documents/Robotica/TPs/Robotica-TP6/turtlebot3_icp_localization/install/turtlebot3_icp_localization
[15.911s] Invoking command in '/home/luqo/Documents/Robotica/TPs/Robotica-TP6/turtlebot3_icp_localization/build/turtlebot3_icp_localization': CONDA_PROMPT_MODIFIER=(ros_env) /home/luqo/miniforge3/envs/ros_env/bin/cmake --build /home/luqo/Documents/Robotica/TPs/Robotica-TP6/turtlebot3_icp_localization/build/turtlebot3_icp_localization -- -j8 -l8
[16.020s] [ 50%] [32mBuilding CXX object CMakeFiles/icp_localizer.dir/src/icp_localizer.cpp.o[0m
[49.995s] [100%] [32m[1mLinking CXX executable icp_localizer[0m
[53.162s] [100%] Built target icp_localizer
[53.184s] Invoked command in '/home/luqo/Documents/Robotica/TPs/Robotica-TP6/turtlebot3_icp_localization/build/turtlebot3_icp_localization' returned '0': CONDA_PROMPT_MODIFIER=(ros_env) /home/luqo/miniforge3/envs/ros_env/bin/cmake --build /home/luqo/Documents/Robotica/TPs/Robotica-TP6/turtlebot3_icp_localization/build/turtlebot3_icp_localization -- -j8 -l8
[53.272s] Invoking command in '/home/luqo/Documents/Robotica/TPs/Robotica-TP6/turtlebot3_icp_localization/build/turtlebot3_icp_localization': CONDA_PROMPT_MODIFIER=(ros_env) /home/luqo/miniforge3/envs/ros_env/bin/cmake --install /home/luqo/Documents/Robotica/TPs/Robotica-TP6/turtlebot3_icp_localization/build/turtlebot3_icp_localization
[53.289s] -- Install configuration: ""
[53.289s] -- Installing: /home/luqo/Documents/Robotica/TPs/Robotica-TP6/turtlebot3_icp_localization/install/turtlebot3_icp_localization/lib/turtlebot3_icp_localization/icp_localizer
[53.292s] -- Installing: /home/luqo/Documents/Robotica/TPs/Robotica-TP6/turtlebot3_icp_localization/install/turtlebot3_icp_localization/share/turtlebot3_icp_localization/launch
[53.292s] -- Installing: /home/luqo/Documents/Robotica/TPs/Robotica-TP6/turtlebot3_icp_localization/install/turtlebot3_icp_localization/share/turtlebot3_icp_localization/launch/icp_localization.launch.py
[53.292s] -- Installing: /home/luqo/Documents/Robotica/TPs/Robotica-TP6/turtlebot3_icp_localization/install/turtlebot3_icp_localization/share/turtlebot3_icp_localization/rviz
[53.292s] -- Installing: /home/luqo/Documents/Robotica/TPs/Robotica-TP6/turtlebot3_icp_localization/install/turtlebot3_icp_localization/share/turtlebot3_icp_localization/rviz/icp.rviz
[53.295s] -- Installing: /home/luqo/Documents/Robotica/TPs/Robotica-TP6/turtlebot3_icp_localization/install/turtlebot3_icp_localization/share/ament_index/resource_index/package_run_dependencies/turtlebot3_icp_localization
[53.295s] -- Installing: /home/luqo/Documents/Robotica/TPs/Robotica-TP6/turtlebot3_icp_localization/install/turtlebot3_icp_localization/share/ament_index/resource_index/parent_prefix_path/turtlebot3_icp_localization
[53.295s] -- Installing: /home/luqo/Documents/Robotica/TPs/Robotica-TP6/turtlebot3_icp_localization/install/turtlebot3_icp_localization/share/turtlebot3_icp_localization/environment/ament_prefix_path.sh
[53.295s] -- Installing: /home/luqo/Documents/Robotica/TPs/Robotica-TP6/turtlebot3_icp_localization/install/turtlebot3_icp_localization/share/turtlebot3_icp_localization/environment/ament_prefix_path.dsv
[53.296s] -- Installing: /home/luqo/Documents/Robotica/TPs/Robotica-TP6/turtlebot3_icp_localization/install/turtlebot3_icp_localization/share/turtlebot3_icp_localization/environment/path.sh
[53.296s] -- Installing: /home/luqo/Documents/Robotica/TPs/Robotica-TP6/turtlebot3_icp_localization/install/turtlebot3_icp_localization/share/turtlebot3_icp_localization/environment/path.dsv
[53.296s] -- Installing: /home/luqo/Documents/Robotica/TPs/Robotica-TP6/turtlebot3_icp_localization/install/turtlebot3_icp_localization/share/turtlebot3_icp_localization/local_setup.bash
[53.297s] -- Installing: /home/luqo/Documents/Robotica/TPs/Robotica-TP6/turtlebot3_icp_localization/install/turtlebot3_icp_localization/share/turtlebot3_icp_localization/local_setup.sh
[53.297s] -- Installing: /home/luqo/Documents/Robotica/TPs/Robotica-TP6/turtlebot3_icp_localization/install/turtlebot3_icp_localization/share/turtlebot3_icp_localization/local_setup.zsh
[53.297s] -- Installing: /home/luqo/Documents/Robotica/TPs/Robotica-TP6/turtlebot3_icp_localization/install/turtlebot3_icp_localization/share/turtlebot3_icp_localization/local_setup.dsv
[53.297s] -- Installing: /home/luqo/Documents/Robotica/TPs/Robotica-TP6/turtlebot3_icp_localization/install/turtlebot3_icp_localization/share/turtlebot3_icp_localization/package.dsv
[53.298s] -- Installing: /home/luqo/Documents/Robotica/TPs/Robotica-TP6/turtlebot3_icp_localization/install/turtlebot3_icp_localization/share/ament_index/resource_index/packages/turtlebot3_icp_localization
[53.298s] -- Installing: /home/luqo/Documents/Robotica/TPs/Robotica-TP6/turtlebot3_icp_localization/install/turtlebot3_icp_localization/share/turtlebot3_icp_localization/cmake/turtlebot3_icp_localizationConfig.cmake
[53.298s] -- Installing: /home/luqo/Documents/Robotica/TPs/Robotica-TP6/turtlebot3_icp_localization/install/turtlebot3_icp_localization/share/turtlebot3_icp_localization/cmake/turtlebot3_icp_localizationConfig-version.cmake
[53.299s] -- Installing: /home/luqo/Documents/Robotica/TPs/Robotica-TP6/turtlebot3_icp_localization/install/turtlebot3_icp_localization/share/turtlebot3_icp_localization/package.xml
[53.304s] Invoked command in '/home/luqo/Documents/Robotica/TPs/Robotica-TP6/turtlebot3_icp_localization/build/turtlebot3_icp_localization' returned '0': CONDA_PROMPT_MODIFIER=(ros_env) /home/luqo/miniforge3/envs/ros_env/bin/cmake --install /home/luqo/Documents/Robotica/TPs/Robotica-TP6/turtlebot3_icp_localization/build/turtlebot3_icp_localization
