-- The C compiler identification is GNU 14.3.0
-- The CXX compiler identification is GNU 14.3.0
-- Detecting C compiler ABI info
-- Detecting C compiler ABI info - done
-- Check for working C compiler: /home/luqo/miniforge3/envs/ros_env/bin/x86_64-conda-linux-gnu-cc - skipped
-- Detecting C compile features
-- Detecting C compile features - done
-- Detecting CXX compiler ABI info
-- Detecting CXX compiler ABI info - done
-- Check for working CXX compiler: /home/luqo/miniforge3/envs/ros_env/bin/x86_64-conda-linux-gnu-c++ - skipped
-- Detecting CXX compile features
-- Detecting CXX compile features - done
-- Found ament_cmake: 1.3.7 (/home/luqo/miniforge3/envs/ros_env/share/ament_cmake/cmake)
-- Found Python3: /home/luqo/miniforge3/envs/ros_env/bin/python3.11 (found version "3.11.8") found components: Interpreter 
-- Found geometry_msgs: 4.2.3 (/home/luqo/miniforge3/envs/ros_env/share/geometry_msgs/cmake)
-- Found rosidl_generator_c: 3.1.5 (/home/luqo/miniforge3/envs/ros_env/share/rosidl_generator_c/cmake)
-- Found rosidl_adapter: 3.1.5 (/home/luqo/miniforge3/envs/ros_env/share/rosidl_adapter/cmake)
-- Found rosidl_generator_cpp: 3.1.5 (/home/luqo/miniforge3/envs/ros_env/share/rosidl_generator_cpp/cmake)
-- Using all available rosidl_typesupport_c: rosidl_typesupport_fastrtps_c;rosidl_typesupport_introspection_c
-- Using all available rosidl_typesupport_cpp: rosidl_typesupport_fastrtps_cpp;rosidl_typesupport_introspection_cpp
-- Found nav_msgs: 4.2.3 (/home/luqo/miniforge3/envs/ros_env/share/nav_msgs/cmake)
-- Found rclcpp: 16.0.8 (/home/luqo/miniforge3/envs/ros_env/share/rclcpp/cmake)
-- Checking for module 'yaml-0.1'
--   Found yaml-0.1, version 0.2.5
-- Found rmw_implementation_cmake: 6.1.1 (/home/luqo/miniforge3/envs/ros_env/share/rmw_implementation_cmake/cmake)
-- Found rmw_fastrtps_cpp: 6.2.6 (/home/luqo/miniforge3/envs/ros_env/share/rmw_fastrtps_cpp/cmake)
-- Found OpenSSL: /home/luqo/miniforge3/envs/ros_env/lib/libcrypto.so (found version "3.6.0")  
-- Found FastRTPS: /home/luqo/miniforge3/envs/ros_env/include  
-- Using RMW implementation 'rmw_fastrtps_cpp' as default
-- Performing Test CMAKE_HAVE_LIBC_PTHREAD
-- Performing Test CMAKE_HAVE_LIBC_PTHREAD - Success
-- Found Threads: TRUE  
-- Found sensor_msgs: 4.2.3 (/home/luqo/miniforge3/envs/ros_env/share/sensor_msgs/cmake)
-- Found tf2: 0.25.5 (/home/luqo/miniforge3/envs/ros_env/share/tf2/cmake)
-- Found tf2_msgs: 0.25.5 (/home/luqo/miniforge3/envs/ros_env/share/tf2_msgs/cmake)
-- Found turtlebot3_msgs: 2.2.3 (/home/luqo/miniforge3/envs/ros_env/share/turtlebot3_msgs/cmake)
-- Configuring done (7.7s)
-- Generating done (0.0s)
-- Build files have been written to: /home/luqo/Documents/Robotica/TPs/Robotica-TP6/turtlebot3_custom_simulation/build/turtlebot3_custom_simulation
[ 50%] [32mBuilding CXX object CMakeFiles/turtlebot3_custom_simulation.dir/src/turtlebot3_custom_simulation.cpp.o[0m
[100%] [32m[1mLinking CXX executable turtlebot3_custom_simulation[0m
[100%] Built target turtlebot3_custom_simulation
-- Install configuration: ""
-- Installing: /home/luqo/Documents/Robotica/TPs/Robotica-TP6/turtlebot3_custom_simulation/install/turtlebot3_custom_simulation/lib/turtlebot3_custom_simulation/turtlebot3_custom_simulation
-- Installing: /home/luqo/Documents/Robotica/TPs/Robotica-TP6/turtlebot3_custom_simulation/install/turtlebot3_custom_simulation/share/turtlebot3_custom_simulation/launch
-- Installing: /home/luqo/Documents/Robotica/TPs/Robotica-TP6/turtlebot3_custom_simulation/install/turtlebot3_custom_simulation/share/turtlebot3_custom_simulation/launch/custom_simulation.launch.py
-- Installing: /home/luqo/Documents/Robotica/TPs/Robotica-TP6/turtlebot3_custom_simulation/install/turtlebot3_custom_simulation/share/turtlebot3_custom_simulation/launch/custom_casa_obs2.launch.py
-- Installing: /home/luqo/Documents/Robotica/TPs/Robotica-TP6/turtlebot3_custom_simulation/install/turtlebot3_custom_simulation/share/turtlebot3_custom_simulation/launch/custom_maze.launch.py
-- Installing: /home/luqo/Documents/Robotica/TPs/Robotica-TP6/turtlebot3_custom_simulation/install/turtlebot3_custom_simulation/share/turtlebot3_custom_simulation/launch/custom_casa_obs.launch copy.py
-- Installing: /home/luqo/Documents/Robotica/TPs/Robotica-TP6/turtlebot3_custom_simulation/install/turtlebot3_custom_simulation/share/turtlebot3_custom_simulation/launch/custom_casa.launch.py
-- Installing: /home/luqo/Documents/Robotica/TPs/Robotica-TP6/turtlebot3_custom_simulation/install/turtlebot3_custom_simulation/share/turtlebot3_custom_simulation/launch/custom_room.launch.py
-- Installing: /home/luqo/Documents/Robotica/TPs/Robotica-TP6/turtlebot3_custom_simulation/install/turtlebot3_custom_simulation/share/turtlebot3_custom_simulation/param
-- Installing: /home/luqo/Documents/Robotica/TPs/Robotica-TP6/turtlebot3_custom_simulation/install/turtlebot3_custom_simulation/share/turtlebot3_custom_simulation/param/burger.yaml
-- Installing: /home/luqo/Documents/Robotica/TPs/Robotica-TP6/turtlebot3_custom_simulation/install/turtlebot3_custom_simulation/share/turtlebot3_custom_simulation/worlds
-- Installing: /home/luqo/Documents/Robotica/TPs/Robotica-TP6/turtlebot3_custom_simulation/install/turtlebot3_custom_simulation/share/turtlebot3_custom_simulation/worlds/Armchair
-- Installing: /home/luqo/Documents/Robotica/TPs/Robotica-TP6/turtlebot3_custom_simulation/install/turtlebot3_custom_simulation/share/turtlebot3_custom_simulation/worlds/Armchair/model.config
-- Installing: /home/luqo/Documents/Robotica/TPs/Robotica-TP6/turtlebot3_custom_simulation/install/turtlebot3_custom_simulation/share/turtlebot3_custom_simulation/worlds/Armchair/model.sdf
-- Installing: /home/luqo/Documents/Robotica/TPs/Robotica-TP6/turtlebot3_custom_simulation/install/turtlebot3_custom_simulation/share/turtlebot3_custom_simulation/worlds/Sofa
-- Installing: /home/luqo/Documents/Robotica/TPs/Robotica-TP6/turtlebot3_custom_simulation/install/turtlebot3_custom_simulation/share/turtlebot3_custom_simulation/worlds/Sofa/model.config
-- Installing: /home/luqo/Documents/Robotica/TPs/Robotica-TP6/turtlebot3_custom_simulation/install/turtlebot3_custom_simulation/share/turtlebot3_custom_simulation/worlds/Sofa/model.sdf
-- Installing: /home/luqo/Documents/Robotica/TPs/Robotica-TP6/turtlebot3_custom_simulation/install/turtlebot3_custom_simulation/share/turtlebot3_custom_simulation/worlds/casa.world
-- Installing: /home/luqo/Documents/Robotica/TPs/Robotica-TP6/turtlebot3_custom_simulation/install/turtlebot3_custom_simulation/share/turtlebot3_custom_simulation/worlds/Suitcase1
-- Installing: /home/luqo/Documents/Robotica/TPs/Robotica-TP6/turtlebot3_custom_simulation/install/turtlebot3_custom_simulation/share/turtlebot3_custom_simulation/worlds/Suitcase1/model.config
-- Installing: /home/luqo/Documents/Robotica/TPs/Robotica-TP6/turtlebot3_custom_simulation/install/turtlebot3_custom_simulation/share/turtlebot3_custom_simulation/worlds/Suitcase1/model.sdf
-- Installing: /home/luqo/Documents/Robotica/TPs/Robotica-TP6/turtlebot3_custom_simulation/install/turtlebot3_custom_simulation/share/turtlebot3_custom_simulation/worlds/maze.world
-- Installing: /home/luqo/Documents/Robotica/TPs/Robotica-TP6/turtlebot3_custom_simulation/install/turtlebot3_custom_simulation/share/turtlebot3_custom_simulation/worlds/casa_obs2.world
-- Installing: /home/luqo/Documents/Robotica/TPs/Robotica-TP6/turtlebot3_custom_simulation/install/turtlebot3_custom_simulation/share/turtlebot3_custom_simulation/worlds/Walls
-- Installing: /home/luqo/Documents/Robotica/TPs/Robotica-TP6/turtlebot3_custom_simulation/install/turtlebot3_custom_simulation/share/turtlebot3_custom_simulation/worlds/Walls/model.config
-- Installing: /home/luqo/Documents/Robotica/TPs/Robotica-TP6/turtlebot3_custom_simulation/install/turtlebot3_custom_simulation/share/turtlebot3_custom_simulation/worlds/Walls/model.sdf
-- Installing: /home/luqo/Documents/Robotica/TPs/Robotica-TP6/turtlebot3_custom_simulation/install/turtlebot3_custom_simulation/share/turtlebot3_custom_simulation/worlds/map
-- Installing: /home/luqo/Documents/Robotica/TPs/Robotica-TP6/turtlebot3_custom_simulation/install/turtlebot3_custom_simulation/share/turtlebot3_custom_simulation/worlds/map/map.yaml
-- Installing: /home/luqo/Documents/Robotica/TPs/Robotica-TP6/turtlebot3_custom_simulation/install/turtlebot3_custom_simulation/share/turtlebot3_custom_simulation/worlds/map/map.pgm
-- Installing: /home/luqo/Documents/Robotica/TPs/Robotica-TP6/turtlebot3_custom_simulation/install/turtlebot3_custom_simulation/share/turtlebot3_custom_simulation/worlds/HospitalBot
-- Installing: /home/luqo/Documents/Robotica/TPs/Robotica-TP6/turtlebot3_custom_simulation/install/turtlebot3_custom_simulation/share/turtlebot3_custom_simulation/worlds/HospitalBot/model.config
-- Installing: /home/luqo/Documents/Robotica/TPs/Robotica-TP6/turtlebot3_custom_simulation/install/turtlebot3_custom_simulation/share/turtlebot3_custom_simulation/worlds/HospitalBot/model.sdf
-- Installing: /home/luqo/Documents/Robotica/TPs/Robotica-TP6/turtlebot3_custom_simulation/install/turtlebot3_custom_simulation/share/turtlebot3_custom_simulation/worlds/casa_o.world
-- Installing: /home/luqo/Documents/Robotica/TPs/Robotica-TP6/turtlebot3_custom_simulation/install/turtlebot3_custom_simulation/share/turtlebot3_custom_simulation/worlds/Suitcase2H
-- Installing: /home/luqo/Documents/Robotica/TPs/Robotica-TP6/turtlebot3_custom_simulation/install/turtlebot3_custom_simulation/share/turtlebot3_custom_simulation/worlds/Suitcase2H/model.config
-- Installing: /home/luqo/Documents/Robotica/TPs/Robotica-TP6/turtlebot3_custom_simulation/install/turtlebot3_custom_simulation/share/turtlebot3_custom_simulation/worlds/Suitcase2H/model.sdf
-- Installing: /home/luqo/Documents/Robotica/TPs/Robotica-TP6/turtlebot3_custom_simulation/install/turtlebot3_custom_simulation/share/turtlebot3_custom_simulation/worlds/slippery.world
-- Installing: /home/luqo/Documents/Robotica/TPs/Robotica-TP6/turtlebot3_custom_simulation/install/turtlebot3_custom_simulation/share/turtlebot3_custom_simulation/worlds/casa_obs.world
-- Installing: /home/luqo/Documents/Robotica/TPs/Robotica-TP6/turtlebot3_custom_simulation/install/turtlebot3_custom_simulation/share/turtlebot3_custom_simulation/worlds/room.world
-- Installing: /home/luqo/Documents/Robotica/TPs/Robotica-TP6/turtlebot3_custom_simulation/install/turtlebot3_custom_simulation/include/
-- Installing: /home/luqo/Documents/Robotica/TPs/Robotica-TP6/turtlebot3_custom_simulation/install/turtlebot3_custom_simulation/include//turtlebot3_custom_simulation
-- Installing: /home/luqo/Documents/Robotica/TPs/Robotica-TP6/turtlebot3_custom_simulation/install/turtlebot3_custom_simulation/include//turtlebot3_custom_simulation/turtlebot3_custom_simulation.hpp
-- Installing: /home/luqo/Documents/Robotica/TPs/Robotica-TP6/turtlebot3_custom_simulation/install/turtlebot3_custom_simulation/share/ament_index/resource_index/package_run_dependencies/turtlebot3_custom_simulation
-- Installing: /home/luqo/Documents/Robotica/TPs/Robotica-TP6/turtlebot3_custom_simulation/install/turtlebot3_custom_simulation/share/ament_index/resource_index/parent_prefix_path/turtlebot3_custom_simulation
-- Installing: /home/luqo/Documents/Robotica/TPs/Robotica-TP6/turtlebot3_custom_simulation/install/turtlebot3_custom_simulation/share/turtlebot3_custom_simulation/environment/ament_prefix_path.sh
-- Installing: /home/luqo/Documents/Robotica/TPs/Robotica-TP6/turtlebot3_custom_simulation/install/turtlebot3_custom_simulation/share/turtlebot3_custom_simulation/environment/ament_prefix_path.dsv
-- Installing: /home/luqo/Documents/Robotica/TPs/Robotica-TP6/turtlebot3_custom_simulation/install/turtlebot3_custom_simulation/share/turtlebot3_custom_simulation/environment/path.sh
-- Installing: /home/luqo/Documents/Robotica/TPs/Robotica-TP6/turtlebot3_custom_simulation/install/turtlebot3_custom_simulation/share/turtlebot3_custom_simulation/environment/path.dsv
-- Installing: /home/luqo/Documents/Robotica/TPs/Robotica-TP6/turtlebot3_custom_simulation/install/turtlebot3_custom_simulation/share/turtlebot3_custom_simulation/local_setup.bash
-- Installing: /home/luqo/Documents/Robotica/TPs/Robotica-TP6/turtlebot3_custom_simulation/install/turtlebot3_custom_simulation/share/turtlebot3_custom_simulation/local_setup.sh
-- Installing: /home/luqo/Documents/Robotica/TPs/Robotica-TP6/turtlebot3_custom_simulation/install/turtlebot3_custom_simulation/share/turtlebot3_custom_simulation/local_setup.zsh
-- Installing: /home/luqo/Documents/Robotica/TPs/Robotica-TP6/turtlebot3_custom_simulation/install/turtlebot3_custom_simulation/share/turtlebot3_custom_simulation/local_setup.dsv
-- Installing: /home/luqo/Documents/Robotica/TPs/Robotica-TP6/turtlebot3_custom_simulation/install/turtlebot3_custom_simulation/share/turtlebot3_custom_simulation/package.dsv
-- Installing: /home/luqo/Documents/Robotica/TPs/Robotica-TP6/turtlebot3_custom_simulation/install/turtlebot3_custom_simulation/share/ament_index/resource_index/packages/turtlebot3_custom_simulation
-- Installing: /home/luqo/Documents/Robotica/TPs/Robotica-TP6/turtlebot3_custom_simulation/install/turtlebot3_custom_simulation/share/turtlebot3_custom_simulation/cmake/ament_cmake_export_include_directories-extras.cmake
-- Installing: /home/luqo/Documents/Robotica/TPs/Robotica-TP6/turtlebot3_custom_simulation/install/turtlebot3_custom_simulation/share/turtlebot3_custom_simulation/cmake/ament_cmake_export_dependencies-extras.cmake
-- Installing: /home/luqo/Documents/Robotica/TPs/Robotica-TP6/turtlebot3_custom_simulation/install/turtlebot3_custom_simulation/share/turtlebot3_custom_simulation/cmake/turtlebot3_custom_simulationConfig.cmake
-- Installing: /home/luqo/Documents/Robotica/TPs/Robotica-TP6/turtlebot3_custom_simulation/install/turtlebot3_custom_simulation/share/turtlebot3_custom_simulation/cmake/turtlebot3_custom_simulationConfig-version.cmake
-- Installing: /home/luqo/Documents/Robotica/TPs/Robotica-TP6/turtlebot3_custom_simulation/install/turtlebot3_custom_simulation/share/turtlebot3_custom_simulation/package.xml
