[0.022s] Invoking command in '/home/luqo/Documents/Robotica/TPs/Robotica-TP6/turtlebot3_custom_simulation/build/turtlebot3_custom_simulation': CONDA_PROMPT_MODIFIER=(ros_env) /home/luqo/miniforge3/envs/ros_env/bin/cmake /home/luqo/Documents/Robotica/TPs/Robotica-TP6/turtlebot3_custom_simulation -DCMAKE_INSTALL_PREFIX=/home/luqo/Documents/Robotica/TPs/Robotica-TP6/turtlebot3_custom_simulation/install/turtlebot3_custom_simulation
[0.163s] -- The C compiler identification is GNU 14.3.0
[0.483s] -- The CXX compiler identification is GNU 14.3.0
[0.535s] -- Detecting C compiler ABI info
[0.736s] -- Detecting C compiler ABI info - done
[0.781s] -- Check for working C compiler: /home/luqo/miniforge3/envs/ros_env/bin/x86_64-conda-linux-gnu-cc - skipped
[0.781s] -- Detecting C compile features
[0.782s] -- Detecting C compile features - done
[0.805s] -- Detecting CXX compiler ABI info
[1.051s] -- Detecting CXX compiler ABI info - done
[1.088s] -- Check for working CXX compiler: /home/luqo/miniforge3/envs/ros_env/bin/x86_64-conda-linux-gnu-c++ - skipped
[1.089s] -- Detecting CXX compile features
[1.090s] -- Detecting CXX compile features - done
[1.106s] -- Found ament_cmake: 1.3.7 (/home/luqo/miniforge3/envs/ros_env/share/ament_cmake/cmake)
[2.263s] -- Found Python3: /home/luqo/miniforge3/envs/ros_env/bin/python3.11 (found version "3.11.8") found components: Interpreter 
[2.571s] -- Found geometry_msgs: 4.2.3 (/home/luqo/miniforge3/envs/ros_env/share/geometry_msgs/cmake)
[2.718s] -- Found rosidl_generator_c: 3.1.5 (/home/luqo/miniforge3/envs/ros_env/share/rosidl_generator_c/cmake)
[2.743s] -- Found rosidl_adapter: 3.1.5 (/home/luqo/miniforge3/envs/ros_env/share/rosidl_adapter/cmake)
[2.778s] -- Found rosidl_generator_cpp: 3.1.5 (/home/luqo/miniforge3/envs/ros_env/share/rosidl_generator_cpp/cmake)
[2.827s] -- Using all available rosidl_typesupport_c: rosidl_typesupport_fastrtps_c;rosidl_typesupport_introspection_c
[2.900s] -- Using all available rosidl_typesupport_cpp: rosidl_typesupport_fastrtps_cpp;rosidl_typesupport_introspection_cpp
[3.224s] -- Found nav_msgs: 4.2.3 (/home/luqo/miniforge3/envs/ros_env/share/nav_msgs/cmake)
[3.429s] -- Found rclcpp: 16.0.8 (/home/luqo/miniforge3/envs/ros_env/share/rclcpp/cmake)
[3.684s] -- Checking for module 'yaml-0.1'
[3.951s] --   Found yaml-0.1, version 0.2.5
[4.719s] -- Found rmw_implementation_cmake: 6.1.1 (/home/luqo/miniforge3/envs/ros_env/share/rmw_implementation_cmake/cmake)
[4.736s] -- Found rmw_fastrtps_cpp: 6.2.6 (/home/luqo/miniforge3/envs/ros_env/share/rmw_fastrtps_cpp/cmake)
[5.884s] -- Found OpenSSL: /home/luqo/miniforge3/envs/ros_env/lib/libcrypto.so (found version "3.6.0")  
[5.986s] -- Found FastRTPS: /home/luqo/miniforge3/envs/ros_env/include  
[6.157s] -- Using RMW implementation 'rmw_fastrtps_cpp' as default
[6.199s] -- Performing Test CMAKE_HAVE_LIBC_PTHREAD
[6.400s] -- Performing Test CMAKE_HAVE_LIBC_PTHREAD - Success
[6.404s] -- Found Threads: TRUE  
[6.731s] -- Found sensor_msgs: 4.2.3 (/home/luqo/miniforge3/envs/ros_env/share/sensor_msgs/cmake)
[6.944s] -- Found tf2: 0.25.5 (/home/luqo/miniforge3/envs/ros_env/share/tf2/cmake)
[6.982s] -- Found tf2_msgs: 0.25.5 (/home/luqo/miniforge3/envs/ros_env/share/tf2_msgs/cmake)
[7.356s] -- Found turtlebot3_msgs: 2.2.3 (/home/luqo/miniforge3/envs/ros_env/share/turtlebot3_msgs/cmake)
[7.712s] -- Configuring done (7.7s)
[7.742s] -- Generating done (0.0s)
[7.747s] -- Build files have been written to: /home/luqo/Documents/Robotica/TPs/Robotica-TP6/turtlebot3_custom_simulation/build/turtlebot3_custom_simulation
[7.770s] Invoked command in '/home/luqo/Documents/Robotica/TPs/Robotica-TP6/turtlebot3_custom_simulation/build/turtlebot3_custom_simulation' returned '0': CONDA_PROMPT_MODIFIER=(ros_env) /home/luqo/miniforge3/envs/ros_env/bin/cmake /home/luqo/Documents/Robotica/TPs/Robotica-TP6/turtlebot3_custom_simulation -DCMAKE_INSTALL_PREFIX=/home/luqo/Documents/Robotica/TPs/Robotica-TP6/turtlebot3_custom_simulation/install/turtlebot3_custom_simulation
[7.772s] Invoking command in '/home/luqo/Documents/Robotica/TPs/Robotica-TP6/turtlebot3_custom_simulation/build/turtlebot3_custom_simulation': CONDA_PROMPT_MODIFIER=(ros_env) /home/luqo/miniforge3/envs/ros_env/bin/cmake --build /home/luqo/Documents/Robotica/TPs/Robotica-TP6/turtlebot3_custom_simulation/build/turtlebot3_custom_simulation -- -j8 -l8
[7.877s] [ 50%] [32mBuilding CXX object CMakeFiles/turtlebot3_custom_simulation.dir/src/turtlebot3_custom_simulation.cpp.o[0m
[31.125s] [100%] [32m[1mLinking CXX executable turtlebot3_custom_simulation[0m
[31.706s] [100%] Built target turtlebot3_custom_simulation
[31.729s] Invoked command in '/home/luqo/Documents/Robotica/TPs/Robotica-TP6/turtlebot3_custom_simulation/build/turtlebot3_custom_simulation' returned '0': CONDA_PROMPT_MODIFIER=(ros_env) /home/luqo/miniforge3/envs/ros_env/bin/cmake --build /home/luqo/Documents/Robotica/TPs/Robotica-TP6/turtlebot3_custom_simulation/build/turtlebot3_custom_simulation -- -j8 -l8
[31.817s] Invoking command in '/home/luqo/Documents/Robotica/TPs/Robotica-TP6/turtlebot3_custom_simulation/build/turtlebot3_custom_simulation': CONDA_PROMPT_MODIFIER=(ros_env) /home/luqo/miniforge3/envs/ros_env/bin/cmake --install /home/luqo/Documents/Robotica/TPs/Robotica-TP6/turtlebot3_custom_simulation/build/turtlebot3_custom_simulation
[31.839s] -- Install configuration: ""
[31.840s] -- Installing: /home/luqo/Documents/Robotica/TPs/Robotica-TP6/turtlebot3_custom_simulation/install/turtlebot3_custom_simulation/lib/turtlebot3_custom_simulation/turtlebot3_custom_simulation
[31.843s] -- Installing: /home/luqo/Documents/Robotica/TPs/Robotica-TP6/turtlebot3_custom_simulation/install/turtlebot3_custom_simulation/share/turtlebot3_custom_simulation/launch
[31.843s] -- Installing: /home/luqo/Documents/Robotica/TPs/Robotica-TP6/turtlebot3_custom_simulation/install/turtlebot3_custom_simulation/share/turtlebot3_custom_simulation/launch/custom_simulation.launch.py
[31.844s] -- Installing: /home/luqo/Documents/Robotica/TPs/Robotica-TP6/turtlebot3_custom_simulation/install/turtlebot3_custom_simulation/share/turtlebot3_custom_simulation/launch/custom_casa_obs2.launch.py
[31.844s] -- Installing: /home/luqo/Documents/Robotica/TPs/Robotica-TP6/turtlebot3_custom_simulation/install/turtlebot3_custom_simulation/share/turtlebot3_custom_simulation/launch/custom_maze.launch.py
[31.844s] -- Installing: /home/luqo/Documents/Robotica/TPs/Robotica-TP6/turtlebot3_custom_simulation/install/turtlebot3_custom_simulation/share/turtlebot3_custom_simulation/launch/custom_casa_obs.launch copy.py
[31.844s] -- Installing: /home/luqo/Documents/Robotica/TPs/Robotica-TP6/turtlebot3_custom_simulation/install/turtlebot3_custom_simulation/share/turtlebot3_custom_simulation/launch/custom_casa.launch.py
[31.848s] -- Installing: /home/luqo/Documents/Robotica/TPs/Robotica-TP6/turtlebot3_custom_simulation/install/turtlebot3_custom_simulation/share/turtlebot3_custom_simulation/launch/custom_room.launch.py
[31.848s] -- Installing: /home/luqo/Documents/Robotica/TPs/Robotica-TP6/turtlebot3_custom_simulation/install/turtlebot3_custom_simulation/share/turtlebot3_custom_simulation/param
[31.848s] -- Installing: /home/luqo/Documents/Robotica/TPs/Robotica-TP6/turtlebot3_custom_simulation/install/turtlebot3_custom_simulation/share/turtlebot3_custom_simulation/param/burger.yaml
[31.848s] -- Installing: /home/luqo/Documents/Robotica/TPs/Robotica-TP6/turtlebot3_custom_simulation/install/turtlebot3_custom_simulation/share/turtlebot3_custom_simulation/worlds
[31.848s] -- Installing: /home/luqo/Documents/Robotica/TPs/Robotica-TP6/turtlebot3_custom_simulation/install/turtlebot3_custom_simulation/share/turtlebot3_custom_simulation/worlds/Armchair
[31.848s] -- Installing: /home/luqo/Documents/Robotica/TPs/Robotica-TP6/turtlebot3_custom_simulation/install/turtlebot3_custom_simulation/share/turtlebot3_custom_simulation/worlds/Armchair/model.config
[31.848s] -- Installing: /home/luqo/Documents/Robotica/TPs/Robotica-TP6/turtlebot3_custom_simulation/install/turtlebot3_custom_simulation/share/turtlebot3_custom_simulation/worlds/Armchair/model.sdf
[31.849s] -- Installing: /home/luqo/Documents/Robotica/TPs/Robotica-TP6/turtlebot3_custom_simulation/install/turtlebot3_custom_simulation/share/turtlebot3_custom_simulation/worlds/Sofa
[31.849s] -- Installing: /home/luqo/Documents/Robotica/TPs/Robotica-TP6/turtlebot3_custom_simulation/install/turtlebot3_custom_simulation/share/turtlebot3_custom_simulation/worlds/Sofa/model.config
[31.849s] -- Installing: /home/luqo/Documents/Robotica/TPs/Robotica-TP6/turtlebot3_custom_simulation/install/turtlebot3_custom_simulation/share/turtlebot3_custom_simulation/worlds/Sofa/model.sdf
[31.849s] -- Installing: /home/luqo/Documents/Robotica/TPs/Robotica-TP6/turtlebot3_custom_simulation/install/turtlebot3_custom_simulation/share/turtlebot3_custom_simulation/worlds/casa.world
[31.849s] -- Installing: /home/luqo/Documents/Robotica/TPs/Robotica-TP6/turtlebot3_custom_simulation/install/turtlebot3_custom_simulation/share/turtlebot3_custom_simulation/worlds/Suitcase1
[31.850s] -- Installing: /home/luqo/Documents/Robotica/TPs/Robotica-TP6/turtlebot3_custom_simulation/install/turtlebot3_custom_simulation/share/turtlebot3_custom_simulation/worlds/Suitcase1/model.config
[31.850s] -- Installing: /home/luqo/Documents/Robotica/TPs/Robotica-TP6/turtlebot3_custom_simulation/install/turtlebot3_custom_simulation/share/turtlebot3_custom_simulation/worlds/Suitcase1/model.sdf
[31.850s] -- Installing: /home/luqo/Documents/Robotica/TPs/Robotica-TP6/turtlebot3_custom_simulation/install/turtlebot3_custom_simulation/share/turtlebot3_custom_simulation/worlds/maze.world
[31.850s] -- Installing: /home/luqo/Documents/Robotica/TPs/Robotica-TP6/turtlebot3_custom_simulation/install/turtlebot3_custom_simulation/share/turtlebot3_custom_simulation/worlds/casa_obs2.world
[31.851s] -- Installing: /home/luqo/Documents/Robotica/TPs/Robotica-TP6/turtlebot3_custom_simulation/install/turtlebot3_custom_simulation/share/turtlebot3_custom_simulation/worlds/Walls
[31.851s] -- Installing: /home/luqo/Documents/Robotica/TPs/Robotica-TP6/turtlebot3_custom_simulation/install/turtlebot3_custom_simulation/share/turtlebot3_custom_simulation/worlds/Walls/model.config
[31.851s] -- Installing: /home/luqo/Documents/Robotica/TPs/Robotica-TP6/turtlebot3_custom_simulation/install/turtlebot3_custom_simulation/share/turtlebot3_custom_simulation/worlds/Walls/model.sdf
[31.852s] -- Installing: /home/luqo/Documents/Robotica/TPs/Robotica-TP6/turtlebot3_custom_simulation/install/turtlebot3_custom_simulation/share/turtlebot3_custom_simulation/worlds/map
[31.852s] -- Installing: /home/luqo/Documents/Robotica/TPs/Robotica-TP6/turtlebot3_custom_simulation/install/turtlebot3_custom_simulation/share/turtlebot3_custom_simulation/worlds/map/map.yaml
[31.852s] -- Installing: /home/luqo/Documents/Robotica/TPs/Robotica-TP6/turtlebot3_custom_simulation/install/turtlebot3_custom_simulation/share/turtlebot3_custom_simulation/worlds/map/map.pgm
[31.853s] -- Installing: /home/luqo/Documents/Robotica/TPs/Robotica-TP6/turtlebot3_custom_simulation/install/turtlebot3_custom_simulation/share/turtlebot3_custom_simulation/worlds/HospitalBot
[31.853s] -- Installing: /home/luqo/Documents/Robotica/TPs/Robotica-TP6/turtlebot3_custom_simulation/install/turtlebot3_custom_simulation/share/turtlebot3_custom_simulation/worlds/HospitalBot/model.config
[31.854s] -- Installing: /home/luqo/Documents/Robotica/TPs/Robotica-TP6/turtlebot3_custom_simulation/install/turtlebot3_custom_simulation/share/turtlebot3_custom_simulation/worlds/HospitalBot/model.sdf
[31.854s] -- Installing: /home/luqo/Documents/Robotica/TPs/Robotica-TP6/turtlebot3_custom_simulation/install/turtlebot3_custom_simulation/share/turtlebot3_custom_simulation/worlds/casa_o.world
[31.855s] -- Installing: /home/luqo/Documents/Robotica/TPs/Robotica-TP6/turtlebot3_custom_simulation/install/turtlebot3_custom_simulation/share/turtlebot3_custom_simulation/worlds/Suitcase2H
[31.856s] -- Installing: /home/luqo/Documents/Robotica/TPs/Robotica-TP6/turtlebot3_custom_simulation/install/turtlebot3_custom_simulation/share/turtlebot3_custom_simulation/worlds/Suitcase2H/model.config
[31.857s] -- Installing: /home/luqo/Documents/Robotica/TPs/Robotica-TP6/turtlebot3_custom_simulation/install/turtlebot3_custom_simulation/share/turtlebot3_custom_simulation/worlds/Suitcase2H/model.sdf
[31.857s] -- Installing: /home/luqo/Documents/Robotica/TPs/Robotica-TP6/turtlebot3_custom_simulation/install/turtlebot3_custom_simulation/share/turtlebot3_custom_simulation/worlds/slippery.world
[31.857s] -- Installing: /home/luqo/Documents/Robotica/TPs/Robotica-TP6/turtlebot3_custom_simulation/install/turtlebot3_custom_simulation/share/turtlebot3_custom_simulation/worlds/casa_obs.world
[31.857s] -- Installing: /home/luqo/Documents/Robotica/TPs/Robotica-TP6/turtlebot3_custom_simulation/install/turtlebot3_custom_simulation/share/turtlebot3_custom_simulation/worlds/room.world
[31.857s] -- Installing: /home/luqo/Documents/Robotica/TPs/Robotica-TP6/turtlebot3_custom_simulation/install/turtlebot3_custom_simulation/include/
[31.857s] -- Installing: /home/luqo/Documents/Robotica/TPs/Robotica-TP6/turtlebot3_custom_simulation/install/turtlebot3_custom_simulation/include//turtlebot3_custom_simulation
[31.858s] -- Installing: /home/luqo/Documents/Robotica/TPs/Robotica-TP6/turtlebot3_custom_simulation/install/turtlebot3_custom_simulation/include//turtlebot3_custom_simulation/turtlebot3_custom_simulation.hpp
[31.858s] -- Installing: /home/luqo/Documents/Robotica/TPs/Robotica-TP6/turtlebot3_custom_simulation/install/turtlebot3_custom_simulation/share/ament_index/resource_index/package_run_dependencies/turtlebot3_custom_simulation
[31.859s] -- Installing: /home/luqo/Documents/Robotica/TPs/Robotica-TP6/turtlebot3_custom_simulation/install/turtlebot3_custom_simulation/share/ament_index/resource_index/parent_prefix_path/turtlebot3_custom_simulation
[31.860s] -- Installing: /home/luqo/Documents/Robotica/TPs/Robotica-TP6/turtlebot3_custom_simulation/install/turtlebot3_custom_simulation/share/turtlebot3_custom_simulation/environment/ament_prefix_path.sh
[31.862s] -- Installing: /home/luqo/Documents/Robotica/TPs/Robotica-TP6/turtlebot3_custom_simulation/install/turtlebot3_custom_simulation/share/turtlebot3_custom_simulation/environment/ament_prefix_path.dsv
[31.863s] -- Installing: /home/luqo/Documents/Robotica/TPs/Robotica-TP6/turtlebot3_custom_simulation/install/turtlebot3_custom_simulation/share/turtlebot3_custom_simulation/environment/path.sh
[31.863s] -- Installing: /home/luqo/Documents/Robotica/TPs/Robotica-TP6/turtlebot3_custom_simulation/install/turtlebot3_custom_simulation/share/turtlebot3_custom_simulation/environment/path.dsv
[31.863s] -- Installing: /home/luqo/Documents/Robotica/TPs/Robotica-TP6/turtlebot3_custom_simulation/install/turtlebot3_custom_simulation/share/turtlebot3_custom_simulation/local_setup.bash
[31.863s] -- Installing: /home/luqo/Documents/Robotica/TPs/Robotica-TP6/turtlebot3_custom_simulation/install/turtlebot3_custom_simulation/share/turtlebot3_custom_simulation/local_setup.sh
[31.864s] -- Installing: /home/luqo/Documents/Robotica/TPs/Robotica-TP6/turtlebot3_custom_simulation/install/turtlebot3_custom_simulation/share/turtlebot3_custom_simulation/local_setup.zsh
[31.864s] -- Installing: /home/luqo/Documents/Robotica/TPs/Robotica-TP6/turtlebot3_custom_simulation/install/turtlebot3_custom_simulation/share/turtlebot3_custom_simulation/local_setup.dsv
[31.864s] -- Installing: /home/luqo/Documents/Robotica/TPs/Robotica-TP6/turtlebot3_custom_simulation/install/turtlebot3_custom_simulation/share/turtlebot3_custom_simulation/package.dsv
[31.864s] -- Installing: /home/luqo/Documents/Robotica/TPs/Robotica-TP6/turtlebot3_custom_simulation/install/turtlebot3_custom_simulation/share/ament_index/resource_index/packages/turtlebot3_custom_simulation
[31.867s] -- Installing: /home/luqo/Documents/Robotica/TPs/Robotica-TP6/turtlebot3_custom_simulation/install/turtlebot3_custom_simulation/share/turtlebot3_custom_simulation/cmake/ament_cmake_export_include_directories-extras.cmake
[31.867s] -- Installing: /home/luqo/Documents/Robotica/TPs/Robotica-TP6/turtlebot3_custom_simulation/install/turtlebot3_custom_simulation/share/turtlebot3_custom_simulation/cmake/ament_cmake_export_dependencies-extras.cmake
[31.867s] -- Installing: /home/luqo/Documents/Robotica/TPs/Robotica-TP6/turtlebot3_custom_simulation/install/turtlebot3_custom_simulation/share/turtlebot3_custom_simulation/cmake/turtlebot3_custom_simulationConfig.cmake
[31.868s] -- Installing: /home/luqo/Documents/Robotica/TPs/Robotica-TP6/turtlebot3_custom_simulation/install/turtlebot3_custom_simulation/share/turtlebot3_custom_simulation/cmake/turtlebot3_custom_simulationConfig-version.cmake
[31.868s] -- Installing: /home/luqo/Documents/Robotica/TPs/Robotica-TP6/turtlebot3_custom_simulation/install/turtlebot3_custom_simulation/share/turtlebot3_custom_simulation/package.xml
[31.875s] Invoked command in '/home/luqo/Documents/Robotica/TPs/Robotica-TP6/turtlebot3_custom_simulation/build/turtlebot3_custom_simulation' returned '0': CONDA_PROMPT_MODIFIER=(ros_env) /home/luqo/miniforge3/envs/ros_env/bin/cmake --install /home/luqo/Documents/Robotica/TPs/Robotica-TP6/turtlebot3_custom_simulation/build/turtlebot3_custom_simulation
