[0.023s] Invoking command in '/home/luqo/Documents/Robotica/TPs/Robotica-TP6/turtlebot3_icp_localization/build/turtlebot3_icp_localization': CMAKE_PREFIX_PATH=${CMAKE_PREFIX_PATH}:/home/luqo/miniforge3/envs/ros_env CONDA_PROMPT_MODIFIER=(base) /home/luqo/miniforge3/envs/ros_env/bin/cmake --build /home/luqo/Documents/Robotica/TPs/Robotica-TP6/turtlebot3_icp_localization/build/turtlebot3_icp_localization -- -j8 -l8
[0.168s] [100%] Built target icp_localizer
[0.193s] Invoked command in '/home/luqo/Documents/Robotica/TPs/Robotica-TP6/turtlebot3_icp_localization/build/turtlebot3_icp_localization' returned '0': CMAKE_PREFIX_PATH=${CMAKE_PREFIX_PATH}:/home/luqo/miniforge3/envs/ros_env CONDA_PROMPT_MODIFIER=(base) /home/luqo/miniforge3/envs/ros_env/bin/cmake --build /home/luqo/Documents/Robotica/TPs/Robotica-TP6/turtlebot3_icp_localization/build/turtlebot3_icp_localization -- -j8 -l8
[0.261s] Invoking command in '/home/luqo/Documents/Robotica/TPs/Robotica-TP6/turtlebot3_icp_localization/build/turtlebot3_icp_localization': CMAKE_PREFIX_PATH=${CMAKE_PREFIX_PATH}:/home/luqo/miniforge3/envs/ros_env CONDA_PROMPT_MODIFIER=(base) /home/luqo/miniforge3/envs/ros_env/bin/cmake --install /home/luqo/Documents/Robotica/TPs/Robotica-TP6/turtlebot3_icp_localization/build/turtlebot3_icp_localization
[0.272s] -- Install configuration: ""
[0.273s] -- Installing: /home/luqo/Documents/Robotica/TPs/Robotica-TP6/turtlebot3_icp_localization/install/turtlebot3_icp_localization/lib/turtlebot3_icp_localization/icp_localizer
[0.275s] -- Up-to-date: /home/luqo/Documents/Robotica/TPs/Robotica-TP6/turtlebot3_icp_localization/install/turtlebot3_icp_localization/share/turtlebot3_icp_localization/launch
[0.275s] -- Up-to-date: /home/luqo/Documents/Robotica/TPs/Robotica-TP6/turtlebot3_icp_localization/install/turtlebot3_icp_localization/share/turtlebot3_icp_localization/launch/icp_localization.launch.py
[0.275s] -- Up-to-date: /home/luqo/Documents/Robotica/TPs/Robotica-TP6/turtlebot3_icp_localization/install/turtlebot3_icp_localization/share/turtlebot3_icp_localization/rviz
[0.275s] -- Up-to-date: /home/luqo/Documents/Robotica/TPs/Robotica-TP6/turtlebot3_icp_localization/install/turtlebot3_icp_localization/share/turtlebot3_icp_localization/rviz/icp.rviz
[0.275s] -- Up-to-date: /home/luqo/Documents/Robotica/TPs/Robotica-TP6/turtlebot3_icp_localization/install/turtlebot3_icp_localization/share/ament_index/resource_index/package_run_dependencies/turtlebot3_icp_localization
[0.276s] -- Up-to-date: /home/luqo/Documents/Robotica/TPs/Robotica-TP6/turtlebot3_icp_localization/install/turtlebot3_icp_localization/share/ament_index/resource_index/parent_prefix_path/turtlebot3_icp_localization
[0.276s] -- Up-to-date: /home/luqo/Documents/Robotica/TPs/Robotica-TP6/turtlebot3_icp_localization/install/turtlebot3_icp_localization/share/turtlebot3_icp_localization/environment/ament_prefix_path.sh
[0.276s] -- Up-to-date: /home/luqo/Documents/Robotica/TPs/Robotica-TP6/turtlebot3_icp_localization/install/turtlebot3_icp_localization/share/turtlebot3_icp_localization/environment/ament_prefix_path.dsv
[0.276s] -- Up-to-date: /home/luqo/Documents/Robotica/TPs/Robotica-TP6/turtlebot3_icp_localization/install/turtlebot3_icp_localization/share/turtlebot3_icp_localization/environment/path.sh
[0.276s] -- Up-to-date: /home/luqo/Documents/Robotica/TPs/Robotica-TP6/turtlebot3_icp_localization/install/turtlebot3_icp_localization/share/turtlebot3_icp_localization/environment/path.dsv
[0.276s] -- Up-to-date: /home/luqo/Documents/Robotica/TPs/Robotica-TP6/turtlebot3_icp_localization/install/turtlebot3_icp_localization/share/turtlebot3_icp_localization/local_setup.bash
[0.276s] -- Up-to-date: /home/luqo/Documents/Robotica/TPs/Robotica-TP6/turtlebot3_icp_localization/install/turtlebot3_icp_localization/share/turtlebot3_icp_localization/local_setup.sh
[0.276s] -- Up-to-date: /home/luqo/Documents/Robotica/TPs/Robotica-TP6/turtlebot3_icp_localization/install/turtlebot3_icp_localization/share/turtlebot3_icp_localization/local_setup.zsh
[0.277s] -- Up-to-date: /home/luqo/Documents/Robotica/TPs/Robotica-TP6/turtlebot3_icp_localization/install/turtlebot3_icp_localization/share/turtlebot3_icp_localization/local_setup.dsv
[0.277s] -- Installing: /home/luqo/Documents/Robotica/TPs/Robotica-TP6/turtlebot3_icp_localization/install/turtlebot3_icp_localization/share/turtlebot3_icp_localization/package.dsv
[0.277s] -- Up-to-date: /home/luqo/Documents/Robotica/TPs/Robotica-TP6/turtlebot3_icp_localization/install/turtlebot3_icp_localization/share/ament_index/resource_index/packages/turtlebot3_icp_localization
[0.277s] -- Up-to-date: /home/luqo/Documents/Robotica/TPs/Robotica-TP6/turtlebot3_icp_localization/install/turtlebot3_icp_localization/share/turtlebot3_icp_localization/cmake/turtlebot3_icp_localizationConfig.cmake
[0.277s] -- Up-to-date: /home/luqo/Documents/Robotica/TPs/Robotica-TP6/turtlebot3_icp_localization/install/turtlebot3_icp_localization/share/turtlebot3_icp_localization/cmake/turtlebot3_icp_localizationConfig-version.cmake
[0.277s] -- Up-to-date: /home/luqo/Documents/Robotica/TPs/Robotica-TP6/turtlebot3_icp_localization/install/turtlebot3_icp_localization/share/turtlebot3_icp_localization/package.xml
[0.281s] Invoked command in '/home/luqo/Documents/Robotica/TPs/Robotica-TP6/turtlebot3_icp_localization/build/turtlebot3_icp_localization' returned '0': CMAKE_PREFIX_PATH=${CMAKE_PREFIX_PATH}:/home/luqo/miniforge3/envs/ros_env CONDA_PROMPT_MODIFIER=(base) /home/luqo/miniforge3/envs/ros_env/bin/cmake --install /home/luqo/Documents/Robotica/TPs/Robotica-TP6/turtlebot3_icp_localization/build/turtlebot3_icp_localization
