[0.044s] DEBUG:colcon:Command line arguments: ['/usr/bin/colcon', 'build']
[0.044s] DEBUG:colcon:Parsed command line arguments: Namespace(log_base=None, log_level=None, verb_name='build', build_base='build', install_base='install', merge_install=False, symlink_install=False, test_result_base=None, continue_on_error=False, executor='parallel', parallel_workers=28, event_handlers=None, ignore_user_meta=False, metas=['./colcon.meta'], base_paths=['.'], packages_ignore=None, packages_ignore_regex=None, paths=None, packages_up_to=None, packages_up_to_regex=None, packages_above=None, packages_above_and_dependencies=None, packages_above_depth=None, packages_select_by_dep=None, packages_skip_by_dep=None, packages_skip_up_to=None, packages_select_build_failed=False, packages_skip_build_finished=False, packages_select_test_failures=False, packages_skip_test_passed=False, packages_select=None, packages_skip=None, packages_select_regex=None, packages_skip_regex=None, packages_start=None, packages_end=None, allow_overriding=[], cmake_args=None, cmake_target=None, cmake_target_skip_unavailable=False, cmake_clean_cache=False, cmake_clean_first=False, cmake_force_configure=False, ament_cmake_args=None, catkin_cmake_args=None, catkin_skip_building_tests=False, mixin_files=None, mixin=None, verb_parser=<colcon_mixin.mixin.mixin_argument.MixinArgumentDecorator object at 0x7b4f73e5e380>, verb_extension=<colcon_core.verb.build.BuildVerb object at 0x7b4f73e5de10>, main=<bound method BuildVerb.main of <colcon_core.verb.build.BuildVerb object at 0x7b4f73e5de10>>, mixin_verb=('build',))
[0.108s] Level 1:colcon.colcon_core.package_discovery:discover_packages(colcon_meta) check parameters
[0.109s] Level 1:colcon.colcon_core.package_discovery:discover_packages(recursive) check parameters
[0.109s] Level 1:colcon.colcon_core.package_discovery:discover_packages(ignore) check parameters
[0.109s] Level 1:colcon.colcon_core.package_discovery:discover_packages(path) check parameters
[0.109s] Level 1:colcon.colcon_core.package_discovery:discover_packages(colcon_meta) discover
[0.109s] Level 1:colcon.colcon_core.package_discovery:discover_packages(recursive) discover
[0.109s] INFO:colcon.colcon_core.package_discovery:Crawling recursively for packages in '/home/alumno1/Documents/Robotica-TP6/turtlebot3_icp_localization'
[0.109s] Level 1:colcon.colcon_core.package_identification:_identify(.) by extensions ['ignore', 'ignore_ament_install']
[0.109s] Level 1:colcon.colcon_core.package_identification:_identify(.) by extension 'ignore'
[0.109s] Level 1:colcon.colcon_core.package_identification:_identify(.) by extension 'ignore_ament_install'
[0.109s] Level 1:colcon.colcon_core.package_identification:_identify(.) by extensions ['colcon_pkg']
[0.109s] Level 1:colcon.colcon_core.package_identification:_identify(.) by extension 'colcon_pkg'
[0.109s] Level 1:colcon.colcon_core.package_identification:_identify(.) by extensions ['colcon_meta']
[0.109s] Level 1:colcon.colcon_core.package_identification:_identify(.) by extension 'colcon_meta'
[0.109s] Level 1:colcon.colcon_core.package_identification:_identify(.) by extensions ['ros']
[0.109s] Level 1:colcon.colcon_core.package_identification:_identify(.) by extension 'ros'
[0.115s] DEBUG:colcon.colcon_core.package_identification:Package '.' with type 'ros.ament_cmake' and name 'turtlebot3_icp_localization'
[0.115s] Level 1:colcon.colcon_core.package_discovery:discover_packages(recursive) using defaults
[0.115s] Level 1:colcon.colcon_core.package_discovery:discover_packages(ignore) discover
[0.115s] Level 1:colcon.colcon_core.package_discovery:discover_packages(ignore) using defaults
[0.115s] Level 1:colcon.colcon_core.package_discovery:discover_packages(path) discover
[0.115s] Level 1:colcon.colcon_core.package_discovery:discover_packages(path) using defaults
[0.127s] Level 1:colcon.colcon_core.package_discovery:discover_packages(prefix_path) check parameters
[0.127s] Level 1:colcon.colcon_core.package_discovery:discover_packages(prefix_path) discover
[0.128s] DEBUG:colcon.colcon_installed_package_information.package_discovery:Found 1 installed packages in /home/alumno1/Documents/Robotica-TP6/turtlebot3_icp_localization/install
[0.128s] DEBUG:colcon.colcon_installed_package_information.package_discovery:Found 16 installed packages in /home/alumno1/turtlebot3_ws/install
[0.129s] DEBUG:colcon.colcon_installed_package_information.package_discovery:Found 363 installed packages in /opt/ros/humble
[0.129s] Level 1:colcon.colcon_core.package_discovery:discover_packages(prefix_path) using defaults
[0.147s] Level 5:colcon.colcon_core.verb:set package 'turtlebot3_icp_localization' build argument 'cmake_args' from command line to 'None'
[0.147s] Level 5:colcon.colcon_core.verb:set package 'turtlebot3_icp_localization' build argument 'cmake_target' from command line to 'None'
[0.147s] Level 5:colcon.colcon_core.verb:set package 'turtlebot3_icp_localization' build argument 'cmake_target_skip_unavailable' from command line to 'False'
[0.147s] Level 5:colcon.colcon_core.verb:set package 'turtlebot3_icp_localization' build argument 'cmake_clean_cache' from command line to 'False'
[0.147s] Level 5:colcon.colcon_core.verb:set package 'turtlebot3_icp_localization' build argument 'cmake_clean_first' from command line to 'False'
[0.147s] Level 5:colcon.colcon_core.verb:set package 'turtlebot3_icp_localization' build argument 'cmake_force_configure' from command line to 'False'
[0.147s] Level 5:colcon.colcon_core.verb:set package 'turtlebot3_icp_localization' build argument 'ament_cmake_args' from command line to 'None'
[0.147s] Level 5:colcon.colcon_core.verb:set package 'turtlebot3_icp_localization' build argument 'catkin_cmake_args' from command line to 'None'
[0.147s] Level 5:colcon.colcon_core.verb:set package 'turtlebot3_icp_localization' build argument 'catkin_skip_building_tests' from command line to 'False'
[0.147s] DEBUG:colcon.colcon_core.verb:Building package 'turtlebot3_icp_localization' with the following arguments: {'ament_cmake_args': None, 'build_base': '/home/alumno1/Documents/Robotica-TP6/turtlebot3_icp_localization/build/turtlebot3_icp_localization', 'catkin_cmake_args': None, 'catkin_skip_building_tests': False, 'cmake_args': None, 'cmake_clean_cache': False, 'cmake_clean_first': False, 'cmake_force_configure': False, 'cmake_target': None, 'cmake_target_skip_unavailable': False, 'install_base': '/home/alumno1/Documents/Robotica-TP6/turtlebot3_icp_localization/install/turtlebot3_icp_localization', 'merge_install': False, 'path': '/home/alumno1/Documents/Robotica-TP6/turtlebot3_icp_localization', 'symlink_install': False, 'test_result_base': None}
[0.147s] INFO:colcon.colcon_core.executor:Executing jobs using 'parallel' executor
[0.148s] DEBUG:colcon.colcon_parallel_executor.executor.parallel:run_until_complete
[0.148s] INFO:colcon.colcon_ros.task.ament_cmake.build:Building ROS package in '/home/alumno1/Documents/Robotica-TP6/turtlebot3_icp_localization' with build type 'ament_cmake'
[0.148s] INFO:colcon.colcon_cmake.task.cmake.build:Building CMake package in '/home/alumno1/Documents/Robotica-TP6/turtlebot3_icp_localization'
[0.149s] INFO:colcon.colcon_core.plugin_system:Skipping extension 'colcon_core.shell.bat': Not used on non-Windows systems
[0.149s] INFO:colcon.colcon_core.shell:Skip shell extension 'powershell' for command environment: Not usable outside of PowerShell
[0.149s] DEBUG:colcon.colcon_core.shell:Skip shell extension 'dsv' for command environment
[0.154s] DEBUG:colcon.colcon_core.event_handler.log_command:Invoking command in '/home/alumno1/Documents/Robotica-TP6/turtlebot3_icp_localization/build/turtlebot3_icp_localization': CMAKE_PREFIX_PATH=${CMAKE_PREFIX_PATH}:/home/alumno1/turtlebot3_ws/install/turtlebot3_teleop:/home/alumno1/turtlebot3_ws/install/turtlebot3_example:/opt/ros/humble /usr/bin/cmake --build /home/alumno1/Documents/Robotica-TP6/turtlebot3_icp_localization/build/turtlebot3_icp_localization -- -j28 -l28
[6.299s] DEBUG:colcon.colcon_core.event_handler.log_command:Invoked command in '/home/alumno1/Documents/Robotica-TP6/turtlebot3_icp_localization/build/turtlebot3_icp_localization' returned '0': CMAKE_PREFIX_PATH=${CMAKE_PREFIX_PATH}:/home/alumno1/turtlebot3_ws/install/turtlebot3_teleop:/home/alumno1/turtlebot3_ws/install/turtlebot3_example:/opt/ros/humble /usr/bin/cmake --build /home/alumno1/Documents/Robotica-TP6/turtlebot3_icp_localization/build/turtlebot3_icp_localization -- -j28 -l28
[6.304s] DEBUG:colcon.colcon_core.event_handler.log_command:Invoking command in '/home/alumno1/Documents/Robotica-TP6/turtlebot3_icp_localization/build/turtlebot3_icp_localization': CMAKE_PREFIX_PATH=${CMAKE_PREFIX_PATH}:/home/alumno1/turtlebot3_ws/install/turtlebot3_teleop:/home/alumno1/turtlebot3_ws/install/turtlebot3_example:/opt/ros/humble /usr/bin/cmake --install /home/alumno1/Documents/Robotica-TP6/turtlebot3_icp_localization/build/turtlebot3_icp_localization
[6.311s] Level 1:colcon.colcon_core.environment:create_environment_scripts_only(turtlebot3_icp_localization)
[6.311s] DEBUG:colcon.colcon_core.event_handler.log_command:Invoked command in '/home/alumno1/Documents/Robotica-TP6/turtlebot3_icp_localization/build/turtlebot3_icp_localization' returned '0': CMAKE_PREFIX_PATH=${CMAKE_PREFIX_PATH}:/home/alumno1/turtlebot3_ws/install/turtlebot3_teleop:/home/alumno1/turtlebot3_ws/install/turtlebot3_example:/opt/ros/humble /usr/bin/cmake --install /home/alumno1/Documents/Robotica-TP6/turtlebot3_icp_localization/build/turtlebot3_icp_localization
[6.312s] Level 1:colcon.colcon_core.environment:checking '/home/alumno1/Documents/Robotica-TP6/turtlebot3_icp_localization/install/turtlebot3_icp_localization' for CMake module files
[6.312s] Level 1:colcon.colcon_core.environment:checking '/home/alumno1/Documents/Robotica-TP6/turtlebot3_icp_localization/install/turtlebot3_icp_localization' for CMake config files
[6.313s] Level 1:colcon.colcon_core.shell:create_environment_hook('turtlebot3_icp_localization', 'cmake_prefix_path')
[6.313s] INFO:colcon.colcon_core.shell:Creating environment hook '/home/alumno1/Documents/Robotica-TP6/turtlebot3_icp_localization/install/turtlebot3_icp_localization/share/turtlebot3_icp_localization/hook/cmake_prefix_path.ps1'
[6.313s] INFO:colcon.colcon_core.shell:Creating environment descriptor '/home/alumno1/Documents/Robotica-TP6/turtlebot3_icp_localization/install/turtlebot3_icp_localization/share/turtlebot3_icp_localization/hook/cmake_prefix_path.dsv'
[6.313s] INFO:colcon.colcon_core.shell:Creating environment hook '/home/alumno1/Documents/Robotica-TP6/turtlebot3_icp_localization/install/turtlebot3_icp_localization/share/turtlebot3_icp_localization/hook/cmake_prefix_path.sh'
[6.313s] Level 1:colcon.colcon_core.environment:checking '/home/alumno1/Documents/Robotica-TP6/turtlebot3_icp_localization/install/turtlebot3_icp_localization/lib'
[6.314s] Level 1:colcon.colcon_core.environment:checking '/home/alumno1/Documents/Robotica-TP6/turtlebot3_icp_localization/install/turtlebot3_icp_localization/bin'
[6.314s] Level 1:colcon.colcon_core.environment:checking '/home/alumno1/Documents/Robotica-TP6/turtlebot3_icp_localization/install/turtlebot3_icp_localization/lib/pkgconfig/turtlebot3_icp_localization.pc'
[6.314s] Level 1:colcon.colcon_core.environment:checking '/home/alumno1/Documents/Robotica-TP6/turtlebot3_icp_localization/install/turtlebot3_icp_localization/lib/python3.10/site-packages'
[6.314s] Level 1:colcon.colcon_core.environment:checking '/home/alumno1/Documents/Robotica-TP6/turtlebot3_icp_localization/install/turtlebot3_icp_localization/bin'
[6.314s] INFO:colcon.colcon_core.shell:Creating package script '/home/alumno1/Documents/Robotica-TP6/turtlebot3_icp_localization/install/turtlebot3_icp_localization/share/turtlebot3_icp_localization/package.ps1'
[6.314s] INFO:colcon.colcon_core.shell:Creating package descriptor '/home/alumno1/Documents/Robotica-TP6/turtlebot3_icp_localization/install/turtlebot3_icp_localization/share/turtlebot3_icp_localization/package.dsv'
[6.314s] INFO:colcon.colcon_core.shell:Creating package script '/home/alumno1/Documents/Robotica-TP6/turtlebot3_icp_localization/install/turtlebot3_icp_localization/share/turtlebot3_icp_localization/package.sh'
[6.315s] INFO:colcon.colcon_core.shell:Creating package script '/home/alumno1/Documents/Robotica-TP6/turtlebot3_icp_localization/install/turtlebot3_icp_localization/share/turtlebot3_icp_localization/package.bash'
[6.315s] INFO:colcon.colcon_core.shell:Creating package script '/home/alumno1/Documents/Robotica-TP6/turtlebot3_icp_localization/install/turtlebot3_icp_localization/share/turtlebot3_icp_localization/package.zsh'
[6.315s] Level 1:colcon.colcon_core.environment:create_file_with_runtime_dependencies(/home/alumno1/Documents/Robotica-TP6/turtlebot3_icp_localization/install/turtlebot3_icp_localization/share/colcon-core/packages/turtlebot3_icp_localization)
[6.315s] Level 1:colcon.colcon_core.environment:create_environment_scripts_only(turtlebot3_icp_localization)
[6.315s] Level 1:colcon.colcon_core.environment:checking '/home/alumno1/Documents/Robotica-TP6/turtlebot3_icp_localization/install/turtlebot3_icp_localization' for CMake module files
[6.316s] Level 1:colcon.colcon_core.environment:checking '/home/alumno1/Documents/Robotica-TP6/turtlebot3_icp_localization/install/turtlebot3_icp_localization' for CMake config files
[6.316s] Level 1:colcon.colcon_core.shell:create_environment_hook('turtlebot3_icp_localization', 'cmake_prefix_path')
[6.316s] INFO:colcon.colcon_core.shell:Creating environment hook '/home/alumno1/Documents/Robotica-TP6/turtlebot3_icp_localization/install/turtlebot3_icp_localization/share/turtlebot3_icp_localization/hook/cmake_prefix_path.ps1'
[6.316s] INFO:colcon.colcon_core.shell:Creating environment descriptor '/home/alumno1/Documents/Robotica-TP6/turtlebot3_icp_localization/install/turtlebot3_icp_localization/share/turtlebot3_icp_localization/hook/cmake_prefix_path.dsv'
[6.316s] INFO:colcon.colcon_core.shell:Creating environment hook '/home/alumno1/Documents/Robotica-TP6/turtlebot3_icp_localization/install/turtlebot3_icp_localization/share/turtlebot3_icp_localization/hook/cmake_prefix_path.sh'
[6.316s] Level 1:colcon.colcon_core.environment:checking '/home/alumno1/Documents/Robotica-TP6/turtlebot3_icp_localization/install/turtlebot3_icp_localization/lib'
[6.316s] Level 1:colcon.colcon_core.environment:checking '/home/alumno1/Documents/Robotica-TP6/turtlebot3_icp_localization/install/turtlebot3_icp_localization/bin'
[6.316s] Level 1:colcon.colcon_core.environment:checking '/home/alumno1/Documents/Robotica-TP6/turtlebot3_icp_localization/install/turtlebot3_icp_localization/lib/pkgconfig/turtlebot3_icp_localization.pc'
[6.316s] Level 1:colcon.colcon_core.environment:checking '/home/alumno1/Documents/Robotica-TP6/turtlebot3_icp_localization/install/turtlebot3_icp_localization/lib/python3.10/site-packages'
[6.316s] Level 1:colcon.colcon_core.environment:checking '/home/alumno1/Documents/Robotica-TP6/turtlebot3_icp_localization/install/turtlebot3_icp_localization/bin'
[6.317s] INFO:colcon.colcon_core.shell:Creating package script '/home/alumno1/Documents/Robotica-TP6/turtlebot3_icp_localization/install/turtlebot3_icp_localization/share/turtlebot3_icp_localization/package.ps1'
[6.317s] INFO:colcon.colcon_core.shell:Creating package descriptor '/home/alumno1/Documents/Robotica-TP6/turtlebot3_icp_localization/install/turtlebot3_icp_localization/share/turtlebot3_icp_localization/package.dsv'
[6.317s] INFO:colcon.colcon_core.shell:Creating package script '/home/alumno1/Documents/Robotica-TP6/turtlebot3_icp_localization/install/turtlebot3_icp_localization/share/turtlebot3_icp_localization/package.sh'
[6.317s] INFO:colcon.colcon_core.shell:Creating package script '/home/alumno1/Documents/Robotica-TP6/turtlebot3_icp_localization/install/turtlebot3_icp_localization/share/turtlebot3_icp_localization/package.bash'
[6.317s] INFO:colcon.colcon_core.shell:Creating package script '/home/alumno1/Documents/Robotica-TP6/turtlebot3_icp_localization/install/turtlebot3_icp_localization/share/turtlebot3_icp_localization/package.zsh'
[6.317s] Level 1:colcon.colcon_core.environment:create_file_with_runtime_dependencies(/home/alumno1/Documents/Robotica-TP6/turtlebot3_icp_localization/install/turtlebot3_icp_localization/share/colcon-core/packages/turtlebot3_icp_localization)
[6.317s] DEBUG:colcon.colcon_parallel_executor.executor.parallel:closing loop
[6.318s] DEBUG:colcon.colcon_parallel_executor.executor.parallel:loop closed
[6.318s] DEBUG:colcon.colcon_parallel_executor.executor.parallel:run_until_complete finished with '0'
[6.318s] DEBUG:colcon.colcon_core.event_reactor:joining thread
[6.320s] INFO:colcon.colcon_core.plugin_system:Skipping extension 'colcon_notification.desktop_notification.terminal_notifier': Not used on non-Darwin systems
[6.320s] INFO:colcon.colcon_core.plugin_system:Skipping extension 'colcon_notification.desktop_notification.win32': Not used on non-Windows systems
[6.320s] INFO:colcon.colcon_notification.desktop_notification:Sending desktop notification using 'notify2'
[6.328s] DEBUG:colcon.colcon_core.event_reactor:joined thread
[6.328s] INFO:colcon.colcon_core.shell:Creating prefix script '/home/alumno1/Documents/Robotica-TP6/turtlebot3_icp_localization/install/local_setup.ps1'
[6.329s] INFO:colcon.colcon_core.shell:Creating prefix util module '/home/alumno1/Documents/Robotica-TP6/turtlebot3_icp_localization/install/_local_setup_util_ps1.py'
[6.329s] INFO:colcon.colcon_core.shell:Creating prefix chain script '/home/alumno1/Documents/Robotica-TP6/turtlebot3_icp_localization/install/setup.ps1'
[6.330s] INFO:colcon.colcon_core.shell:Creating prefix script '/home/alumno1/Documents/Robotica-TP6/turtlebot3_icp_localization/install/local_setup.sh'
[6.330s] INFO:colcon.colcon_core.shell:Creating prefix util module '/home/alumno1/Documents/Robotica-TP6/turtlebot3_icp_localization/install/_local_setup_util_sh.py'
[6.330s] INFO:colcon.colcon_core.shell:Creating prefix chain script '/home/alumno1/Documents/Robotica-TP6/turtlebot3_icp_localization/install/setup.sh'
[6.331s] INFO:colcon.colcon_core.shell:Creating prefix script '/home/alumno1/Documents/Robotica-TP6/turtlebot3_icp_localization/install/local_setup.bash'
[6.331s] INFO:colcon.colcon_core.shell:Creating prefix chain script '/home/alumno1/Documents/Robotica-TP6/turtlebot3_icp_localization/install/setup.bash'
[6.331s] INFO:colcon.colcon_core.shell:Creating prefix script '/home/alumno1/Documents/Robotica-TP6/turtlebot3_icp_localization/install/local_setup.zsh'
[6.332s] INFO:colcon.colcon_core.shell:Creating prefix chain script '/home/alumno1/Documents/Robotica-TP6/turtlebot3_icp_localization/install/setup.zsh'
