-- The C compiler identification is GNU 14.3.0
-- The CXX compiler identification is GNU 14.3.0
-- Detecting C compiler ABI info
-- Detecting C compiler ABI info - done
-- Check for working C compiler: /home/luqo/miniforge3/envs/ros_env/bin/cc - skipped
-- Detecting C compile features
-- Detecting C compile features - done
-- Detecting CXX compiler ABI info
-- Detecting CXX compiler ABI info - done
-- Check for working CXX compiler: /home/luqo/miniforge3/envs/ros_env/bin/c++ - skipped
-- Detecting CXX compile features
-- Detecting CXX compile features - done
-- Found ament_cmake: 1.3.7 (/home/luqo/miniforge3/envs/ros_env/share/ament_cmake/cmake)
-- Found Python3: /home/luqo/miniforge3/bin/python3.12 (found version "3.12.11") found components: Interpreter 
-- Found geometry_msgs: 4.2.3 (/home/luqo/miniforge3/envs/ros_env/share/geometry_msgs/cmake)
-- Found rosidl_generator_c: 3.1.5 (/home/luqo/miniforge3/envs/ros_env/share/rosidl_generator_c/cmake)
-- Found rosidl_adapter: 3.1.5 (/home/luqo/miniforge3/envs/ros_env/share/rosidl_adapter/cmake)
-- Found rosidl_generator_cpp: 3.1.5 (/home/luqo/miniforge3/envs/ros_env/share/rosidl_generator_cpp/cmake)
-- Using all available rosidl_typesupport_c: rosidl_typesupport_fastrtps_c;rosidl_typesupport_introspection_c
-- Using all available rosidl_typesupport_cpp: rosidl_typesupport_fastrtps_cpp;rosidl_typesupport_introspection_cpp
-- Found nav_msgs: 4.2.3 (/home/luqo/miniforge3/envs/ros_env/share/nav_msgs/cmake)
-- Found rclcpp: 16.0.8 (/home/luqo/miniforge3/envs/ros_env/share/rclcpp/cmake)
-- Checking for module 'yaml-0.1'
--   Found yaml-0.1, version 0.2.5
-- Found rmw_implementation_cmake: 6.1.1 (/home/luqo/miniforge3/envs/ros_env/share/rmw_implementation_cmake/cmake)
-- Found rmw_fastrtps_cpp: 6.2.6 (/home/luqo/miniforge3/envs/ros_env/share/rmw_fastrtps_cpp/cmake)
-- Found OpenSSL: /home/luqo/miniforge3/envs/ros_env/lib/libcrypto.so (found version "3.6.0")  
-- Found FastRTPS: /home/luqo/miniforge3/envs/ros_env/include  
-- Using RMW implementation 'rmw_fastrtps_cpp' as default
-- Performing Test CMAKE_HAVE_LIBC_PTHREAD
-- Performing Test CMAKE_HAVE_LIBC_PTHREAD - Success
-- Found Threads: TRUE  
-- Found sensor_msgs: 4.2.3 (/home/luqo/miniforge3/envs/ros_env/share/sensor_msgs/cmake)
-- Found tf2: 0.25.5 (/home/luqo/miniforge3/envs/ros_env/share/tf2/cmake)
-- Found tf2_msgs: 0.25.5 (/home/luqo/miniforge3/envs/ros_env/share/tf2_msgs/cmake)
-- Found turtlebot3_msgs: 2.2.3 (/home/luqo/miniforge3/envs/ros_env/share/turtlebot3_msgs/cmake)
-- Configuring done (6.8s)
-- Generating done (0.0s)
-- Build files have been written to: /home/luqo/Documents/Robotica/TPs/Robotica-TP6/build/turtlebot3_custom_simulation
[ 50%] [32mBuilding CXX object CMakeFiles/turtlebot3_custom_simulation.dir/src/turtlebot3_custom_simulation.cpp.o[0m
[100%] [32m[1mLinking CXX executable turtlebot3_custom_simulation[0m
